2020-02-21 21:09:04,780 DEBUG (BaseJdbcLogger.java:143)- ==>  Preparing: SELECT COUNT(*) FROM DIC_CODE WHERE CODE_KEY=? 
2020-02-21 21:09:04,780 DEBUG (BaseJdbcLogger.java:143)- ==>  Preparing: SELECT COUNT(*) FROM DIC_CODE WHERE CODE_KEY=? 
2020-02-21 21:09:04,780 DEBUG (BaseJdbcLogger.java:143)- <==      Total: 2
2020-02-21 21:09:04,782 DEBUG (BaseJdbcLogger.java:143)- ==> Parameters: MENU-STS(String)
2020-02-21 21:09:04,782 DEBUG (BaseJdbcLogger.java:143)- ==> Parameters: MENU-IS_SHOW(String)
2020-02-21 21:09:04,783 DEBUG (BaseJdbcLogger.java:143)- ==>  Preparing: SELECT COUNT(*) FROM DIC_CODE WHERE CODE_KEY=? 
2020-02-21 21:09:04,783 DEBUG (BaseJdbcLogger.java:143)- ==> Parameters: MENU-IS_SHOW(String)
2020-02-21 21:09:04,784 DEBUG (BaseJdbcLogger.java:143)- <==      Total: 1
2020-02-21 21:09:04,784 DEBUG (BaseJdbcLogger.java:143)- <==      Total: 1
2020-02-21 21:09:04,785 INFO (DicCodeController.java:61)- 菜单-查询
2020-02-21 21:09:04,785 INFO (DicCodeController.java:61)- 菜单-查询
2020-02-21 21:09:04,785 DEBUG (BaseJdbcLogger.java:143)- <==      Total: 1
2020-02-21 21:09:04,785 DEBUG (BaseJdbcLogger.java:143)- <==      Total: 0
2020-02-21 21:09:04,785 INFO (DicCodeController.java:61)- 菜单-查询
2020-02-21 21:09:04,786 DEBUG (BaseJdbcLogger.java:143)- ==>  Preparing: SELECT COUNT(*) FROM DIC_CODE WHERE CODE_KEY=? 
2020-02-21 21:09:04,787 DEBUG (BaseJdbcLogger.java:143)- ==> Parameters: MENU-STS(String)
2020-02-21 21:09:04,788 DEBUG (BaseJdbcLogger.java:143)- <==      Total: 1
2020-02-21 21:09:04,789 INFO (DicCodeController.java:61)- 菜单-查询
2020-02-21 21:09:05,484 INFO (MenuController.java:55)- 菜单-查询
2020-02-21 21:09:05,488 DEBUG (BaseJdbcLogger.java:143)- ==>  Preparing: SELECT t.MENU_ID as "menuId", t.MENU_NAME as "menuName", t.PARENT_ID as "parentId", t.ICON as "icon", t.SORT as "sort", t.IS_SHOW as "isShow", '' as "isShowName", t.PERMISSSION as "permisssion", t.STS as "sts", '' as "stsName", t.REMARKS as "remarks", t.UTE_USER_NO as "uteUserNo", t.UTE_DT as "uteDt", t.CTE_USER_NO as "cteUserNo", t.CTE_DT as "cteDt" FROM MENU t limit ?, ? 
2020-02-21 21:09:05,489 DEBUG (BaseJdbcLogger.java:143)- ==> Parameters: 0(Integer), 20(Integer)
2020-02-21 21:09:05,493 DEBUG (BaseJdbcLogger.java:143)- <==      Total: 3
2020-02-21 21:09:05,494 DEBUG (BaseJdbcLogger.java:143)- ==>  Preparing: SELECT COUNT(*) FROM MENU 
2020-02-21 21:09:05,495 DEBUG (BaseJdbcLogger.java:143)- ==> Parameters: 
2020-02-21 21:09:05,496 DEBUG (BaseJdbcLogger.java:143)- <==      Total: 1
2020-02-21 21:09:05,497 INFO (MenuController.java:61)- 菜单-查询
