2020-02-21 11:49:55,943 INFO (MenuController.java:61)- 菜单-查询
2020-02-21 11:56:49,670 INFO (MenuController.java:82)- 菜单-详细
2020-02-21 11:56:49,672 DEBUG (BaseJdbcLogger.java:143)- ==>  Preparing: SELECT MENU_ID, MENU_NAME, PARENT_ID, ICON, SORT, IS_SHOW, PERMISSSION, STS, REMARKS, UTE_USER_NO, UTE_DT, CTE_USER_NO, CTE_DT FROM MENU WHERE MENU_ID=? 
2020-02-21 11:56:49,673 DEBUG (BaseJdbcLogger.java:143)- ==> Parameters: SYS1000(String)
2020-02-21 11:56:49,677 DEBUG (BaseJdbcLogger.java:143)- <==      Total: 1
2020-02-21 11:56:49,678 INFO (MenuController.java:84)- 菜单-详细
2020-02-21 11:56:49,696 INFO (DicCodeController.java:55)- 菜单-查询
2020-02-21 11:56:49,697 DEBUG (BaseJdbcLogger.java:143)- ==>  Preparing: SELECT t.UUID as "uuid", t.CODE_KEY as "codeKey", t.CODE_VALUE as "codeValue", t.CODE_NAME as "codeName", t.UTE_USER_NO as "uteUserNo", t.UTE_DT as "uteDt", t.CTE_USER_NO as "cteUserNo", t.CTE_DT as "cteDt" FROM DIC_CODE t WHERE CODE_KEY=? and CODE_VALUE=? limit ?, ? 
2020-02-21 11:56:49,698 INFO (DicCodeController.java:55)- 菜单-查询
2020-02-21 11:56:49,698 DEBUG (BaseJdbcLogger.java:143)- ==> Parameters: IS_SHOW(String), 1(String), 0(Integer), 1000(Integer)
2020-02-21 11:56:49,699 DEBUG (BaseJdbcLogger.java:143)- ==>  Preparing: SELECT t.UUID as "uuid", t.CODE_KEY as "codeKey", t.CODE_VALUE as "codeValue", t.CODE_NAME as "codeName", t.UTE_USER_NO as "uteUserNo", t.UTE_DT as "uteDt", t.CTE_USER_NO as "cteUserNo", t.CTE_DT as "cteDt" FROM DIC_CODE t WHERE CODE_KEY=? limit ?, ? 
2020-02-21 11:56:49,700 DEBUG (BaseJdbcLogger.java:143)- <==      Total: 0
2020-02-21 11:56:49,700 DEBUG (BaseJdbcLogger.java:143)- ==> Parameters: STS(String), 0(Integer), 1000(Integer)
2020-02-21 11:56:49,701 DEBUG (BaseJdbcLogger.java:143)- ==>  Preparing: SELECT COUNT(*) FROM DIC_CODE WHERE CODE_KEY=? and CODE_VALUE=? 
2020-02-21 11:56:49,701 DEBUG (BaseJdbcLogger.java:143)- <==      Total: 0
2020-02-21 11:56:49,702 DEBUG (BaseJdbcLogger.java:143)- ==> Parameters: IS_SHOW(String), 1(String)
2020-02-21 11:56:49,703 DEBUG (BaseJdbcLogger.java:143)- ==>  Preparing: SELECT COUNT(*) FROM DIC_CODE WHERE CODE_KEY=? 
2020-02-21 11:56:49,703 DEBUG (BaseJdbcLogger.java:143)- ==> Parameters: STS(String)
2020-02-21 11:56:49,703 DEBUG (BaseJdbcLogger.java:143)- <==      Total: 1
2020-02-21 11:56:49,704 INFO (DicCodeController.java:61)- 菜单-查询
2020-02-21 11:56:49,705 DEBUG (BaseJdbcLogger.java:143)- <==      Total: 1
2020-02-21 11:56:49,706 INFO (DicCodeController.java:61)- 菜单-查询
2020-02-21 12:04:39,447 INFO (StartupInfoLogger.java:55)- Starting WskApplication on zhaoqiugendeMacBook-Pro.local with PID 91984 (/Users/zhaoqiugen/gituser/wutong/wsk/out/production/classes started by zhaoqiugen in /Users/zhaoqiugen/gituser/wutong/wsk)
2020-02-21 12:04:39,478 DEBUG (StartupInfoLogger.java:56)- Running with Spring Boot v2.2.2.RELEASE, Spring v5.2.2.RELEASE
2020-02-21 12:04:39,479 INFO (SpringApplication.java:651)- No active profile set, falling back to default profiles: default
