2020-02-23 21:16:51,843 DEBUG (BaseJdbcLogger.java:143)- ==>  Preparing: SELECT COUNT(*) FROM DIC_CODE WHERE CODE_KEY=? 
2020-02-23 21:16:51,844 DEBUG (BaseJdbcLogger.java:143)- ==> Parameters: ROLE-STS(String)
2020-02-23 21:16:51,846 DEBUG (BaseJdbcLogger.java:143)- <==      Total: 0
2020-02-23 21:16:51,847 DEBUG (BaseJdbcLogger.java:143)- <==      Total: 1
2020-02-23 21:16:51,847 INFO (DicCodeController.java:61)- 菜单-查询
2020-02-23 21:16:51,848 DEBUG (BaseJdbcLogger.java:143)- ==>  Preparing: SELECT COUNT(*) FROM DIC_CODE WHERE CODE_KEY=? 
2020-02-23 21:16:51,849 DEBUG (BaseJdbcLogger.java:143)- ==> Parameters: ROLE-STS(String)
2020-02-23 21:16:51,851 DEBUG (BaseJdbcLogger.java:143)- <==      Total: 1
2020-02-23 21:16:51,852 INFO (DicCodeController.java:61)- 菜单-查询
2020-02-23 21:16:52,416 INFO (RoleController.java:55)- 菜单-查询
2020-02-23 21:16:52,420 DEBUG (BaseJdbcLogger.java:143)- ==>  Preparing: SELECT t.ROLE_ID as "roleId", t.ROLE_NAME as "roleName", t.SCOPE as "scope", t.STS as "sts", '' as "stsName", t.DEPT_ID as "deptId", t.REMARKS as "remarks", t.CTE_USER_NO as "cteUserNo", t.CTE_DT as "cteDt", t.UTE_USER_NO as "uteUserNo", t.UTE_DT as "uteDt" FROM ROLE t limit ?, ? 
2020-02-23 21:16:52,421 DEBUG (BaseJdbcLogger.java:143)- ==> Parameters: 0(Integer), 20(Integer)
2020-02-23 21:16:52,425 DEBUG (BaseJdbcLogger.java:143)- <==      Total: 1
2020-02-23 21:16:52,427 DEBUG (BaseJdbcLogger.java:143)- ==>  Preparing: SELECT COUNT(*) FROM ROLE 
2020-02-23 21:16:52,428 DEBUG (BaseJdbcLogger.java:143)- ==> Parameters: 
2020-02-23 21:16:52,430 DEBUG (BaseJdbcLogger.java:143)- <==      Total: 1
2020-02-23 21:16:52,431 INFO (RoleController.java:61)- 菜单-查询
2020-02-23 21:21:03,112 INFO (StartupInfoLogger.java:55)- Starting WskApplication on zhaoqiugendeMacBook-Pro.local with PID 15500 (/Users/zhaoqiugen/gituser/wutong/wsk/out/production/classes started by zhaoqiugen in /Users/zhaoqiugen/gituser/wutong/wsk)
2020-02-23 21:21:03,118 DEBUG (StartupInfoLogger.java:56)- Running with Spring Boot v2.2.2.RELEASE, Spring v5.2.2.RELEASE
2020-02-23 21:21:03,118 INFO (SpringApplication.java:651)- No active profile set, falling back to default profiles: default
