2020-02-21 21:22:36,822 INFO (DicCodeController.java:55)- 菜单-查询
2020-02-21 21:22:36,821 DEBUG (BaseJdbcLogger.java:143)- ==> Parameters: MENU-IS_SHOW(String), 0(Integer), 1000(Integer)
2020-02-21 21:22:36,821 DEBUG (BaseJdbcLogger.java:143)- <==      Total: 2
2020-02-21 21:22:36,821 DEBUG (BaseJdbcLogger.java:143)- ==> Parameters: MENU-STS(String), 0(Integer), 1000(Integer)
2020-02-21 21:22:36,823 DEBUG (BaseJdbcLogger.java:143)- ==>  Preparing: SELECT COUNT(*) FROM DIC_CODE WHERE CODE_KEY=? 
2020-02-21 21:22:36,823 DEBUG (BaseJdbcLogger.java:143)- ==>  Preparing: SELECT t.UUID as "uuid", t.CODE_KEY as "codeKey", t.CODE_VALUE as "codeValue", t.CODE_NAME as "codeName", t.UTE_USER_NO as "uteUserNo", t.UTE_DT as "uteDt", t.CTE_USER_NO as "cteUserNo", t.CTE_DT as "cteDt" FROM DIC_CODE t WHERE CODE_KEY=? limit ?, ? 
2020-02-21 21:22:36,824 DEBUG (BaseJdbcLogger.java:143)- <==      Total: 0
2020-02-21 21:22:36,824 DEBUG (BaseJdbcLogger.java:143)- ==> Parameters: MENU-IS_SHOW(String)
2020-02-21 21:22:36,824 DEBUG (BaseJdbcLogger.java:143)- ==> Parameters: MENU-STS(String), 0(Integer), 1000(Integer)
2020-02-21 21:22:36,824 DEBUG (BaseJdbcLogger.java:143)- <==      Total: 2
2020-02-21 21:22:36,825 DEBUG (BaseJdbcLogger.java:143)- ==>  Preparing: SELECT COUNT(*) FROM DIC_CODE WHERE CODE_KEY=? 
2020-02-21 21:22:36,825 DEBUG (BaseJdbcLogger.java:143)- ==> Parameters: MENU-STS(String)
2020-02-21 21:22:36,825 DEBUG (BaseJdbcLogger.java:143)- ==>  Preparing: SELECT COUNT(*) FROM DIC_CODE WHERE CODE_KEY=? 
2020-02-21 21:22:36,825 DEBUG (BaseJdbcLogger.java:143)- <==      Total: 1
2020-02-21 21:22:36,825 DEBUG (BaseJdbcLogger.java:143)- <==      Total: 0
2020-02-21 21:22:36,826 DEBUG (BaseJdbcLogger.java:143)- ==> Parameters: MENU-IS_SHOW(String)
2020-02-21 21:22:36,826 INFO (DicCodeController.java:61)- 菜单-查询
2020-02-21 21:22:36,826 DEBUG (BaseJdbcLogger.java:143)- ==>  Preparing: SELECT COUNT(*) FROM DIC_CODE WHERE CODE_KEY=? 
2020-02-21 21:22:36,827 DEBUG (BaseJdbcLogger.java:143)- <==      Total: 1
2020-02-21 21:22:36,827 DEBUG (BaseJdbcLogger.java:143)- ==> Parameters: MENU-STS(String)
2020-02-21 21:22:36,827 DEBUG (BaseJdbcLogger.java:143)- <==      Total: 1
2020-02-21 21:22:36,827 INFO (DicCodeController.java:61)- 菜单-查询
2020-02-21 21:22:36,828 INFO (DicCodeController.java:61)- 菜单-查询
2020-02-21 21:22:36,828 DEBUG (BaseJdbcLogger.java:143)- <==      Total: 1
