2020-02-21 20:56:08,294 DEBUG (BaseJdbcLogger.java:143)- ==> Parameters: MENU-STS(String), 0(Integer), 1000(Integer)
2020-02-21 20:56:08,294 INFO (DicCodeController.java:55)- 菜单-查询
2020-02-21 20:56:08,294 DEBUG (BaseJdbcLogger.java:143)- ==> Parameters: MENU-IS_SHOW(String), 0(Integer), 1000(Integer)
2020-02-21 20:56:08,295 DEBUG (BaseJdbcLogger.java:143)- <==      Total: 2
2020-02-21 20:56:08,296 DEBUG (BaseJdbcLogger.java:143)- ==>  Preparing: SELECT COUNT(*) FROM DIC_CODE WHERE CODE_KEY=? 
2020-02-21 20:56:08,296 DEBUG (BaseJdbcLogger.java:143)- ==>  Preparing: SELECT t.UUID as "uuid", t.CODE_KEY as "codeKey", t.CODE_VALUE as "codeValue", t.CODE_NAME as "codeName", t.UTE_USER_NO as "uteUserNo", t.UTE_DT as "uteDt", t.CTE_USER_NO as "cteUserNo", t.CTE_DT as "cteDt" FROM DIC_CODE t WHERE CODE_KEY=? limit ?, ? 
2020-02-21 20:56:08,297 DEBUG (BaseJdbcLogger.java:143)- <==      Total: 2
2020-02-21 20:56:08,297 DEBUG (BaseJdbcLogger.java:143)- <==      Total: 2
2020-02-21 20:56:08,297 DEBUG (BaseJdbcLogger.java:143)- ==> Parameters: MENU-IS_SHOW(String)
2020-02-21 20:56:08,297 DEBUG (BaseJdbcLogger.java:143)- ==> Parameters: MENU-STS(String), 0(Integer), 1000(Integer)
2020-02-21 20:56:08,298 DEBUG (BaseJdbcLogger.java:143)- ==>  Preparing: SELECT COUNT(*) FROM DIC_CODE WHERE CODE_KEY=? 
2020-02-21 20:56:08,298 DEBUG (BaseJdbcLogger.java:143)- ==>  Preparing: SELECT COUNT(*) FROM DIC_CODE WHERE CODE_KEY=? 
2020-02-21 20:56:08,298 DEBUG (BaseJdbcLogger.java:143)- <==      Total: 1
2020-02-21 20:56:08,298 DEBUG (BaseJdbcLogger.java:143)- ==> Parameters: MENU-STS(String)
2020-02-21 20:56:08,298 DEBUG (BaseJdbcLogger.java:143)- <==      Total: 2
2020-02-21 20:56:08,298 DEBUG (BaseJdbcLogger.java:143)- ==> Parameters: MENU-IS_SHOW(String)
2020-02-21 20:56:08,299 INFO (DicCodeController.java:61)- 菜单-查询
2020-02-21 20:56:08,299 DEBUG (BaseJdbcLogger.java:143)- ==>  Preparing: SELECT COUNT(*) FROM DIC_CODE WHERE CODE_KEY=? 
2020-02-21 20:56:08,300 DEBUG (BaseJdbcLogger.java:143)- <==      Total: 1
2020-02-21 20:56:08,300 DEBUG (BaseJdbcLogger.java:143)- ==> Parameters: MENU-STS(String)
2020-02-21 20:56:08,300 INFO (DicCodeController.java:61)- 菜单-查询
2020-02-21 20:56:08,300 DEBUG (BaseJdbcLogger.java:143)- <==      Total: 1
2020-02-21 20:56:08,301 INFO (DicCodeController.java:61)- 菜单-查询
2020-02-21 20:56:08,302 DEBUG (BaseJdbcLogger.java:143)- <==      Total: 1
