2020-02-22 10:57:59,613 DEBUG (BaseJdbcLogger.java:143)- <==      Total: 2
2020-02-22 10:57:59,613 DEBUG (BaseJdbcLogger.java:143)- <==      Total: 2
2020-02-22 10:57:59,613 DEBUG (BaseJdbcLogger.java:143)- <==      Total: 2
2020-02-22 10:57:59,614 DEBUG (BaseJdbcLogger.java:143)- ==>  Preparing: SELECT COUNT(*) FROM DIC_CODE WHERE CODE_KEY=? 
2020-02-22 10:57:59,614 DEBUG (BaseJdbcLogger.java:143)- ==>  Preparing: SELECT COUNT(*) FROM DIC_CODE WHERE CODE_KEY=? 
2020-02-22 10:57:59,614 DEBUG (BaseJdbcLogger.java:143)- ==>  Preparing: SELECT COUNT(*) FROM DIC_CODE WHERE CODE_KEY=? 
2020-02-22 10:57:59,614 DEBUG (BaseJdbcLogger.java:143)- ==>  Preparing: SELECT COUNT(*) FROM DIC_CODE WHERE CODE_KEY=? 
2020-02-22 10:57:59,614 DEBUG (BaseJdbcLogger.java:143)- ==> Parameters: MENU-IS_SHOW(String)
2020-02-22 10:57:59,615 DEBUG (BaseJdbcLogger.java:143)- ==> Parameters: MENU-STS(String)
2020-02-22 10:57:59,615 DEBUG (BaseJdbcLogger.java:143)- ==> Parameters: MENU-IS_SHOW(String)
2020-02-22 10:57:59,615 DEBUG (BaseJdbcLogger.java:143)- ==> Parameters: MENU-STS(String)
2020-02-22 10:57:59,616 DEBUG (BaseJdbcLogger.java:143)- <==      Total: 1
2020-02-22 10:57:59,616 DEBUG (BaseJdbcLogger.java:143)- <==      Total: 1
2020-02-22 10:57:59,616 DEBUG (BaseJdbcLogger.java:143)- <==      Total: 1
2020-02-22 10:57:59,616 DEBUG (BaseJdbcLogger.java:143)- <==      Total: 1
2020-02-22 10:57:59,616 INFO (DicCodeController.java:61)- 菜单-查询
2020-02-22 10:57:59,616 INFO (DicCodeController.java:61)- 菜单-查询
2020-02-22 10:57:59,617 INFO (DicCodeController.java:61)- 菜单-查询
2020-02-22 10:57:59,617 INFO (DicCodeController.java:61)- 菜单-查询
2020-02-22 10:58:00,338 INFO (MenuController.java:55)- 菜单-查询
2020-02-22 10:58:00,342 DEBUG (BaseJdbcLogger.java:143)- ==>  Preparing: SELECT t.MENU_ID as "menuId", t.MENU_NAME as "menuName", t.PARENT_ID as "parentId", t.ICON as "icon", t.SORT as "sort", t.IS_SHOW as "isShow", '' as "isShowName", t.PERMISSSION as "permisssion", t.STS as "sts", '' as "stsName", t.REMARKS as "remarks", t.UTE_USER_NO as "uteUserNo", t.UTE_DT as "uteDt", t.CTE_USER_NO as "cteUserNo", t.CTE_DT as "cteDt" FROM MENU t limit ?, ? 
2020-02-22 10:58:00,343 DEBUG (BaseJdbcLogger.java:143)- ==> Parameters: 0(Integer), 20(Integer)
2020-02-22 10:58:00,347 DEBUG (BaseJdbcLogger.java:143)- <==      Total: 3
2020-02-22 10:58:00,348 DEBUG (BaseJdbcLogger.java:143)- ==>  Preparing: SELECT COUNT(*) FROM MENU 
2020-02-22 10:58:00,348 DEBUG (BaseJdbcLogger.java:143)- ==> Parameters: 
2020-02-22 10:58:00,350 DEBUG (BaseJdbcLogger.java:143)- <==      Total: 1
2020-02-22 10:58:00,350 INFO (MenuController.java:61)- 菜单-查询
