2020-02-21 21:23:04,201 DEBUG (BaseJdbcLogger.java:143)- <==      Total: 1
2020-02-21 21:23:04,201 DEBUG (BaseJdbcLogger.java:143)- <==      Total: 0
2020-02-21 21:23:04,201 DEBUG (BaseJdbcLogger.java:143)- <==      Total: 1
2020-02-21 21:23:04,203 INFO (DicCodeController.java:61)- 菜单-查询
2020-02-21 21:23:04,203 INFO (DicCodeController.java:61)- 菜单-查询
2020-02-21 21:23:04,201 DEBUG (BaseJdbcLogger.java:143)- <==      Total: 1
2020-02-21 21:23:04,203 DEBUG (BaseJdbcLogger.java:143)- ==>  Preparing: SELECT COUNT(*) FROM DIC_CODE WHERE CODE_KEY=? 
2020-02-21 21:23:04,204 INFO (DicCodeController.java:61)- 菜单-查询
2020-02-21 21:23:04,204 DEBUG (BaseJdbcLogger.java:143)- ==> Parameters: MENU-STS(String)
2020-02-21 21:23:04,205 DEBUG (BaseJdbcLogger.java:143)- <==      Total: 1
2020-02-21 21:23:04,206 INFO (DicCodeController.java:61)- 菜单-查询
2020-02-21 21:23:04,909 INFO (MenuController.java:55)- 菜单-查询
2020-02-21 21:23:04,909 DEBUG (BaseJdbcLogger.java:143)- ==>  Preparing: SELECT t.MENU_ID as "menuId", t.MENU_NAME as "menuName", t.PARENT_ID as "parentId", t.ICON as "icon", t.SORT as "sort", t.IS_SHOW as "isShow", '' as "isShowName", t.PERMISSSION as "permisssion", t.STS as "sts", '' as "stsName", t.REMARKS as "remarks", t.UTE_USER_NO as "uteUserNo", t.UTE_DT as "uteDt", t.CTE_USER_NO as "cteUserNo", t.CTE_DT as "cteDt" FROM MENU t limit ?, ? 
2020-02-21 21:23:04,910 DEBUG (BaseJdbcLogger.java:143)- ==> Parameters: 0(Integer), 20(Integer)
2020-02-21 21:23:04,912 DEBUG (BaseJdbcLogger.java:143)- <==      Total: 3
2020-02-21 21:23:04,913 DEBUG (BaseJdbcLogger.java:143)- ==>  Preparing: SELECT COUNT(*) FROM MENU 
2020-02-21 21:23:04,913 DEBUG (BaseJdbcLogger.java:143)- ==> Parameters: 
2020-02-21 21:23:04,914 DEBUG (BaseJdbcLogger.java:143)- <==      Total: 1
2020-02-21 21:23:04,915 INFO (MenuController.java:61)- 菜单-查询
2020-02-21 21:23:27,621 INFO (StartupInfoLogger.java:55)- Starting WskApplication on zhaoqiugendeMacBook-Pro.local with PID 56390 (/Users/zhaoqiugen/gituser/wutong/wsk/out/production/classes started by zhaoqiugen in /Users/zhaoqiugen/gituser/wutong/wsk)
2020-02-21 21:23:27,628 DEBUG (StartupInfoLogger.java:56)- Running with Spring Boot v2.2.2.RELEASE, Spring v5.2.2.RELEASE
2020-02-21 21:23:27,629 INFO (SpringApplication.java:651)- No active profile set, falling back to default profiles: default
