2020-02-20 20:46:49,475 DEBUG (BaseJdbcLogger.java:143)- <==      Total: 2
2020-02-20 20:46:49,474 DEBUG (BaseJdbcLogger.java:143)- <==      Total: 2
2020-02-20 20:46:49,475 DEBUG (BaseJdbcLogger.java:143)- ==> Parameters: MENU-STS(String), 0(Integer), 1000(Integer)
2020-02-20 20:46:49,474 DEBUG (BaseJdbcLogger.java:143)- <==      Total: 2
2020-02-20 20:46:49,476 DEBUG (BaseJdbcLogger.java:143)- ==>  Preparing: SELECT COUNT(*) FROM DIC_CODE WHERE CODE_KEY=? 
2020-02-20 20:46:49,476 DEBUG (BaseJdbcLogger.java:143)- ==>  Preparing: SELECT COUNT(*) FROM DIC_CODE WHERE CODE_KEY=? 
2020-02-20 20:46:49,476 DEBUG (BaseJdbcLogger.java:143)- ==>  Preparing: SELECT COUNT(*) FROM DIC_CODE WHERE CODE_KEY=? 
2020-02-20 20:46:49,476 DEBUG (BaseJdbcLogger.java:143)- <==      Total: 2
2020-02-20 20:46:49,476 DEBUG (BaseJdbcLogger.java:143)- ==> Parameters: MENU-IS_SHOW(String)
2020-02-20 20:46:49,476 DEBUG (BaseJdbcLogger.java:143)- ==> Parameters: MENU-STS(String)
2020-02-20 20:46:49,476 DEBUG (BaseJdbcLogger.java:143)- ==> Parameters: MENU-IS_SHOW(String)
2020-02-20 20:46:49,477 DEBUG (BaseJdbcLogger.java:143)- ==>  Preparing: SELECT COUNT(*) FROM DIC_CODE WHERE CODE_KEY=? 
2020-02-20 20:46:49,477 DEBUG (BaseJdbcLogger.java:143)- <==      Total: 1
2020-02-20 20:46:49,477 DEBUG (BaseJdbcLogger.java:143)- <==      Total: 1
2020-02-20 20:46:49,477 DEBUG (BaseJdbcLogger.java:143)- <==      Total: 1
2020-02-20 20:46:49,478 DEBUG (BaseJdbcLogger.java:143)- ==> Parameters: MENU-STS(String)
2020-02-20 20:46:49,478 INFO (DicCodeController.java:61)- 菜单-查询
2020-02-20 20:46:49,478 INFO (DicCodeController.java:61)- 菜单-查询
2020-02-20 20:46:49,478 INFO (DicCodeController.java:61)- 菜单-查询
2020-02-20 20:46:49,479 DEBUG (BaseJdbcLogger.java:143)- <==      Total: 1
2020-02-20 20:46:49,479 INFO (DicCodeController.java:61)- 菜单-查询
2020-02-20 20:46:50,136 INFO (MenuController.java:55)- 菜单-查询
2020-02-20 20:46:50,138 DEBUG (BaseJdbcLogger.java:143)- ==>  Preparing: SELECT t.MENU_ID as "menuId", t.MENU_NAME as "menuName", t.PARENT_ID as "parentId", t.ICON as "icon", t.SORT as "sort", t.IS_SHOW as "isShow", t.PERMISSSION as "permisssion", t.STS as "sts", t.REMARKS as "remarks", t.UTE_USER_NO as "uteUserNo", t.UTE_DT as "uteDt", t.CTE_USER_NO as "cteUserNo", t.CTE_DT as "cteDt" FROM MENU t limit ?, ? 
2020-02-20 20:46:50,139 DEBUG (BaseJdbcLogger.java:143)- ==> Parameters: 0(Integer), 20(Integer)
2020-02-20 20:46:50,142 DEBUG (BaseJdbcLogger.java:143)- <==      Total: 1
2020-02-20 20:46:50,143 DEBUG (BaseJdbcLogger.java:143)- ==>  Preparing: SELECT COUNT(*) FROM MENU 
2020-02-20 20:46:50,144 DEBUG (BaseJdbcLogger.java:143)- ==> Parameters: 
2020-02-20 20:46:50,145 DEBUG (BaseJdbcLogger.java:143)- <==      Total: 1
2020-02-20 20:46:50,146 INFO (MenuController.java:61)- 菜单-查询
