2020-02-21 17:38:23,712 DEBUG (BaseJdbcLogger.java:143)- <==      Total: 2
2020-02-21 17:38:23,713 DEBUG (BaseJdbcLogger.java:143)- ==> Parameters: MENU-STS(String), 0(Integer), 1000(Integer)
2020-02-21 17:38:23,712 DEBUG (BaseJdbcLogger.java:143)- <==      Total: 2
2020-02-21 17:38:23,714 DEBUG (BaseJdbcLogger.java:143)- <==      Total: 2
2020-02-21 17:38:23,714 DEBUG (BaseJdbcLogger.java:143)- ==>  Preparing: SELECT COUNT(*) FROM DIC_CODE WHERE CODE_KEY=? 
2020-02-21 17:38:23,714 DEBUG (BaseJdbcLogger.java:143)- ==>  Preparing: SELECT COUNT(*) FROM DIC_CODE WHERE CODE_KEY=? 
2020-02-21 17:38:23,714 DEBUG (BaseJdbcLogger.java:143)- ==> Parameters: MENU-IS_SHOW(String)
2020-02-21 17:38:23,714 DEBUG (BaseJdbcLogger.java:143)- ==> Parameters: MENU-IS_SHOW(String)
2020-02-21 17:38:23,714 DEBUG (BaseJdbcLogger.java:143)- ==>  Preparing: SELECT COUNT(*) FROM DIC_CODE WHERE CODE_KEY=? 
2020-02-21 17:38:23,714 DEBUG (BaseJdbcLogger.java:143)- <==      Total: 2
2020-02-21 17:38:23,715 DEBUG (BaseJdbcLogger.java:143)- ==> Parameters: MENU-STS(String)
2020-02-21 17:38:23,715 DEBUG (BaseJdbcLogger.java:143)- ==>  Preparing: SELECT COUNT(*) FROM DIC_CODE WHERE CODE_KEY=? 
2020-02-21 17:38:23,715 DEBUG (BaseJdbcLogger.java:143)- <==      Total: 1
2020-02-21 17:38:23,715 DEBUG (BaseJdbcLogger.java:143)- <==      Total: 1
2020-02-21 17:38:23,716 INFO (DicCodeController.java:61)- 菜单-查询
2020-02-21 17:38:23,716 INFO (DicCodeController.java:61)- 菜单-查询
2020-02-21 17:38:23,716 DEBUG (BaseJdbcLogger.java:143)- ==> Parameters: MENU-STS(String)
2020-02-21 17:38:23,716 DEBUG (BaseJdbcLogger.java:143)- <==      Total: 1
2020-02-21 17:38:23,716 INFO (DicCodeController.java:61)- 菜单-查询
2020-02-21 17:38:23,717 DEBUG (BaseJdbcLogger.java:143)- <==      Total: 1
2020-02-21 17:38:23,718 INFO (DicCodeController.java:61)- 菜单-查询
2020-02-21 17:38:24,151 INFO (MenuController.java:55)- 菜单-查询
2020-02-21 17:38:24,152 DEBUG (BaseJdbcLogger.java:143)- ==>  Preparing: SELECT t.MENU_ID as "menuId", t.MENU_NAME as "menuName", t.PARENT_ID as "parentId", t.ICON as "icon", t.SORT as "sort", t.IS_SHOW as "isShow", '' as "isShowName", t.PERMISSSION as "permisssion", t.STS as "sts", '' as "stsName", t.REMARKS as "remarks", t.UTE_USER_NO as "uteUserNo", t.UTE_DT as "uteDt", t.CTE_USER_NO as "cteUserNo", t.CTE_DT as "cteDt" FROM MENU t limit ?, ? 
2020-02-21 17:38:24,152 DEBUG (BaseJdbcLogger.java:143)- ==> Parameters: 0(Integer), 20(Integer)
2020-02-21 17:38:24,155 DEBUG (BaseJdbcLogger.java:143)- <==      Total: 3
2020-02-21 17:38:24,157 DEBUG (BaseJdbcLogger.java:143)- ==>  Preparing: SELECT COUNT(*) FROM MENU 
2020-02-21 17:38:24,158 DEBUG (BaseJdbcLogger.java:143)- ==> Parameters: 
2020-02-21 17:38:24,160 DEBUG (BaseJdbcLogger.java:143)- <==      Total: 1
2020-02-21 17:38:24,161 INFO (MenuController.java:61)- 菜单-查询
