2020-02-22 11:12:30,049 DEBUG (BaseJdbcLogger.java:143)- ==> Parameters: MENU-IS_SHOW(String), 0(Integer), 1000(Integer)
2020-02-22 11:12:30,049 DEBUG (BaseJdbcLogger.java:143)- ==> Parameters: MENU-STS(String), 0(Integer), 1000(Integer)
2020-02-22 11:12:30,050 DEBUG (BaseJdbcLogger.java:143)- ==> Parameters: MENU-IS_SHOW(String), 0(Integer), 1000(Integer)
2020-02-22 11:12:30,049 DEBUG (BaseJdbcLogger.java:143)- ==> Parameters: MENU-STS(String), 0(Integer), 1000(Integer)
2020-02-22 11:12:30,052 DEBUG (BaseJdbcLogger.java:143)- <==      Total: 2
2020-02-22 11:12:30,052 DEBUG (BaseJdbcLogger.java:143)- <==      Total: 2
2020-02-22 11:12:30,052 DEBUG (BaseJdbcLogger.java:143)- <==      Total: 2
2020-02-22 11:12:30,052 DEBUG (BaseJdbcLogger.java:143)- <==      Total: 2
2020-02-22 11:12:30,053 DEBUG (BaseJdbcLogger.java:143)- ==>  Preparing: SELECT COUNT(*) FROM DIC_CODE WHERE CODE_KEY=? 
2020-02-22 11:12:30,053 DEBUG (BaseJdbcLogger.java:143)- ==>  Preparing: SELECT COUNT(*) FROM DIC_CODE WHERE CODE_KEY=? 
2020-02-22 11:12:30,053 DEBUG (BaseJdbcLogger.java:143)- ==>  Preparing: SELECT COUNT(*) FROM DIC_CODE WHERE CODE_KEY=? 
2020-02-22 11:12:30,053 DEBUG (BaseJdbcLogger.java:143)- ==>  Preparing: SELECT COUNT(*) FROM DIC_CODE WHERE CODE_KEY=? 
2020-02-22 11:12:30,054 DEBUG (BaseJdbcLogger.java:143)- ==> Parameters: MENU-IS_SHOW(String)
2020-02-22 11:12:30,054 DEBUG (BaseJdbcLogger.java:143)- ==> Parameters: MENU-STS(String)
2020-02-22 11:12:30,054 DEBUG (BaseJdbcLogger.java:143)- ==> Parameters: MENU-IS_SHOW(String)
2020-02-22 11:12:30,054 DEBUG (BaseJdbcLogger.java:143)- ==> Parameters: MENU-STS(String)
2020-02-22 11:12:30,055 DEBUG (BaseJdbcLogger.java:143)- <==      Total: 1
2020-02-22 11:12:30,055 DEBUG (BaseJdbcLogger.java:143)- <==      Total: 1
2020-02-22 11:12:30,055 DEBUG (BaseJdbcLogger.java:143)- <==      Total: 1
2020-02-22 11:12:30,055 DEBUG (BaseJdbcLogger.java:143)- <==      Total: 1
2020-02-22 11:12:30,056 INFO (DicCodeController.java:61)- 菜单-查询
2020-02-22 11:12:30,056 INFO (DicCodeController.java:61)- 菜单-查询
2020-02-22 11:12:30,056 INFO (DicCodeController.java:61)- 菜单-查询
2020-02-22 11:12:30,056 INFO (DicCodeController.java:61)- 菜单-查询
2020-02-22 11:25:37,564 INFO (StartupInfoLogger.java:55)- Starting WskApplication on zhaoqiugendeMacBook-Pro.local with PID 47603 (/Users/zhaoqiugen/gituser/wutong/wsk/out/production/classes started by zhaoqiugen in /Users/zhaoqiugen/gituser/wutong/wsk)
2020-02-22 11:25:37,574 DEBUG (StartupInfoLogger.java:56)- Running with Spring Boot v2.2.2.RELEASE, Spring v5.2.2.RELEASE
2020-02-22 11:25:37,579 INFO (SpringApplication.java:651)- No active profile set, falling back to default profiles: default
