2020-02-21 16:51:49,244 DEBUG (BaseJdbcLogger.java:143)- ==>  Preparing: SELECT t.UUID as "uuid", t.CODE_KEY as "codeKey", t.CODE_VALUE as "codeValue", t.CODE_NAME as "codeName", t.UTE_USER_NO as "uteUserNo", t.UTE_DT as "uteDt", t.CTE_USER_NO as "cteUserNo", t.CTE_DT as "cteDt" FROM DIC_CODE t WHERE CODE_KEY=? limit ?, ? 
2020-02-21 16:51:49,253 DEBUG (BaseJdbcLogger.java:143)- ==> Parameters: ROLE-STS(String), 0(Integer), 1000(Integer)
2020-02-21 16:51:49,253 DEBUG (BaseJdbcLogger.java:143)- ==> Parameters: ROLE-STS(String), 0(Integer), 1000(Integer)
2020-02-21 16:51:49,271 DEBUG (BaseJdbcLogger.java:143)- <==      Total: 0
2020-02-21 16:51:49,271 DEBUG (BaseJdbcLogger.java:143)- <==      Total: 0
2020-02-21 16:51:49,278 DEBUG (BaseJdbcLogger.java:143)- ==>  Preparing: SELECT COUNT(*) FROM DIC_CODE WHERE CODE_KEY=? 
2020-02-21 16:51:49,278 DEBUG (BaseJdbcLogger.java:143)- ==>  Preparing: SELECT COUNT(*) FROM DIC_CODE WHERE CODE_KEY=? 
2020-02-21 16:51:49,279 DEBUG (BaseJdbcLogger.java:143)- ==> Parameters: ROLE-STS(String)
2020-02-21 16:51:49,279 DEBUG (BaseJdbcLogger.java:143)- ==> Parameters: ROLE-STS(String)
2020-02-21 16:51:49,281 DEBUG (BaseJdbcLogger.java:143)- <==      Total: 1
2020-02-21 16:51:49,281 DEBUG (BaseJdbcLogger.java:143)- <==      Total: 1
2020-02-21 16:51:49,281 INFO (DicCodeController.java:61)- 菜单-查询
2020-02-21 16:51:49,281 INFO (DicCodeController.java:61)- 菜单-查询
2020-02-21 16:51:49,749 INFO (RoleController.java:55)- 菜单-查询
2020-02-21 16:51:49,751 DEBUG (BaseJdbcLogger.java:143)- ==>  Preparing: SELECT t.ROLE_ID as "roleId", t.ROLE_NAME as "roleName", t.SCOPE as "scope", t.STS as "sts", '' as "stsName", t.DEPT_ID as "deptId", t.REMARKS as "remarks", t.CTE_USER_NO as "cteUserNo", t.CTE_DT as "cteDt", t.UTE_USER_NO as "uteUserNo", t.UTE_DT as "uteDt" FROM ROLE t limit ?, ? 
2020-02-21 16:51:49,752 DEBUG (BaseJdbcLogger.java:143)- ==> Parameters: 0(Integer), 20(Integer)
2020-02-21 16:51:49,757 DEBUG (BaseJdbcLogger.java:143)- <==      Total: 1
2020-02-21 16:51:49,758 DEBUG (BaseJdbcLogger.java:143)- ==>  Preparing: SELECT COUNT(*) FROM ROLE 
2020-02-21 16:51:49,759 DEBUG (BaseJdbcLogger.java:143)- ==> Parameters: 
2020-02-21 16:51:49,761 DEBUG (BaseJdbcLogger.java:143)- <==      Total: 1
2020-02-21 16:51:49,761 INFO (RoleController.java:61)- 菜单-查询
