2020-02-21 16:30:58,399 DEBUG (BaseJdbcLogger.java:143)- ==> Parameters: MENU-STS(String), 0(Integer), 1000(Integer)
2020-02-21 16:30:58,400 DEBUG (BaseJdbcLogger.java:143)- <==      Total: 1
2020-02-21 16:30:58,399 DEBUG (BaseJdbcLogger.java:143)- <==      Total: 2
2020-02-21 16:30:58,399 DEBUG (BaseJdbcLogger.java:143)- <==      Total: 2
2020-02-21 16:30:58,401 INFO (DicCodeController.java:61)- 菜单-查询
2020-02-21 16:30:58,401 DEBUG (BaseJdbcLogger.java:143)- ==>  Preparing: SELECT COUNT(*) FROM DIC_CODE WHERE CODE_KEY=? 
2020-02-21 16:30:58,401 DEBUG (BaseJdbcLogger.java:143)- ==>  Preparing: SELECT COUNT(*) FROM DIC_CODE WHERE CODE_KEY=? 
2020-02-21 16:30:58,401 DEBUG (BaseJdbcLogger.java:143)- ==> Parameters: MENU-STS(String)
2020-02-21 16:30:58,401 DEBUG (BaseJdbcLogger.java:143)- ==> Parameters: MENU-IS_SHOW(String)
2020-02-21 16:30:58,402 DEBUG (BaseJdbcLogger.java:143)- <==      Total: 2
2020-02-21 16:30:58,402 DEBUG (BaseJdbcLogger.java:143)- <==      Total: 1
2020-02-21 16:30:58,402 DEBUG (BaseJdbcLogger.java:143)- <==      Total: 1
2020-02-21 16:30:58,402 DEBUG (BaseJdbcLogger.java:143)- ==>  Preparing: SELECT COUNT(*) FROM DIC_CODE WHERE CODE_KEY=? 
2020-02-21 16:30:58,403 INFO (DicCodeController.java:61)- 菜单-查询
2020-02-21 16:30:58,403 INFO (DicCodeController.java:61)- 菜单-查询
2020-02-21 16:30:58,403 DEBUG (BaseJdbcLogger.java:143)- ==> Parameters: MENU-STS(String)
2020-02-21 16:30:58,404 DEBUG (BaseJdbcLogger.java:143)- <==      Total: 1
2020-02-21 16:30:58,405 INFO (DicCodeController.java:61)- 菜单-查询
2020-02-21 16:30:59,036 INFO (MenuController.java:55)- 菜单-查询
2020-02-21 16:30:59,037 DEBUG (BaseJdbcLogger.java:143)- ==>  Preparing: SELECT t.MENU_ID as "menuId", t.MENU_NAME as "menuName", t.PARENT_ID as "parentId", t.ICON as "icon", t.SORT as "sort", t.IS_SHOW as "isShow", '' as "isShowName", t.PERMISSSION as "permisssion", t.STS as "sts", '' as "stsName", t.REMARKS as "remarks", t.UTE_USER_NO as "uteUserNo", t.UTE_DT as "uteDt", t.CTE_USER_NO as "cteUserNo", t.CTE_DT as "cteDt" FROM MENU t limit ?, ? 
2020-02-21 16:30:59,038 DEBUG (BaseJdbcLogger.java:143)- ==> Parameters: 0(Integer), 20(Integer)
2020-02-21 16:30:59,040 DEBUG (BaseJdbcLogger.java:143)- <==      Total: 3
2020-02-21 16:30:59,041 DEBUG (BaseJdbcLogger.java:143)- ==>  Preparing: SELECT COUNT(*) FROM MENU 
2020-02-21 16:30:59,041 DEBUG (BaseJdbcLogger.java:143)- ==> Parameters: 
2020-02-21 16:30:59,043 DEBUG (BaseJdbcLogger.java:143)- <==      Total: 1
2020-02-21 16:30:59,044 INFO (MenuController.java:61)- 菜单-查询
