2020-02-21 17:38:00,481 DEBUG (BaseJdbcLogger.java:143)- ==> Parameters: MENU-STS(String), 0(Integer), 1000(Integer)
2020-02-21 17:38:00,481 DEBUG (BaseJdbcLogger.java:143)- <==      Total: 1
2020-02-21 17:38:00,481 DEBUG (BaseJdbcLogger.java:143)- <==      Total: 1
2020-02-21 17:38:00,481 DEBUG (BaseJdbcLogger.java:143)- <==      Total: 2
2020-02-21 17:38:00,482 INFO (DicCodeController.java:61)- 菜单-查询
2020-02-21 17:38:00,482 INFO (DicCodeController.java:61)- 菜单-查询
2020-02-21 17:38:00,483 DEBUG (BaseJdbcLogger.java:143)- ==>  Preparing: SELECT COUNT(*) FROM DIC_CODE WHERE CODE_KEY=? 
2020-02-21 17:38:00,484 DEBUG (BaseJdbcLogger.java:143)- ==> Parameters: MENU-STS(String)
2020-02-21 17:38:00,484 DEBUG (BaseJdbcLogger.java:143)- <==      Total: 2
2020-02-21 17:38:00,485 DEBUG (BaseJdbcLogger.java:143)- ==>  Preparing: SELECT COUNT(*) FROM DIC_CODE WHERE CODE_KEY=? 
2020-02-21 17:38:00,485 DEBUG (BaseJdbcLogger.java:143)- <==      Total: 1
2020-02-21 17:38:00,486 DEBUG (BaseJdbcLogger.java:143)- ==> Parameters: MENU-STS(String)
2020-02-21 17:38:00,486 INFO (DicCodeController.java:61)- 菜单-查询
2020-02-21 17:38:00,487 DEBUG (BaseJdbcLogger.java:143)- <==      Total: 1
2020-02-21 17:38:00,487 INFO (DicCodeController.java:61)- 菜单-查询
2020-02-21 17:38:00,961 INFO (MenuController.java:55)- 菜单-查询
2020-02-21 17:38:00,962 DEBUG (BaseJdbcLogger.java:143)- ==>  Preparing: SELECT t.MENU_ID as "menuId", t.MENU_NAME as "menuName", t.PARENT_ID as "parentId", t.ICON as "icon", t.SORT as "sort", t.IS_SHOW as "isShow", '' as "isShowName", t.PERMISSSION as "permisssion", t.STS as "sts", '' as "stsName", t.REMARKS as "remarks", t.UTE_USER_NO as "uteUserNo", t.UTE_DT as "uteDt", t.CTE_USER_NO as "cteUserNo", t.CTE_DT as "cteDt" FROM MENU t limit ?, ? 
2020-02-21 17:38:00,963 DEBUG (BaseJdbcLogger.java:143)- ==> Parameters: 0(Integer), 20(Integer)
2020-02-21 17:38:00,965 DEBUG (BaseJdbcLogger.java:143)- <==      Total: 3
2020-02-21 17:38:00,966 DEBUG (BaseJdbcLogger.java:143)- ==>  Preparing: SELECT COUNT(*) FROM MENU 
2020-02-21 17:38:00,966 DEBUG (BaseJdbcLogger.java:143)- ==> Parameters: 
2020-02-21 17:38:00,968 DEBUG (BaseJdbcLogger.java:143)- <==      Total: 1
2020-02-21 17:38:00,968 INFO (MenuController.java:61)- 菜单-查询
