2020-02-21 20:23:09,493 DEBUG (BaseJdbcLogger.java:143)- <==      Total: 2
2020-02-21 20:23:09,493 DEBUG (BaseJdbcLogger.java:143)- <==      Total: 2
2020-02-21 20:23:09,492 DEBUG (BaseJdbcLogger.java:143)- ==>  Preparing: SELECT t.UUID as "uuid", t.CODE_KEY as "codeKey", t.CODE_VALUE as "codeValue", t.CODE_NAME as "codeName", t.UTE_USER_NO as "uteUserNo", t.UTE_DT as "uteDt", t.CTE_USER_NO as "cteUserNo", t.CTE_DT as "cteDt" FROM DIC_CODE t WHERE CODE_KEY=? limit ?, ? 
2020-02-21 20:23:09,494 INFO (DicCodeController.java:55)- 菜单-查询
2020-02-21 20:23:09,494 DEBUG (BaseJdbcLogger.java:143)- ==>  Preparing: SELECT COUNT(*) FROM DIC_CODE WHERE CODE_KEY=? 
2020-02-21 20:23:09,494 DEBUG (BaseJdbcLogger.java:143)- ==> Parameters: MENU-STS(String), 0(Integer), 1000(Integer)
2020-02-21 20:23:09,494 DEBUG (BaseJdbcLogger.java:143)- ==>  Preparing: SELECT COUNT(*) FROM DIC_CODE WHERE CODE_KEY=? 
2020-02-21 20:23:09,494 DEBUG (BaseJdbcLogger.java:143)- ==> Parameters: MENU-IS_SHOW(String)
2020-02-21 20:23:09,495 DEBUG (BaseJdbcLogger.java:143)- ==>  Preparing: SELECT t.UUID as "uuid", t.CODE_KEY as "codeKey", t.CODE_VALUE as "codeValue", t.CODE_NAME as "codeName", t.UTE_USER_NO as "uteUserNo", t.UTE_DT as "uteDt", t.CTE_USER_NO as "cteUserNo", t.CTE_DT as "cteDt" FROM DIC_CODE t WHERE CODE_KEY=? limit ?, ? 
2020-02-21 20:23:09,495 DEBUG (BaseJdbcLogger.java:143)- ==> Parameters: MENU-IS_SHOW(String)
2020-02-21 20:23:09,495 DEBUG (BaseJdbcLogger.java:143)- ==> Parameters: MENU-STS(String), 0(Integer), 1000(Integer)
2020-02-21 20:23:09,495 DEBUG (BaseJdbcLogger.java:143)- <==      Total: 1
2020-02-21 20:23:09,495 DEBUG (BaseJdbcLogger.java:143)- <==      Total: 1
2020-02-21 20:23:09,495 DEBUG (BaseJdbcLogger.java:143)- <==      Total: 2
2020-02-21 20:23:09,495 INFO (DicCodeController.java:61)- 菜单-查询
2020-02-21 20:23:09,496 INFO (DicCodeController.java:61)- 菜单-查询
2020-02-21 20:23:09,496 DEBUG (BaseJdbcLogger.java:143)- ==>  Preparing: SELECT COUNT(*) FROM DIC_CODE WHERE CODE_KEY=? 
2020-02-21 20:23:09,496 DEBUG (BaseJdbcLogger.java:143)- <==      Total: 2
2020-02-21 20:23:09,496 DEBUG (BaseJdbcLogger.java:143)- ==> Parameters: MENU-STS(String)
2020-02-21 20:23:09,497 DEBUG (BaseJdbcLogger.java:143)- ==>  Preparing: SELECT COUNT(*) FROM DIC_CODE WHERE CODE_KEY=? 
2020-02-21 20:23:09,497 DEBUG (BaseJdbcLogger.java:143)- ==> Parameters: MENU-STS(String)
2020-02-21 20:23:09,497 DEBUG (BaseJdbcLogger.java:143)- <==      Total: 1
2020-02-21 20:23:09,497 INFO (DicCodeController.java:61)- 菜单-查询
2020-02-21 20:23:09,498 DEBUG (BaseJdbcLogger.java:143)- <==      Total: 1
2020-02-21 20:23:09,499 INFO (DicCodeController.java:61)- 菜单-查询
2020-02-21 20:23:09,805 INFO (MenuController.java:55)- 菜单-查询
2020-02-21 20:23:09,805 DEBUG (BaseJdbcLogger.java:143)- ==>  Preparing: SELECT t.MENU_ID as "menuId", t.MENU_NAME as "menuName", t.PARENT_ID as "parentId", t.ICON as "icon", t.SORT as "sort", t.IS_SHOW as "isShow", '' as "isShowName", t.PERMISSSION as "permisssion", t.STS as "sts", '' as "stsName", t.REMARKS as "remarks", t.UTE_USER_NO as "uteUserNo", t.UTE_DT as "uteDt", t.CTE_USER_NO as "cteUserNo", t.CTE_DT as "cteDt" FROM MENU t limit ?, ? 
2020-02-21 20:23:09,806 DEBUG (BaseJdbcLogger.java:143)- ==> Parameters: 0(Integer), 20(Integer)
2020-02-21 20:23:09,807 DEBUG (BaseJdbcLogger.java:143)- <==      Total: 3
2020-02-21 20:23:09,808 DEBUG (BaseJdbcLogger.java:143)- ==>  Preparing: SELECT COUNT(*) FROM MENU 
2020-02-21 20:23:09,809 DEBUG (BaseJdbcLogger.java:143)- ==> Parameters: 
2020-02-21 20:23:09,814 DEBUG (BaseJdbcLogger.java:143)- <==      Total: 1
2020-02-21 20:23:09,816 INFO (MenuController.java:61)- 菜单-查询
