2020-02-22 12:27:25,102 DEBUG (BaseJdbcLogger.java:143)- <==      Total: 7
2020-02-22 12:27:25,107 DEBUG (BaseJdbcLogger.java:143)- ==>  Preparing: SELECT t.MENU_ID as "menuId", t.MENU_NAME as "menuName", t.TYPE as "type", '' as "typeName", t.PARENT_ID as "parentId", t.SORT as "sort", t.ICON as "icon", t.IS_SHOW as "isShow", '' as "isShowName", t.STS as "sts", '' as "stsName", t.REMARKS as "remarks", t.UTE_USER_NO as "uteUserNo", t.UTE_DT as "uteDt", t.CTE_USER_NO as "cteUserNo", t.CTE_DT as "cteDt" FROM MENU t limit ?, ? 
2020-02-22 12:27:25,107 DEBUG (BaseJdbcLogger.java:143)- ==> Parameters: 0(Integer), 20(Integer)
2020-02-22 12:27:25,109 DEBUG (BaseJdbcLogger.java:143)- <==      Total: 7
2020-02-22 12:27:25,110 DEBUG (BaseJdbcLogger.java:143)- ==>  Preparing: SELECT t.MENU_ID as "menuId", t.MENU_NAME as "menuName", t.TYPE as "type", '' as "typeName", t.PARENT_ID as "parentId", t.SORT as "sort", t.ICON as "icon", t.IS_SHOW as "isShow", '' as "isShowName", t.STS as "sts", '' as "stsName", t.REMARKS as "remarks", t.UTE_USER_NO as "uteUserNo", t.UTE_DT as "uteDt", t.CTE_USER_NO as "cteUserNo", t.CTE_DT as "cteDt" FROM MENU t limit ?, ? 
2020-02-22 12:27:25,111 DEBUG (BaseJdbcLogger.java:143)- ==> Parameters: 0(Integer), 20(Integer)
2020-02-22 12:27:25,112 DEBUG (BaseJdbcLogger.java:143)- <==      Total: 7
2020-02-22 12:27:25,113 DEBUG (BaseJdbcLogger.java:143)- ==>  Preparing: SELECT t.MENU_ID as "menuId", t.MENU_NAME as "menuName", t.TYPE as "type", '' as "typeName", t.PARENT_ID as "parentId", t.SORT as "sort", t.ICON as "icon", t.IS_SHOW as "isShow", '' as "isShowName", t.STS as "sts", '' as "stsName", t.REMARKS as "remarks", t.UTE_USER_NO as "uteUserNo", t.UTE_DT as "uteDt", t.CTE_USER_NO as "cteUserNo", t.CTE_DT as "cteDt" FROM MENU t limit ?, ? 
2020-02-22 12:27:25,113 DEBUG (BaseJdbcLogger.java:143)- ==> Parameters: 0(Integer), 20(Integer)
2020-02-22 12:27:25,114 DEBUG (BaseJdbcLogger.java:143)- <==      Total: 7
2020-02-22 12:27:25,115 DEBUG (BaseJdbcLogger.java:143)- ==>  Preparing: SELECT t.MENU_ID as "menuId", t.MENU_NAME as "menuName", t.TYPE as "type", '' as "typeName", t.PARENT_ID as "parentId", t.SORT as "sort", t.ICON as "icon", t.IS_SHOW as "isShow", '' as "isShowName", t.STS as "sts", '' as "stsName", t.REMARKS as "remarks", t.UTE_USER_NO as "uteUserNo", t.UTE_DT as "uteDt", t.CTE_USER_NO as "cteUserNo", t.CTE_DT as "cteDt" FROM MENU t limit ?, ? 
2020-02-22 12:27:25,116 DEBUG (BaseJdbcLogger.java:143)- ==> Parameters: 0(Integer), 20(Integer)
2020-02-22 12:27:25,117 DEBUG (BaseJdbcLogger.java:143)- <==      Total: 7
2020-02-22 12:27:25,118 DEBUG (BaseJdbcLogger.java:143)- ==>  Preparing: SELECT t.MENU_ID as "menuId", t.MENU_NAME as "menuName", t.TYPE as "type", '' as "typeName", t.PARENT_ID as "parentId", t.SORT as "sort", t.ICON as "icon", t.IS_SHOW as "isShow", '' as "isShowName", t.STS as "sts", '' as "stsName", t.REMARKS as "remarks", t.UTE_USER_NO as "uteUserNo", t.UTE_DT as "uteDt", t.CTE_USER_NO as "cteUserNo", t.CTE_DT as "cteDt" FROM MENU t limit ?, ? 
2020-02-22 12:27:25,118 DEBUG (BaseJdbcLogger.java:143)- ==> Parameters: 0(Integer), 20(Integer)
2020-02-22 12:27:25,119 DEBUG (BaseJdbcLogger.java:143)- <==      Total: 7
2020-02-22 12:27:25,120 DEBUG (BaseJdbcLogger.java:143)- ==>  Preparing: SELECT t.MENU_ID as "menuId", t.MENU_NAME as "menuName", t.TYPE as "type", '' as "typeName", t.PARENT_ID as "parentId", t.SORT as "sort", t.ICON as "icon", t.IS_SHOW as "isShow", '' as "isShowName", t.STS as "sts", '' as "stsName", t.REMARKS as "remarks", t.UTE_USER_NO as "uteUserNo", t.UTE_DT as "uteDt", t.CTE_USER_NO as "cteUserNo", t.CTE_DT as "cteDt" FROM MENU t limit ?, ? 
2020-02-22 12:27:25,120 DEBUG (BaseJdbcLogger.java:143)- ==> Parameters: 0(Integer), 20(Integer)
2020-02-22 12:27:25,123 DEBUG (BaseJdbcLogger.java:143)- <==      Total: 7
2020-02-22 12:27:25,126 DEBUG (BaseJdbcLogger.java:143)- ==>  Preparing: SELECT t.MENU_ID as "menuId", t.MENU_NAME as "menuName", t.TYPE as "type", '' as "typeName", t.PARENT_ID as "parentId", t.SORT as "sort", t.ICON as "icon", t.IS_SHOW as "isShow", '' as "isShowName", t.STS as "sts", '' as "stsName", t.REMARKS as "remarks", t.UTE_USER_NO as "uteUserNo", t.UTE_DT as "uteDt", t.CTE_USER_NO as "cteUserNo", t.CTE_DT as "cteDt" FROM MENU t limit ?, ? 
2020-02-22 12:27:25,127 DEBUG (BaseJdbcLogger.java:143)- ==> Parameters: 0(Integer), 20(Integer)
2020-02-22 12:27:25,128 DEBUG (BaseJdbcLogger.java:143)- <==      Total: 7
2020-02-22 12:27:25,129 DEBUG (BaseJdbcLogger.java:143)- ==>  Preparing: SELECT t.MENU_ID as "menuId", t.MENU_NAME as "menuName", t.TYPE as "type", '' as "typeName", t.PARENT_ID as "parentId", t.SORT as "sort", t.ICON as "icon", t.IS_SHOW as "isShow", '' as "isShowName", t.STS as "sts", '' as "stsName", t.REMARKS as "remarks", t.UTE_USER_NO as "uteUserNo", t.UTE_DT as "uteDt", t.CTE_USER_NO as "cteUserNo", t.CTE_DT as "cteDt" FROM MENU t limit ?, ? 
2020-02-22 12:27:25,129 DEBUG (BaseJdbcLogger.java:143)- ==> Parameters: 0(Integer), 20(Integer)
2020-02-22 12:27:25,131 DEBUG (BaseJdbcLogger.java:143)- <==      Total: 7
2020-02-22 12:27:25,131 DEBUG (BaseJdbcLogger.java:143)- ==>  Preparing: SELECT t.MENU_ID as "menuId", t.MENU_NAME as "menuName", t.TYPE as "type", '' as "typeName", t.PARENT_ID as "parentId", t.SORT as "sort", t.ICON as "icon", t.IS_SHOW as "isShow", '' as "isShowName", t.STS as "sts", '' as "stsName", t.REMARKS as "remarks", t.UTE_USER_NO as "uteUserNo", t.UTE_DT as "uteDt", t.CTE_USER_NO as "cteUserNo", t.CTE_DT as "cteDt" FROM MENU t limit ?, ? 
2020-02-22 12:27:25,132 DEBUG (BaseJdbcLogger.java:143)- ==> Parameters: 0(Integer), 20(Integer)
2020-02-22 12:27:25,133 DEBUG (BaseJdbcLogger.java:143)- <==      Total: 7
2020-02-22 12:27:25,133 DEBUG (BaseJdbcLogger.java:143)- ==>  Preparing: SELECT t.MENU_ID as "menuId", t.MENU_NAME as "menuName", t.TYPE as "type", '' as "typeName", t.PARENT_ID as "parentId", t.SORT as "sort", t.ICON as "icon", t.IS_SHOW as "isShow", '' as "isShowName", t.STS as "sts", '' as "stsName", t.REMARKS as "remarks", t.UTE_USER_NO as "uteUserNo", t.UTE_DT as "uteDt", t.CTE_USER_NO as "cteUserNo", t.CTE_DT as "cteDt" FROM MENU t limit ?, ? 
2020-02-22 12:27:25,134 DEBUG (BaseJdbcLogger.java:143)- ==> Parameters: 0(Integer), 20(Integer)
2020-02-22 12:27:25,135 DEBUG (BaseJdbcLogger.java:143)- <==      Total: 7
2020-02-22 12:27:25,136 DEBUG (BaseJdbcLogger.java:143)- ==>  Preparing: SELECT t.MENU_ID as "menuId", t.MENU_NAME as "menuName", t.TYPE as "type", '' as "typeName", t.PARENT_ID as "parentId", t.SORT as "sort", t.ICON as "icon", t.IS_SHOW as "isShow", '' as "isShowName", t.STS as "sts", '' as "stsName", t.REMARKS as "remarks", t.UTE_USER_NO as "uteUserNo", t.UTE_DT as "uteDt", t.CTE_USER_NO as "cteUserNo", t.CTE_DT as "cteDt" FROM MENU t limit ?, ? 
2020-02-22 12:27:25,136 DEBUG (BaseJdbcLogger.java:143)- ==> Parameters: 0(Integer), 20(Integer)
2020-02-22 12:27:25,138 DEBUG (BaseJdbcLogger.java:143)- <==      Total: 7
2020-02-22 12:27:25,138 DEBUG (BaseJdbcLogger.java:143)- ==>  Preparing: SELECT t.MENU_ID as "menuId", t.MENU_NAME as "menuName", t.TYPE as "type", '' as "typeName", t.PARENT_ID as "parentId", t.SORT as "sort", t.ICON as "icon", t.IS_SHOW as "isShow", '' as "isShowName", t.STS as "sts", '' as "stsName", t.REMARKS as "remarks", t.UTE_USER_NO as "uteUserNo", t.UTE_DT as "uteDt", t.CTE_USER_NO as "cteUserNo", t.CTE_DT as "cteDt" FROM MENU t limit ?, ? 
2020-02-22 12:27:25,139 DEBUG (BaseJdbcLogger.java:143)- ==> Parameters: 0(Integer), 20(Integer)
2020-02-22 12:27:25,141 DEBUG (BaseJdbcLogger.java:143)- <==      Total: 7
2020-02-22 12:27:25,144 DEBUG (BaseJdbcLogger.java:143)- ==>  Preparing: SELECT t.MENU_ID as "menuId", t.MENU_NAME as "menuName", t.TYPE as "type", '' as "typeName", t.PARENT_ID as "parentId", t.SORT as "sort", t.ICON as "icon", t.IS_SHOW as "isShow", '' as "isShowName", t.STS as "sts", '' as "stsName", t.REMARKS as "remarks", t.UTE_USER_NO as "uteUserNo", t.UTE_DT as "uteDt", t.CTE_USER_NO as "cteUserNo", t.CTE_DT as "cteDt" FROM MENU t limit ?, ? 
2020-02-22 12:27:25,145 DEBUG (BaseJdbcLogger.java:143)- ==> Parameters: 0(Integer), 20(Integer)
2020-02-22 12:27:25,147 DEBUG (BaseJdbcLogger.java:143)- <==      Total: 7
2020-02-22 12:27:25,147 DEBUG (BaseJdbcLogger.java:143)- ==>  Preparing: SELECT t.MENU_ID as "menuId", t.MENU_NAME as "menuName", t.TYPE as "type", '' as "typeName", t.PARENT_ID as "parentId", t.SORT as "sort", t.ICON as "icon", t.IS_SHOW as "isShow", '' as "isShowName", t.STS as "sts", '' as "stsName", t.REMARKS as "remarks", t.UTE_USER_NO as "uteUserNo", t.UTE_DT as "uteDt", t.CTE_USER_NO as "cteUserNo", t.CTE_DT as "cteDt" FROM MENU t limit ?, ? 
2020-02-22 12:27:25,148 DEBUG (BaseJdbcLogger.java:143)- ==> Parameters: 0(Integer), 20(Integer)
2020-02-22 12:27:25,149 DEBUG (BaseJdbcLogger.java:143)- <==      Total: 7
2020-02-22 12:27:25,150 DEBUG (BaseJdbcLogger.java:143)- ==>  Preparing: SELECT t.MENU_ID as "menuId", t.MENU_NAME as "menuName", t.TYPE as "type", '' as "typeName", t.PARENT_ID as "parentId", t.SORT as "sort", t.ICON as "icon", t.IS_SHOW as "isShow", '' as "isShowName", t.STS as "sts", '' as "stsName", t.REMARKS as "remarks", t.UTE_USER_NO as "uteUserNo", t.UTE_DT as "uteDt", t.CTE_USER_NO as "cteUserNo", t.CTE_DT as "cteDt" FROM MENU t limit ?, ? 
2020-02-22 12:27:25,151 DEBUG (BaseJdbcLogger.java:143)- ==> Parameters: 0(Integer), 20(Integer)
2020-02-22 12:27:25,152 DEBUG (BaseJdbcLogger.java:143)- <==      Total: 7
2020-02-22 12:27:25,152 DEBUG (BaseJdbcLogger.java:143)- ==>  Preparing: SELECT t.MENU_ID as "menuId", t.MENU_NAME as "menuName", t.TYPE as "type", '' as "typeName", t.PARENT_ID as "parentId", t.SORT as "sort", t.ICON as "icon", t.IS_SHOW as "isShow", '' as "isShowName", t.STS as "sts", '' as "stsName", t.REMARKS as "remarks", t.UTE_USER_NO as "uteUserNo", t.UTE_DT as "uteDt", t.CTE_USER_NO as "cteUserNo", t.CTE_DT as "cteDt" FROM MENU t limit ?, ? 
2020-02-22 12:27:25,153 DEBUG (BaseJdbcLogger.java:143)- ==> Parameters: 0(Integer), 20(Integer)
2020-02-22 12:27:25,154 DEBUG (BaseJdbcLogger.java:143)- <==      Total: 7
2020-02-22 12:27:25,154 DEBUG (BaseJdbcLogger.java:143)- ==>  Preparing: SELECT t.MENU_ID as "menuId", t.MENU_NAME as "menuName", t.TYPE as "type", '' as "typeName", t.PARENT_ID as "parentId", t.SORT as "sort", t.ICON as "icon", t.IS_SHOW as "isShow", '' as "isShowName", t.STS as "sts", '' as "stsName", t.REMARKS as "remarks", t.UTE_USER_NO as "uteUserNo", t.UTE_DT as "uteDt", t.CTE_USER_NO as "cteUserNo", t.CTE_DT as "cteDt" FROM MENU t limit ?, ? 
2020-02-22 12:27:25,155 DEBUG (BaseJdbcLogger.java:143)- ==> Parameters: 0(Integer), 20(Integer)
2020-02-22 12:27:25,156 DEBUG (BaseJdbcLogger.java:143)- <==      Total: 7
2020-02-22 12:27:25,156 DEBUG (BaseJdbcLogger.java:143)- ==>  Preparing: SELECT t.MENU_ID as "menuId", t.MENU_NAME as "menuName", t.TYPE as "type", '' as "typeName", t.PARENT_ID as "parentId", t.SORT as "sort", t.ICON as "icon", t.IS_SHOW as "isShow", '' as "isShowName", t.STS as "sts", '' as "stsName", t.REMARKS as "remarks", t.UTE_USER_NO as "uteUserNo", t.UTE_DT as "uteDt", t.CTE_USER_NO as "cteUserNo", t.CTE_DT as "cteDt" FROM MENU t limit ?, ? 
2020-02-22 12:27:25,158 DEBUG (BaseJdbcLogger.java:143)- ==> Parameters: 0(Integer), 20(Integer)
2020-02-22 12:27:25,162 DEBUG (BaseJdbcLogger.java:143)- <==      Total: 7
2020-02-22 12:27:25,163 DEBUG (BaseJdbcLogger.java:143)- ==>  Preparing: SELECT t.MENU_ID as "menuId", t.MENU_NAME as "menuName", t.TYPE as "type", '' as "typeName", t.PARENT_ID as "parentId", t.SORT as "sort", t.ICON as "icon", t.IS_SHOW as "isShow", '' as "isShowName", t.STS as "sts", '' as "stsName", t.REMARKS as "remarks", t.UTE_USER_NO as "uteUserNo", t.UTE_DT as "uteDt", t.CTE_USER_NO as "cteUserNo", t.CTE_DT as "cteDt" FROM MENU t limit ?, ? 
2020-02-22 12:27:25,164 DEBUG (BaseJdbcLogger.java:143)- ==> Parameters: 0(Integer), 20(Integer)
2020-02-22 12:27:25,165 DEBUG (BaseJdbcLogger.java:143)- <==      Total: 7
2020-02-22 12:27:25,166 DEBUG (BaseJdbcLogger.java:143)- ==>  Preparing: SELECT t.MENU_ID as "menuId", t.MENU_NAME as "menuName", t.TYPE as "type", '' as "typeName", t.PARENT_ID as "parentId", t.SORT as "sort", t.ICON as "icon", t.IS_SHOW as "isShow", '' as "isShowName", t.STS as "sts", '' as "stsName", t.REMARKS as "remarks", t.UTE_USER_NO as "uteUserNo", t.UTE_DT as "uteDt", t.CTE_USER_NO as "cteUserNo", t.CTE_DT as "cteDt" FROM MENU t limit ?, ? 
2020-02-22 12:27:25,166 DEBUG (BaseJdbcLogger.java:143)- ==> Parameters: 0(Integer), 20(Integer)
2020-02-22 12:27:25,168 DEBUG (BaseJdbcLogger.java:143)- <==      Total: 7
2020-02-22 12:27:25,168 DEBUG (BaseJdbcLogger.java:143)- ==>  Preparing: SELECT t.MENU_ID as "menuId", t.MENU_NAME as "menuName", t.TYPE as "type", '' as "typeName", t.PARENT_ID as "parentId", t.SORT as "sort", t.ICON as "icon", t.IS_SHOW as "isShow", '' as "isShowName", t.STS as "sts", '' as "stsName", t.REMARKS as "remarks", t.UTE_USER_NO as "uteUserNo", t.UTE_DT as "uteDt", t.CTE_USER_NO as "cteUserNo", t.CTE_DT as "cteDt" FROM MENU t limit ?, ? 
2020-02-22 12:27:25,169 DEBUG (BaseJdbcLogger.java:143)- ==> Parameters: 0(Integer), 20(Integer)
2020-02-22 12:27:25,170 DEBUG (BaseJdbcLogger.java:143)- <==      Total: 7
2020-02-22 12:27:25,302 INFO (MenuController.java:197)- 导出收支明细--end耗时: 0天0小时 0分 0秒 748毫秒
2020-02-22 12:27:25,302 INFO (MenuController.java:201)- 菜单信息管理-导出
