2020-02-21 19:37:43,892 DEBUG (BaseJdbcLogger.java:143)- <==      Total: 2
2020-02-21 19:37:43,893 DEBUG (BaseJdbcLogger.java:143)- <==      Total: 2
2020-02-21 19:37:43,892 DEBUG (BaseJdbcLogger.java:143)- <==      Total: 2
2020-02-21 19:37:43,893 DEBUG (BaseJdbcLogger.java:143)- <==      Total: 2
2020-02-21 19:37:43,894 DEBUG (BaseJdbcLogger.java:143)- ==>  Preparing: SELECT COUNT(*) FROM DIC_CODE WHERE CODE_KEY=? 
2020-02-21 19:37:43,894 DEBUG (BaseJdbcLogger.java:143)- ==>  Preparing: SELECT COUNT(*) FROM DIC_CODE WHERE CODE_KEY=? 
2020-02-21 19:37:43,894 DEBUG (BaseJdbcLogger.java:143)- ==>  Preparing: SELECT COUNT(*) FROM DIC_CODE WHERE CODE_KEY=? 
2020-02-21 19:37:43,894 DEBUG (BaseJdbcLogger.java:143)- ==>  Preparing: SELECT COUNT(*) FROM DIC_CODE WHERE CODE_KEY=? 
2020-02-21 19:37:43,895 DEBUG (BaseJdbcLogger.java:143)- ==> Parameters: MENU-IS_SHOW(String)
2020-02-21 19:37:43,895 DEBUG (BaseJdbcLogger.java:143)- ==> Parameters: MENU-IS_SHOW(String)
2020-02-21 19:37:43,895 DEBUG (BaseJdbcLogger.java:143)- ==> Parameters: MENU-STS(String)
2020-02-21 19:37:43,895 DEBUG (BaseJdbcLogger.java:143)- ==> Parameters: MENU-STS(String)
2020-02-21 19:37:43,896 DEBUG (BaseJdbcLogger.java:143)- <==      Total: 1
2020-02-21 19:37:43,896 DEBUG (BaseJdbcLogger.java:143)- <==      Total: 1
2020-02-21 19:37:43,896 DEBUG (BaseJdbcLogger.java:143)- <==      Total: 1
2020-02-21 19:37:43,896 DEBUG (BaseJdbcLogger.java:143)- <==      Total: 1
2020-02-21 19:37:43,897 INFO (DicCodeController.java:61)- 菜单-查询
2020-02-21 19:37:43,897 INFO (DicCodeController.java:61)- 菜单-查询
2020-02-21 19:37:43,897 INFO (DicCodeController.java:61)- 菜单-查询
2020-02-21 19:37:43,897 INFO (DicCodeController.java:61)- 菜单-查询
