2020-02-21 20:53:56,433 INFO (StartupInfoLogger.java:61)- Started WskApplication in 2.998 seconds (JVM running for 3.802)
2020-02-21 20:53:56,829 DEBUG (BaseJdbcLogger.java:143)- ==>  Preparing: SELECT t.UUID as "uuid", t.CODE_KEY as "codeKey", t.CODE_VALUE as "codeValue", t.CODE_NAME as "codeName", t.UTE_USER_NO as "uteUserNo", t.UTE_DT as "uteDt", t.CTE_USER_NO as "cteUserNo", t.CTE_DT as "cteDt" FROM DIC_CODE t limit ?, ? 
2020-02-21 20:53:56,848 DEBUG (BaseJdbcLogger.java:143)- ==> Parameters: 0(Integer), 1000(Integer)
2020-02-21 20:53:56,870 DEBUG (BaseJdbcLogger.java:143)- <==      Total: 9
2020-02-21 20:53:56,875 INFO (DicCodeUtils.java:82)- 字典加载完成！
2020-02-21 20:54:02,632 INFO (DicCodeController.java:55)- 菜单-查询
2020-02-21 20:54:02,632 INFO (DicCodeController.java:55)- 菜单-查询
2020-02-21 20:54:02,632 INFO (DicCodeController.java:55)- 菜单-查询
2020-02-21 20:54:02,632 INFO (DicCodeController.java:55)- 菜单-查询
2020-02-21 20:54:02,638 DEBUG (BaseJdbcLogger.java:143)- ==>  Preparing: SELECT t.UUID as "uuid", t.CODE_KEY as "codeKey", t.CODE_VALUE as "codeValue", t.CODE_NAME as "codeName", t.UTE_USER_NO as "uteUserNo", t.UTE_DT as "uteDt", t.CTE_USER_NO as "cteUserNo", t.CTE_DT as "cteDt" FROM DIC_CODE t WHERE CODE_KEY=? limit ?, ? 
2020-02-21 20:54:02,638 DEBUG (BaseJdbcLogger.java:143)- ==>  Preparing: SELECT t.UUID as "uuid", t.CODE_KEY as "codeKey", t.CODE_VALUE as "codeValue", t.CODE_NAME as "codeName", t.UTE_USER_NO as "uteUserNo", t.UTE_DT as "uteDt", t.CTE_USER_NO as "cteUserNo", t.CTE_DT as "cteDt" FROM DIC_CODE t WHERE CODE_KEY=? limit ?, ? 
2020-02-21 20:54:02,638 DEBUG (BaseJdbcLogger.java:143)- ==>  Preparing: SELECT t.UUID as "uuid", t.CODE_KEY as "codeKey", t.CODE_VALUE as "codeValue", t.CODE_NAME as "codeName", t.UTE_USER_NO as "uteUserNo", t.UTE_DT as "uteDt", t.CTE_USER_NO as "cteUserNo", t.CTE_DT as "cteDt" FROM DIC_CODE t WHERE CODE_KEY=? limit ?, ? 
2020-02-21 20:54:02,638 DEBUG (BaseJdbcLogger.java:143)- ==>  Preparing: SELECT t.UUID as "uuid", t.CODE_KEY as "codeKey", t.CODE_VALUE as "codeValue", t.CODE_NAME as "codeName", t.UTE_USER_NO as "uteUserNo", t.UTE_DT as "uteDt", t.CTE_USER_NO as "cteUserNo", t.CTE_DT as "cteDt" FROM DIC_CODE t WHERE CODE_KEY=? limit ?, ? 
2020-02-21 20:54:02,639 DEBUG (BaseJdbcLogger.java:143)- ==> Parameters: MENU-STS(String), 0(Integer), 1000(Integer)
2020-02-21 20:54:02,639 DEBUG (BaseJdbcLogger.java:143)- ==> Parameters: MENU-STS(String), 0(Integer), 1000(Integer)
2020-02-21 20:54:02,639 DEBUG (BaseJdbcLogger.java:143)- ==> Parameters: MENU-IS_SHOW(String), 0(Integer), 1000(Integer)
2020-02-21 20:54:02,639 DEBUG (BaseJdbcLogger.java:143)- ==> Parameters: MENU-IS_SHOW(String), 0(Integer), 1000(Integer)
2020-02-21 20:54:02,641 DEBUG (BaseJdbcLogger.java:143)- <==      Total: 2
2020-02-21 20:54:02,641 DEBUG (BaseJdbcLogger.java:143)- <==      Total: 2
2020-02-21 20:54:02,641 DEBUG (BaseJdbcLogger.java:143)- <==      Total: 2
