2020-02-21 17:44:52,725 DEBUG (BaseJdbcLogger.java:143)- <==      Total: 1
2020-02-21 17:44:52,725 DEBUG (BaseJdbcLogger.java:143)- ==>  Preparing: SELECT COUNT(*) FROM DIC_CODE WHERE CODE_KEY=? 
2020-02-21 17:44:52,725 DEBUG (BaseJdbcLogger.java:143)- <==      Total: 1
2020-02-21 17:44:52,725 DEBUG (BaseJdbcLogger.java:143)- ==> Parameters: MENU-STS(String), 0(Integer), 1000(Integer)
2020-02-21 17:44:52,726 INFO (DicCodeController.java:61)- 菜单-查询
2020-02-21 17:44:52,727 INFO (DicCodeController.java:61)- 菜单-查询
2020-02-21 17:44:52,727 DEBUG (BaseJdbcLogger.java:143)- ==> Parameters: MENU-STS(String)
2020-02-21 17:44:52,727 DEBUG (BaseJdbcLogger.java:143)- <==      Total: 1
2020-02-21 17:44:52,727 DEBUG (BaseJdbcLogger.java:143)- <==      Total: 2
2020-02-21 17:44:52,728 INFO (DicCodeController.java:61)- 菜单-查询
2020-02-21 17:44:52,728 DEBUG (BaseJdbcLogger.java:143)- ==>  Preparing: SELECT COUNT(*) FROM DIC_CODE WHERE CODE_KEY=? 
2020-02-21 17:44:52,729 DEBUG (BaseJdbcLogger.java:143)- ==> Parameters: MENU-STS(String)
2020-02-21 17:44:52,730 DEBUG (BaseJdbcLogger.java:143)- <==      Total: 1
2020-02-21 17:44:52,730 INFO (DicCodeController.java:61)- 菜单-查询
2020-02-21 17:44:53,153 INFO (MenuController.java:55)- 菜单-查询
2020-02-21 17:44:53,154 DEBUG (BaseJdbcLogger.java:143)- ==>  Preparing: SELECT t.MENU_ID as "menuId", t.MENU_NAME as "menuName", t.PARENT_ID as "parentId", t.ICON as "icon", t.SORT as "sort", t.IS_SHOW as "isShow", '' as "isShowName", t.PERMISSSION as "permisssion", t.STS as "sts", '' as "stsName", t.REMARKS as "remarks", t.UTE_USER_NO as "uteUserNo", t.UTE_DT as "uteDt", t.CTE_USER_NO as "cteUserNo", t.CTE_DT as "cteDt" FROM MENU t limit ?, ? 
2020-02-21 17:44:53,154 DEBUG (BaseJdbcLogger.java:143)- ==> Parameters: 0(Integer), 20(Integer)
2020-02-21 17:44:53,156 DEBUG (BaseJdbcLogger.java:143)- <==      Total: 3
2020-02-21 17:44:53,157 DEBUG (BaseJdbcLogger.java:143)- ==>  Preparing: SELECT COUNT(*) FROM MENU 
2020-02-21 17:44:53,157 DEBUG (BaseJdbcLogger.java:143)- ==> Parameters: 
2020-02-21 17:44:53,161 DEBUG (BaseJdbcLogger.java:143)- <==      Total: 1
2020-02-21 17:44:53,162 INFO (MenuController.java:61)- 菜单-查询
