2020-02-20 20:49:18,249 DEBUG (BaseJdbcLogger.java:143)- <==      Total: 0
2020-02-20 20:49:18,249 DEBUG (BaseJdbcLogger.java:143)- <==      Total: 0
2020-02-20 20:49:18,249 DEBUG (BaseJdbcLogger.java:143)- ==> Parameters: USER-EMPOWER_ROLES(String), 0(Integer), 1000(Integer)
2020-02-20 20:49:18,249 DEBUG (BaseJdbcLogger.java:143)- <==      Total: 0
2020-02-20 20:49:18,251 DEBUG (BaseJdbcLogger.java:143)- ==>  Preparing: SELECT COUNT(*) FROM DIC_CODE WHERE CODE_KEY=? 
2020-02-20 20:49:18,251 DEBUG (BaseJdbcLogger.java:143)- ==>  Preparing: SELECT COUNT(*) FROM DIC_CODE WHERE CODE_KEY=? 
2020-02-20 20:49:18,251 DEBUG (BaseJdbcLogger.java:143)- ==>  Preparing: SELECT COUNT(*) FROM DIC_CODE WHERE CODE_KEY=? 
2020-02-20 20:49:18,251 DEBUG (BaseJdbcLogger.java:143)- <==      Total: 0
2020-02-20 20:49:18,251 DEBUG (BaseJdbcLogger.java:143)- ==> Parameters: USER-USER_STS(String)
2020-02-20 20:49:18,251 DEBUG (BaseJdbcLogger.java:143)- ==> Parameters: USER-USER_STS(String)
2020-02-20 20:49:18,251 DEBUG (BaseJdbcLogger.java:143)- ==> Parameters: USER-SEX(String)
2020-02-20 20:49:18,252 DEBUG (BaseJdbcLogger.java:143)- ==>  Preparing: SELECT COUNT(*) FROM DIC_CODE WHERE CODE_KEY=? 
2020-02-20 20:49:18,252 DEBUG (BaseJdbcLogger.java:143)- ==> Parameters: USER-EMPOWER_ROLES(String)
2020-02-20 20:49:18,252 DEBUG (BaseJdbcLogger.java:143)- <==      Total: 1
2020-02-20 20:49:18,252 DEBUG (BaseJdbcLogger.java:143)- <==      Total: 1
2020-02-20 20:49:18,252 DEBUG (BaseJdbcLogger.java:143)- <==      Total: 1
2020-02-20 20:49:18,253 INFO (DicCodeController.java:61)- 菜单-查询
2020-02-20 20:49:18,253 INFO (DicCodeController.java:61)- 菜单-查询
2020-02-20 20:49:18,253 INFO (DicCodeController.java:61)- 菜单-查询
2020-02-20 20:49:18,253 DEBUG (BaseJdbcLogger.java:143)- <==      Total: 1
2020-02-20 20:49:18,254 INFO (DicCodeController.java:61)- 菜单-查询
2020-02-20 20:49:18,904 INFO (UserController.java:61)- 菜单-查询
2020-02-20 20:49:18,906 DEBUG (BaseJdbcLogger.java:143)- ==>  Preparing: SELECT t.USER_ID as "userId", t.USER_NAME as "userName", t.REAL_NAME as "realName", t.SEX as "sex", t.BIRTHDAY as "birthday", t.TEL_NO as "telNo", t.MAIL as "mail", t.ID_NUMBER as "idNumber", t.DEPT_NO as "deptNo", t.USER_STS as "userSts", t.LOGIN_PWD as "loginPwd", t.LOGIN_TIME as "loginTime", t.LOGIN_IP as "loginIp", t.EMPOWER_ROLES as "empowerRoles", t.IS_ALLOW_LOGIN as "isAllowLogin", t.PWD_ERR_CUNT as "pwdErrCunt", t.LAST_UPT_PWD_TIME as "lastUptPwdTime", t.CTE_USER_NO as "cteUserNo", t.UTE_USER_NO as "uteUserNo", t.UTE_DT as "uteDt", t.UTE_TM as "uteTm", t.CTE_DT as "cteDt", t.CTE_TM as "cteTm" FROM USER t WHERE BIRTHDAY>=? and BIRTHDAY<=? limit ?, ? 
2020-02-20 20:49:18,907 DEBUG (BaseJdbcLogger.java:143)- ==> Parameters: 20200220(String), 20200220(String), 0(Integer), 20(Integer)
2020-02-20 20:49:18,909 DEBUG (BaseJdbcLogger.java:143)- <==      Total: 0
2020-02-20 20:49:18,910 DEBUG (BaseJdbcLogger.java:143)- ==>  Preparing: SELECT COUNT(*) FROM USER WHERE BIRTHDAY>=? and BIRTHDAY<=? 
2020-02-20 20:49:18,911 DEBUG (BaseJdbcLogger.java:143)- ==> Parameters: 20200220(String), 20200220(String)
2020-02-20 20:49:18,912 DEBUG (BaseJdbcLogger.java:143)- <==      Total: 1
2020-02-20 20:49:18,913 INFO (UserController.java:67)- 菜单-查询
