2020-03-03 17:31:09,878 INFO (UserController.java:61)- 用户-查询
2020-03-03 17:31:13,619 INFO (UserController.java:82)- 用户-详细
2020-03-03 17:31:13,621 DEBUG (BaseJdbcLogger.java:143)- ==>  Preparing: SELECT USER_ID, USER_NAME, REAL_NAME, SEX, BIRTHDAY, TEL_NO, MAIL, ID_NUMBER, DEPT_NO, USER_STS, LOGIN_PWD, LOGIN_TIME, LOGIN_IP, EMPOWER_ROLES, IS_ALLOW_LOGIN, PWD_ERR_CUNT, LAST_UPT_PWD_TIME, CTE_USER_NO, UTE_USER_NO, UTE_DT, UTE_TM, CTE_DT, CTE_TM FROM USER WHERE USER_ID=? 
2020-03-03 17:31:13,622 DEBUG (BaseJdbcLogger.java:143)- ==> Parameters: T0001(String)
2020-03-03 17:31:13,624 DEBUG (BaseJdbcLogger.java:143)- <==      Total: 1
2020-03-03 17:31:13,624 INFO (UserController.java:84)- 用户-详细
2020-03-03 17:31:23,031 INFO (UserController.java:132)- 用户-更新
2020-03-03 17:31:23,044 DEBUG (BaseJdbcLogger.java:143)- ==>  Preparing: UPDATE USER SET USER_ID=?, USER_NAME=?, REAL_NAME=?, SEX=?, TEL_NO=?, MAIL=?, LOGIN_PWD=?, IS_ALLOW_LOGIN=?, UTE_USER_NO=?, UTE_DT=?, WHERE USER_ID=? 
2020-03-03 17:31:23,044 DEBUG (BaseJdbcLogger.java:143)- ==> Parameters: T0001(String), zhao_qg(String), 赵秋根(String), 1(String), 176992121(String), sdfsf@(String), 123456(String), 1(String), admin(String), 173123(String), T0001(String)
2020-03-03 17:31:23,124 ERROR (UserController.java:140)- 用户-更新
org.springframework.jdbc.BadSqlGrammarException: 
### Error updating database.  Cause: java.sql.SQLSyntaxErrorException: You have an error in your SQL syntax; check the manual that corresponds to your MySQL server version for the right syntax to use near 'WHERE
            USER_ID='T0001'' at line 43
### The error may exist in file [/Users/zhaoqiugen/gituser/wutong/wsk/out/production/classes/mapper/user/UserMapper.xml]
### The error may involve com.wutong.wsk.mapper.user.UserMapper.update-Inline
### The error occurred while setting parameters
### SQL: UPDATE USER         SET                                   USER_ID=?,                                                   USER_NAME=?,                                                   REAL_NAME=?,                                                   SEX=?,                                                                   TEL_NO=?,                                                   MAIL=?,                                                                                                   LOGIN_PWD=?,                                                                                                   IS_ALLOW_LOGIN=?,                                                                                   UTE_USER_NO=?,                                                   UTE_DT=?,                                         WHERE             USER_ID=?
### Cause: java.sql.SQLSyntaxErrorException: You have an error in your SQL syntax; check the manual that corresponds to your MySQL server version for the right syntax to use near 'WHERE
            USER_ID='T0001'' at line 43
; bad SQL grammar []; nested exception is java.sql.SQLSyntaxErrorException: You have an error in your SQL syntax; check the manual that corresponds to your MySQL server version for the right syntax to use near 'WHERE
            USER_ID='T0001'' at line 43
	at org.springframework.jdbc.support.SQLErrorCodeSQLExceptionTranslator.doTranslate(SQLErrorCodeSQLExceptionTranslator.java:235)
	at org.springframework.jdbc.support.AbstractFallbackSQLExceptionTranslator.translate(AbstractFallbackSQLExceptionTranslator.java:72)
	at org.mybatis.spring.MyBatisExceptionTranslator.translateExceptionIfPossible(MyBatisExceptionTranslator.java:88)
	at org.mybatis.spring.SqlSessionTemplate$SqlSessionInterceptor.invoke(SqlSessionTemplate.java:440)
	at com.sun.proxy.$Proxy66.update(Unknown Source)
	at org.mybatis.spring.SqlSessionTemplate.update(SqlSessionTemplate.java:287)
	at org.apache.ibatis.binding.MapperMethod.execute(MapperMethod.java:67)
	at org.apache.ibatis.binding.MapperProxy.invoke(MapperProxy.java:93)
	at com.sun.proxy.$Proxy72.update(Unknown Source)
	at com.wutong.wsk.service.user.UserService.update(UserService.java:88)
	at com.wutong.wsk.controller.user.UserController.udpate(UserController.java:133)
	at sun.reflect.NativeMethodAccessorImpl.invoke0(Native Method)
	at sun.reflect.NativeMethodAccessorImpl.invoke(NativeMethodAccessorImpl.java:62)
	at sun.reflect.DelegatingMethodAccessorImpl.invoke(DelegatingMethodAccessorImpl.java:43)
	at java.lang.reflect.Method.invoke(Method.java:498)
	at org.springframework.web.method.support.InvocableHandlerMethod.doInvoke(InvocableHandlerMethod.java:190)
	at org.springframework.web.method.support.InvocableHandlerMethod.invokeForRequest(InvocableHandlerMethod.java:138)
	at org.springframework.web.servlet.mvc.method.annotation.ServletInvocableHandlerMethod.invokeAndHandle(ServletInvocableHandlerMethod.java:106)
	at org.springframework.web.servlet.mvc.method.annotation.RequestMappingHandlerAdapter.invokeHandlerMethod(RequestMappingHandlerAdapter.java:888)
	at org.springframework.web.servlet.mvc.method.annotation.RequestMappingHandlerAdapter.handleInternal(RequestMappingHandlerAdapter.java:793)
	at org.springframework.web.servlet.mvc.method.AbstractHandlerMethodAdapter.handle(AbstractHandlerMethodAdapter.java:87)
	at org.springframework.web.servlet.DispatcherServlet.doDispatch(DispatcherServlet.java:1040)
	at org.springframework.web.servlet.DispatcherServlet.doService(DispatcherServlet.java:943)
	at org.springframework.web.servlet.FrameworkServlet.processRequest(FrameworkServlet.java:1006)
	at org.springframework.web.servlet.FrameworkServlet.doPost(FrameworkServlet.java:909)
	at javax.servlet.http.HttpServlet.service(HttpServlet.java:660)
	at org.springframework.web.servlet.FrameworkServlet.service(FrameworkServlet.java:883)
	at javax.servlet.http.HttpServlet.service(HttpServlet.java:741)
	at org.apache.catalina.core.ApplicationFilterChain.internalDoFilter(ApplicationFilterChain.java:231)
	at org.apache.catalina.core.ApplicationFilterChain.doFilter(ApplicationFilterChain.java:166)
	at org.apache.tomcat.websocket.server.WsFilter.doFilter(WsFilter.java:53)
	at org.apache.catalina.core.ApplicationFilterChain.internalDoFilter(ApplicationFilterChain.java:193)
	at org.apache.catalina.core.ApplicationFilterChain.doFilter(ApplicationFilterChain.java:166)
	at org.springframework.web.filter.RequestContextFilter.doFilterInternal(RequestContextFilter.java:100)
	at org.springframework.web.filter.OncePerRequestFilter.doFilter(OncePerRequestFilter.java:119)
	at org.apache.catalina.core.ApplicationFilterChain.internalDoFilter(ApplicationFilterChain.java:193)
	at org.apache.catalina.core.ApplicationFilterChain.doFilter(ApplicationFilterChain.java:166)
	at org.springframework.web.filter.FormContentFilter.doFilterInternal(FormContentFilter.java:93)
	at org.springframework.web.filter.OncePerRequestFilter.doFilter(OncePerRequestFilter.java:119)
	at org.apache.catalina.core.ApplicationFilterChain.internalDoFilter(ApplicationFilterChain.java:193)
	at org.apache.catalina.core.ApplicationFilterChain.doFilter(ApplicationFilterChain.java:166)
	at org.springframework.web.filter.CharacterEncodingFilter.doFilterInternal(CharacterEncodingFilter.java:201)
	at org.springframework.web.filter.OncePerRequestFilter.doFilter(OncePerRequestFilter.java:119)
	at org.apache.catalina.core.ApplicationFilterChain.internalDoFilter(ApplicationFilterChain.java:193)
	at org.apache.catalina.core.ApplicationFilterChain.doFilter(ApplicationFilterChain.java:166)
	at org.apache.catalina.core.StandardWrapperValve.invoke(StandardWrapperValve.java:202)
	at org.apache.catalina.core.StandardContextValve.invoke(StandardContextValve.java:96)
	at org.apache.catalina.authenticator.AuthenticatorBase.invoke(AuthenticatorBase.java:526)
	at org.apache.catalina.core.StandardHostValve.invoke(StandardHostValve.java:139)
	at org.apache.catalina.valves.ErrorReportValve.invoke(ErrorReportValve.java:92)
	at org.apache.catalina.core.StandardEngineValve.invoke(StandardEngineValve.java:74)
	at org.apache.catalina.connector.CoyoteAdapter.service(CoyoteAdapter.java:343)
	at org.apache.coyote.http11.Http11Processor.service(Http11Processor.java:367)
	at org.apache.coyote.AbstractProcessorLight.process(AbstractProcessorLight.java:65)
	at org.apache.coyote.AbstractProtocol$ConnectionHandler.process(AbstractProtocol.java:860)
	at org.apache.tomcat.util.net.NioEndpoint$SocketProcessor.doRun(NioEndpoint.java:1591)
	at org.apache.tomcat.util.net.SocketProcessorBase.run(SocketProcessorBase.java:49)
	at java.util.concurrent.ThreadPoolExecutor.runWorker(ThreadPoolExecutor.java:1149)
	at java.util.concurrent.ThreadPoolExecutor$Worker.run(ThreadPoolExecutor.java:624)
	at org.apache.tomcat.util.threads.TaskThread$WrappingRunnable.run(TaskThread.java:61)
	at java.lang.Thread.run(Thread.java:748)
Caused by: java.sql.SQLSyntaxErrorException: You have an error in your SQL syntax; check the manual that corresponds to your MySQL server version for the right syntax to use near 'WHERE
            USER_ID='T0001'' at line 43
	at com.mysql.cj.jdbc.exceptions.SQLError.createSQLException(SQLError.java:120)
	at com.mysql.cj.jdbc.exceptions.SQLError.createSQLException(SQLError.java:97)
	at com.mysql.cj.jdbc.exceptions.SQLExceptionsMapping.translateException(SQLExceptionsMapping.java:122)
	at com.mysql.cj.jdbc.ClientPreparedStatement.executeInternal(ClientPreparedStatement.java:953)
	at com.mysql.cj.jdbc.ClientPreparedStatement.execute(ClientPreparedStatement.java:370)
	at com.zaxxer.hikari.pool.ProxyPreparedStatement.execute(ProxyPreparedStatement.java:44)
	at com.zaxxer.hikari.pool.HikariProxyPreparedStatement.execute(HikariProxyPreparedStatement.java)
	at sun.reflect.NativeMethodAccessorImpl.invoke0(Native Method)
	at sun.reflect.NativeMethodAccessorImpl.invoke(NativeMethodAccessorImpl.java:62)
	at sun.reflect.DelegatingMethodAccessorImpl.invoke(DelegatingMethodAccessorImpl.java:43)
	at java.lang.reflect.Method.invoke(Method.java:498)
	at org.apache.ibatis.logging.jdbc.PreparedStatementLogger.invoke(PreparedStatementLogger.java:59)
	at com.sun.proxy.$Proxy79.execute(Unknown Source)
	at org.apache.ibatis.executor.statement.PreparedStatementHandler.update(PreparedStatementHandler.java:47)
	at org.apache.ibatis.executor.statement.RoutingStatementHandler.update(RoutingStatementHandler.java:74)
	at org.apache.ibatis.executor.SimpleExecutor.doUpdate(SimpleExecutor.java:50)
	at org.apache.ibatis.executor.BaseExecutor.update(BaseExecutor.java:117)
	at org.apache.ibatis.executor.CachingExecutor.update(CachingExecutor.java:76)
	at org.apache.ibatis.session.defaults.DefaultSqlSession.update(DefaultSqlSession.java:197)
	at sun.reflect.NativeMethodAccessorImpl.invoke0(Native Method)
	at sun.reflect.NativeMethodAccessorImpl.invoke(NativeMethodAccessorImpl.java:62)
	at sun.reflect.DelegatingMethodAccessorImpl.invoke(DelegatingMethodAccessorImpl.java:43)
	at java.lang.reflect.Method.invoke(Method.java:498)
	at org.mybatis.spring.SqlSessionTemplate$SqlSessionInterceptor.invoke(SqlSessionTemplate.java:426)
	... 57 common frames omitted
2020-03-03 17:31:23,143 INFO (UserController.java:55)- 用户-查询
2020-03-03 17:31:23,144 DEBUG (BaseJdbcLogger.java:143)- ==>  Preparing: SELECT t.USER_ID as "userId", t.USER_NAME as "userName", t.REAL_NAME as "realName", t.SEX as "sex", t.BIRTHDAY as "birthday", t.TEL_NO as "telNo", t.MAIL as "mail", t.ID_NUMBER as "idNumber", t.DEPT_NO as "deptNo", t.USER_STS as "userSts", t.LOGIN_PWD as "loginPwd", t.LOGIN_TIME as "loginTime", t.LOGIN_IP as "loginIp", t.EMPOWER_ROLES as "empowerRoles", t.IS_ALLOW_LOGIN as "isAllowLogin", t.PWD_ERR_CUNT as "pwdErrCunt", t.LAST_UPT_PWD_TIME as "lastUptPwdTime", t.CTE_USER_NO as "cteUserNo", t.UTE_USER_NO as "uteUserNo", t.UTE_DT as "uteDt", t.UTE_TM as "uteTm", t.CTE_DT as "cteDt", t.CTE_TM as "cteTm" FROM USER t limit ?, ? 
