2020-02-29 21:57:20,142 DEBUG (BaseJdbcLogger.java:143)- ==>  Preparing: SELECT t.MENU_ID as "menuId", t.MENU_NAME as "menuName", t.PARENT_ID as "parentId", t.TYPE as "type", t.SORT as "sort", t.ICON as "icon", t.IS_SHOW as "isShow", t.STS as "sts" FROM MENU t WHERE TYPE=? order by t.SORT 
2020-02-29 21:57:20,144 DEBUG (BaseJdbcLogger.java:143)- ==> Parameters: root(String)
2020-02-29 21:57:20,145 DEBUG (BaseJdbcLogger.java:143)- <==      Total: 2
2020-02-29 21:57:20,146 DEBUG (BaseJdbcLogger.java:143)- ==>  Preparing: SELECT t.MENU_ID as "menuId", t.MENU_NAME as "menuName", t.PARENT_ID as "parentId", t.TYPE as "type", t.SORT as "sort", t.ICON as "icon", t.IS_SHOW as "isShow", t.STS as "sts" FROM MENU t WHERE PARENT_ID=? order by t.SORT 
2020-02-29 21:57:20,146 DEBUG (BaseJdbcLogger.java:143)- ==> Parameters: USR1000(String)
2020-02-29 21:57:20,147 DEBUG (BaseJdbcLogger.java:143)- <==      Total: 1
2020-02-29 21:57:20,148 DEBUG (BaseJdbcLogger.java:143)- ==>  Preparing: SELECT t.MENU_ID as "menuId", t.MENU_NAME as "menuName", t.PARENT_ID as "parentId", t.TYPE as "type", t.SORT as "sort", t.ICON as "icon", t.IS_SHOW as "isShow", t.STS as "sts" FROM MENU t WHERE PARENT_ID=? order by t.SORT 
2020-02-29 21:57:20,148 DEBUG (BaseJdbcLogger.java:143)- ==> Parameters: USR1010(String)
2020-02-29 21:57:20,149 DEBUG (BaseJdbcLogger.java:143)- <==      Total: 0
2020-02-29 21:57:20,150 DEBUG (BaseJdbcLogger.java:143)- ==>  Preparing: SELECT t.MENU_ID as "menuId", t.MENU_NAME as "menuName", t.PARENT_ID as "parentId", t.TYPE as "type", t.SORT as "sort", t.ICON as "icon", t.IS_SHOW as "isShow", t.STS as "sts" FROM MENU t WHERE PARENT_ID=? order by t.SORT 
2020-02-29 21:57:20,150 DEBUG (BaseJdbcLogger.java:143)- ==> Parameters: SYS1000(String)
2020-02-29 21:57:20,151 DEBUG (BaseJdbcLogger.java:143)- <==      Total: 4
2020-02-29 21:57:20,153 DEBUG (BaseJdbcLogger.java:143)- ==>  Preparing: SELECT t.MENU_ID as "menuId", t.MENU_NAME as "menuName", t.PARENT_ID as "parentId", t.TYPE as "type", t.SORT as "sort", t.ICON as "icon", t.IS_SHOW as "isShow", t.STS as "sts" FROM MENU t WHERE PARENT_ID=? order by t.SORT 
2020-02-29 21:57:20,153 DEBUG (BaseJdbcLogger.java:143)- ==> Parameters: SYS1010(String)
2020-02-29 21:57:20,154 DEBUG (BaseJdbcLogger.java:143)- <==      Total: 0
2020-02-29 21:57:20,155 DEBUG (BaseJdbcLogger.java:143)- ==>  Preparing: SELECT t.MENU_ID as "menuId", t.MENU_NAME as "menuName", t.PARENT_ID as "parentId", t.TYPE as "type", t.SORT as "sort", t.ICON as "icon", t.IS_SHOW as "isShow", t.STS as "sts" FROM MENU t WHERE PARENT_ID=? order by t.SORT 
2020-02-29 21:57:20,155 DEBUG (BaseJdbcLogger.java:143)- ==> Parameters: SYS1020(String)
2020-02-29 21:57:20,156 DEBUG (BaseJdbcLogger.java:143)- <==      Total: 0
2020-02-29 21:57:20,157 DEBUG (BaseJdbcLogger.java:143)- ==>  Preparing: SELECT t.MENU_ID as "menuId", t.MENU_NAME as "menuName", t.PARENT_ID as "parentId", t.TYPE as "type", t.SORT as "sort", t.ICON as "icon", t.IS_SHOW as "isShow", t.STS as "sts" FROM MENU t WHERE PARENT_ID=? order by t.SORT 
2020-02-29 21:57:20,157 DEBUG (BaseJdbcLogger.java:143)- ==> Parameters: SYS1030(String)
