2020-02-29 21:54:22,557 DEBUG (BaseJdbcLogger.java:143)- ==> Parameters: USR1000(String)
2020-02-29 21:54:22,558 DEBUG (BaseJdbcLogger.java:143)- <==      Total: 1
2020-02-29 21:54:22,559 DEBUG (BaseJdbcLogger.java:143)- ==>  Preparing: SELECT t.MENU_ID as "menuId", t.MENU_NAME as "menuName", t.PARENT_ID as "parentId", t.TYPE as "type", t.SORT as "sort", t.ICON as "icon", t.IS_SHOW as "isShow", t.STS as "sts" FROM MENU t WHERE PARENT_ID=? order by t.SORT 
2020-02-29 21:54:22,560 DEBUG (BaseJdbcLogger.java:143)- ==> Parameters: USR1010(String)
2020-02-29 21:54:22,561 DEBUG (BaseJdbcLogger.java:143)- <==      Total: 0
2020-02-29 21:54:22,562 DEBUG (BaseJdbcLogger.java:143)- ==>  Preparing: SELECT t.MENU_ID as "menuId", t.MENU_NAME as "menuName", t.PARENT_ID as "parentId", t.TYPE as "type", t.SORT as "sort", t.ICON as "icon", t.IS_SHOW as "isShow", t.STS as "sts" FROM MENU t WHERE PARENT_ID=? order by t.SORT 
2020-02-29 21:54:22,562 DEBUG (BaseJdbcLogger.java:143)- ==> Parameters: SYS1000(String)
2020-02-29 21:54:22,563 DEBUG (BaseJdbcLogger.java:143)- <==      Total: 4
2020-02-29 21:54:22,564 DEBUG (BaseJdbcLogger.java:143)- ==>  Preparing: SELECT t.MENU_ID as "menuId", t.MENU_NAME as "menuName", t.PARENT_ID as "parentId", t.TYPE as "type", t.SORT as "sort", t.ICON as "icon", t.IS_SHOW as "isShow", t.STS as "sts" FROM MENU t WHERE PARENT_ID=? order by t.SORT 
2020-02-29 21:54:22,564 DEBUG (BaseJdbcLogger.java:143)- ==> Parameters: SYS1010(String)
2020-02-29 21:54:22,565 DEBUG (BaseJdbcLogger.java:143)- <==      Total: 0
2020-02-29 21:54:22,566 DEBUG (BaseJdbcLogger.java:143)- ==>  Preparing: SELECT t.MENU_ID as "menuId", t.MENU_NAME as "menuName", t.PARENT_ID as "parentId", t.TYPE as "type", t.SORT as "sort", t.ICON as "icon", t.IS_SHOW as "isShow", t.STS as "sts" FROM MENU t WHERE PARENT_ID=? order by t.SORT 
2020-02-29 21:54:22,566 DEBUG (BaseJdbcLogger.java:143)- ==> Parameters: SYS1020(String)
2020-02-29 21:54:22,567 DEBUG (BaseJdbcLogger.java:143)- <==      Total: 0
2020-02-29 21:54:22,567 DEBUG (BaseJdbcLogger.java:143)- ==>  Preparing: SELECT t.MENU_ID as "menuId", t.MENU_NAME as "menuName", t.PARENT_ID as "parentId", t.TYPE as "type", t.SORT as "sort", t.ICON as "icon", t.IS_SHOW as "isShow", t.STS as "sts" FROM MENU t WHERE PARENT_ID=? order by t.SORT 
2020-02-29 21:54:22,568 DEBUG (BaseJdbcLogger.java:143)- ==> Parameters: SYS1030(String)
2020-02-29 21:54:22,569 DEBUG (BaseJdbcLogger.java:143)- <==      Total: 0
2020-02-29 21:54:22,570 DEBUG (BaseJdbcLogger.java:143)- ==>  Preparing: SELECT t.MENU_ID as "menuId", t.MENU_NAME as "menuName", t.PARENT_ID as "parentId", t.TYPE as "type", t.SORT as "sort", t.ICON as "icon", t.IS_SHOW as "isShow", t.STS as "sts" FROM MENU t WHERE PARENT_ID=? order by t.SORT 
2020-02-29 21:54:22,570 DEBUG (BaseJdbcLogger.java:143)- ==> Parameters: SYS1040(String)
2020-02-29 21:54:22,571 DEBUG (BaseJdbcLogger.java:143)- <==      Total: 0
2020-02-29 21:54:22,572 INFO (RoleController.java:91)- [{"a_attr":[],"li_attr":[],"children":[{"a_attr":[],"li_attr":[],"children":[],"id":"USR1010","text":"用户信息管理","state":{"loaded":true,"opened":false,"disabled":0},"type":"file"}],"id":"USR1000","text":"用户系统","state":{"loaded":true,"opened":false,"disabled":0},"type":"root"},{"a_attr":[],"li_attr":[],"children":[{"a_attr":[],"li_attr":[],"children":[],"id":"SYS1010","text":"字典管理","state":{"loaded":true,"opened":false,"disabled":0},"type":"file"},{"a_attr":[],"li_attr":[],"children":[],"id":"SYS1020","text":"菜单管理","state":{"loaded":true,"opened":false,"disabled":0},"type":"file"},{"a_attr":[],"li_attr":[],"children":[],"id":"SYS1030","text":"角色管理","state":{"loaded":true,"opened":false,"disabled":0},"type":"file"},{"a_attr":[],"li_attr":[],"children":[],"id":"SYS1040","text":"部门管理","state":{"loaded":true,"opened":false,"disabled":0},"type":"file"}],"id":"SYS1000","text":"系统管理","state":{"loaded":true,"opened":false,"disabled":0},"type":"root"}]
