2020-02-21 21:46:02,348 DEBUG (BaseJdbcLogger.java:143)- <==      Total: 2
2020-02-21 21:46:02,348 DEBUG (BaseJdbcLogger.java:143)- <==      Total: 2
2020-02-21 21:46:02,347 DEBUG (BaseJdbcLogger.java:143)- <==      Total: 2
2020-02-21 21:46:02,349 DEBUG (BaseJdbcLogger.java:143)- <==      Total: 1
2020-02-21 21:46:02,349 INFO (DicCodeController.java:61)- 菜单-查询
2020-02-21 21:46:02,350 DEBUG (BaseJdbcLogger.java:143)- ==>  Preparing: SELECT COUNT(*) FROM DIC_CODE WHERE CODE_KEY=? 
2020-02-21 21:46:02,350 DEBUG (BaseJdbcLogger.java:143)- ==>  Preparing: SELECT COUNT(*) FROM DIC_CODE WHERE CODE_KEY=? 
2020-02-21 21:46:02,350 DEBUG (BaseJdbcLogger.java:143)- ==>  Preparing: SELECT COUNT(*) FROM DIC_CODE WHERE CODE_KEY=? 
2020-02-21 21:46:02,350 DEBUG (BaseJdbcLogger.java:143)- ==> Parameters: MENU-STS(String)
2020-02-21 21:46:02,350 DEBUG (BaseJdbcLogger.java:143)- ==> Parameters: MENU-IS_SHOW(String)
2020-02-21 21:46:02,351 DEBUG (BaseJdbcLogger.java:143)- ==> Parameters: MENU-IS_SHOW(String)
2020-02-21 21:46:02,352 DEBUG (BaseJdbcLogger.java:143)- <==      Total: 1
2020-02-21 21:46:02,352 DEBUG (BaseJdbcLogger.java:143)- <==      Total: 1
2020-02-21 21:46:02,352 DEBUG (BaseJdbcLogger.java:143)- <==      Total: 1
2020-02-21 21:46:02,352 INFO (DicCodeController.java:61)- 菜单-查询
2020-02-21 21:46:02,352 INFO (DicCodeController.java:61)- 菜单-查询
2020-02-21 21:46:02,352 INFO (DicCodeController.java:61)- 菜单-查询
2020-02-21 21:46:02,917 INFO (MenuController.java:55)- 菜单-查询
2020-02-21 21:46:02,922 DEBUG (BaseJdbcLogger.java:143)- ==>  Preparing: SELECT t.MENU_ID as "menuId", t.MENU_NAME as "menuName", t.PARENT_ID as "parentId", t.ICON as "icon", t.SORT as "sort", t.IS_SHOW as "isShow", '' as "isShowName", t.PERMISSSION as "permisssion", t.STS as "sts", '' as "stsName", t.REMARKS as "remarks", t.UTE_USER_NO as "uteUserNo", t.UTE_DT as "uteDt", t.CTE_USER_NO as "cteUserNo", t.CTE_DT as "cteDt" FROM MENU t limit ?, ? 
2020-02-21 21:46:02,922 DEBUG (BaseJdbcLogger.java:143)- ==> Parameters: 0(Integer), 20(Integer)
2020-02-21 21:46:02,926 DEBUG (BaseJdbcLogger.java:143)- <==      Total: 3
2020-02-21 21:46:02,927 DEBUG (BaseJdbcLogger.java:143)- ==>  Preparing: SELECT COUNT(*) FROM MENU 
2020-02-21 21:46:02,927 DEBUG (BaseJdbcLogger.java:143)- ==> Parameters: 
2020-02-21 21:46:02,929 DEBUG (BaseJdbcLogger.java:143)- <==      Total: 1
2020-02-21 21:46:02,929 INFO (MenuController.java:61)- 菜单-查询
