2020-02-22 21:38:43,866 DEBUG (BaseJdbcLogger.java:143)- <==      Total: 7
2020-02-22 21:38:43,868 DEBUG (BaseJdbcLogger.java:143)- ==>  Preparing: SELECT t.MENU_ID as "menuId", t.MENU_NAME as "menuName", t.PARENT_ID as "parentId", t.TYPE as "type", '' as "typeName", t.SORT as "sort", t.ICON as "icon", t.IS_SHOW as "isShow", '' as "isShowName", t.STS as "sts", '' as "stsName", t.REMARKS as "remarks", t.UTE_USER_NO as "uteUserNo", t.UTE_DT as "uteDt", t.CTE_USER_NO as "cteUserNo", t.CTE_DT as "cteDt" FROM MENU t limit ?, ? 
2020-02-22 21:38:43,869 DEBUG (BaseJdbcLogger.java:143)- ==> Parameters: 0(Integer), 20(Integer)
2020-02-22 21:38:43,870 DEBUG (BaseJdbcLogger.java:143)- <==      Total: 7
2020-02-22 21:38:43,871 DEBUG (BaseJdbcLogger.java:143)- ==>  Preparing: SELECT t.MENU_ID as "menuId", t.MENU_NAME as "menuName", t.PARENT_ID as "parentId", t.TYPE as "type", '' as "typeName", t.SORT as "sort", t.ICON as "icon", t.IS_SHOW as "isShow", '' as "isShowName", t.STS as "sts", '' as "stsName", t.REMARKS as "remarks", t.UTE_USER_NO as "uteUserNo", t.UTE_DT as "uteDt", t.CTE_USER_NO as "cteUserNo", t.CTE_DT as "cteDt" FROM MENU t limit ?, ? 
2020-02-22 21:38:43,871 DEBUG (BaseJdbcLogger.java:143)- ==> Parameters: 0(Integer), 20(Integer)
2020-02-22 21:38:43,873 DEBUG (BaseJdbcLogger.java:143)- <==      Total: 7
2020-02-22 21:38:43,874 DEBUG (BaseJdbcLogger.java:143)- ==>  Preparing: SELECT t.MENU_ID as "menuId", t.MENU_NAME as "menuName", t.PARENT_ID as "parentId", t.TYPE as "type", '' as "typeName", t.SORT as "sort", t.ICON as "icon", t.IS_SHOW as "isShow", '' as "isShowName", t.STS as "sts", '' as "stsName", t.REMARKS as "remarks", t.UTE_USER_NO as "uteUserNo", t.UTE_DT as "uteDt", t.CTE_USER_NO as "cteUserNo", t.CTE_DT as "cteDt" FROM MENU t limit ?, ? 
2020-02-22 21:38:43,875 DEBUG (BaseJdbcLogger.java:143)- ==> Parameters: 0(Integer), 20(Integer)
2020-02-22 21:38:43,876 DEBUG (BaseJdbcLogger.java:143)- <==      Total: 7
2020-02-22 21:38:43,877 DEBUG (BaseJdbcLogger.java:143)- ==>  Preparing: SELECT t.MENU_ID as "menuId", t.MENU_NAME as "menuName", t.PARENT_ID as "parentId", t.TYPE as "type", '' as "typeName", t.SORT as "sort", t.ICON as "icon", t.IS_SHOW as "isShow", '' as "isShowName", t.STS as "sts", '' as "stsName", t.REMARKS as "remarks", t.UTE_USER_NO as "uteUserNo", t.UTE_DT as "uteDt", t.CTE_USER_NO as "cteUserNo", t.CTE_DT as "cteDt" FROM MENU t limit ?, ? 
2020-02-22 21:38:43,878 DEBUG (BaseJdbcLogger.java:143)- ==> Parameters: 0(Integer), 20(Integer)
2020-02-22 21:38:43,879 DEBUG (BaseJdbcLogger.java:143)- <==      Total: 7
2020-02-22 21:38:43,880 DEBUG (BaseJdbcLogger.java:143)- ==>  Preparing: SELECT t.MENU_ID as "menuId", t.MENU_NAME as "menuName", t.PARENT_ID as "parentId", t.TYPE as "type", '' as "typeName", t.SORT as "sort", t.ICON as "icon", t.IS_SHOW as "isShow", '' as "isShowName", t.STS as "sts", '' as "stsName", t.REMARKS as "remarks", t.UTE_USER_NO as "uteUserNo", t.UTE_DT as "uteDt", t.CTE_USER_NO as "cteUserNo", t.CTE_DT as "cteDt" FROM MENU t limit ?, ? 
2020-02-22 21:38:43,881 DEBUG (BaseJdbcLogger.java:143)- ==> Parameters: 0(Integer), 20(Integer)
2020-02-22 21:38:43,882 DEBUG (BaseJdbcLogger.java:143)- <==      Total: 7
2020-02-22 21:38:43,884 DEBUG (BaseJdbcLogger.java:143)- ==>  Preparing: SELECT t.MENU_ID as "menuId", t.MENU_NAME as "menuName", t.PARENT_ID as "parentId", t.TYPE as "type", '' as "typeName", t.SORT as "sort", t.ICON as "icon", t.IS_SHOW as "isShow", '' as "isShowName", t.STS as "sts", '' as "stsName", t.REMARKS as "remarks", t.UTE_USER_NO as "uteUserNo", t.UTE_DT as "uteDt", t.CTE_USER_NO as "cteUserNo", t.CTE_DT as "cteDt" FROM MENU t limit ?, ? 
2020-02-22 21:38:43,885 DEBUG (BaseJdbcLogger.java:143)- ==> Parameters: 0(Integer), 20(Integer)
2020-02-22 21:38:43,889 DEBUG (BaseJdbcLogger.java:143)- <==      Total: 7
2020-02-22 21:38:43,891 DEBUG (BaseJdbcLogger.java:143)- ==>  Preparing: SELECT t.MENU_ID as "menuId", t.MENU_NAME as "menuName", t.PARENT_ID as "parentId", t.TYPE as "type", '' as "typeName", t.SORT as "sort", t.ICON as "icon", t.IS_SHOW as "isShow", '' as "isShowName", t.STS as "sts", '' as "stsName", t.REMARKS as "remarks", t.UTE_USER_NO as "uteUserNo", t.UTE_DT as "uteDt", t.CTE_USER_NO as "cteUserNo", t.CTE_DT as "cteDt" FROM MENU t limit ?, ? 
2020-02-22 21:38:43,892 DEBUG (BaseJdbcLogger.java:143)- ==> Parameters: 0(Integer), 20(Integer)
2020-02-22 21:38:43,893 DEBUG (BaseJdbcLogger.java:143)- <==      Total: 7
2020-02-22 21:38:43,894 DEBUG (BaseJdbcLogger.java:143)- ==>  Preparing: SELECT t.MENU_ID as "menuId", t.MENU_NAME as "menuName", t.PARENT_ID as "parentId", t.TYPE as "type", '' as "typeName", t.SORT as "sort", t.ICON as "icon", t.IS_SHOW as "isShow", '' as "isShowName", t.STS as "sts", '' as "stsName", t.REMARKS as "remarks", t.UTE_USER_NO as "uteUserNo", t.UTE_DT as "uteDt", t.CTE_USER_NO as "cteUserNo", t.CTE_DT as "cteDt" FROM MENU t limit ?, ? 
2020-02-22 21:38:43,895 DEBUG (BaseJdbcLogger.java:143)- ==> Parameters: 0(Integer), 20(Integer)
2020-02-22 21:38:43,896 DEBUG (BaseJdbcLogger.java:143)- <==      Total: 7
2020-02-22 21:38:43,897 DEBUG (BaseJdbcLogger.java:143)- ==>  Preparing: SELECT t.MENU_ID as "menuId", t.MENU_NAME as "menuName", t.PARENT_ID as "parentId", t.TYPE as "type", '' as "typeName", t.SORT as "sort", t.ICON as "icon", t.IS_SHOW as "isShow", '' as "isShowName", t.STS as "sts", '' as "stsName", t.REMARKS as "remarks", t.UTE_USER_NO as "uteUserNo", t.UTE_DT as "uteDt", t.CTE_USER_NO as "cteUserNo", t.CTE_DT as "cteDt" FROM MENU t limit ?, ? 
2020-02-22 21:38:43,897 DEBUG (BaseJdbcLogger.java:143)- ==> Parameters: 0(Integer), 20(Integer)
2020-02-22 21:38:43,899 DEBUG (BaseJdbcLogger.java:143)- <==      Total: 7
2020-02-22 21:38:43,899 DEBUG (BaseJdbcLogger.java:143)- ==>  Preparing: SELECT t.MENU_ID as "menuId", t.MENU_NAME as "menuName", t.PARENT_ID as "parentId", t.TYPE as "type", '' as "typeName", t.SORT as "sort", t.ICON as "icon", t.IS_SHOW as "isShow", '' as "isShowName", t.STS as "sts", '' as "stsName", t.REMARKS as "remarks", t.UTE_USER_NO as "uteUserNo", t.UTE_DT as "uteDt", t.CTE_USER_NO as "cteUserNo", t.CTE_DT as "cteDt" FROM MENU t limit ?, ? 
2020-02-22 21:38:43,900 DEBUG (BaseJdbcLogger.java:143)- ==> Parameters: 0(Integer), 20(Integer)
2020-02-22 21:38:43,901 DEBUG (BaseJdbcLogger.java:143)- <==      Total: 7
2020-02-22 21:38:43,902 DEBUG (BaseJdbcLogger.java:143)- ==>  Preparing: SELECT t.MENU_ID as "menuId", t.MENU_NAME as "menuName", t.PARENT_ID as "parentId", t.TYPE as "type", '' as "typeName", t.SORT as "sort", t.ICON as "icon", t.IS_SHOW as "isShow", '' as "isShowName", t.STS as "sts", '' as "stsName", t.REMARKS as "remarks", t.UTE_USER_NO as "uteUserNo", t.UTE_DT as "uteDt", t.CTE_USER_NO as "cteUserNo", t.CTE_DT as "cteDt" FROM MENU t limit ?, ? 
2020-02-22 21:38:43,902 DEBUG (BaseJdbcLogger.java:143)- ==> Parameters: 0(Integer), 20(Integer)
2020-02-22 21:38:43,904 DEBUG (BaseJdbcLogger.java:143)- <==      Total: 7
2020-02-22 21:38:43,905 DEBUG (BaseJdbcLogger.java:143)- ==>  Preparing: SELECT t.MENU_ID as "menuId", t.MENU_NAME as "menuName", t.PARENT_ID as "parentId", t.TYPE as "type", '' as "typeName", t.SORT as "sort", t.ICON as "icon", t.IS_SHOW as "isShow", '' as "isShowName", t.STS as "sts", '' as "stsName", t.REMARKS as "remarks", t.UTE_USER_NO as "uteUserNo", t.UTE_DT as "uteDt", t.CTE_USER_NO as "cteUserNo", t.CTE_DT as "cteDt" FROM MENU t limit ?, ? 
2020-02-22 21:38:43,905 DEBUG (BaseJdbcLogger.java:143)- ==> Parameters: 0(Integer), 20(Integer)
2020-02-22 21:38:43,906 DEBUG (BaseJdbcLogger.java:143)- <==      Total: 7
2020-02-22 21:38:43,908 DEBUG (BaseJdbcLogger.java:143)- ==>  Preparing: SELECT t.MENU_ID as "menuId", t.MENU_NAME as "menuName", t.PARENT_ID as "parentId", t.TYPE as "type", '' as "typeName", t.SORT as "sort", t.ICON as "icon", t.IS_SHOW as "isShow", '' as "isShowName", t.STS as "sts", '' as "stsName", t.REMARKS as "remarks", t.UTE_USER_NO as "uteUserNo", t.UTE_DT as "uteDt", t.CTE_USER_NO as "cteUserNo", t.CTE_DT as "cteDt" FROM MENU t limit ?, ? 
2020-02-22 21:38:43,909 DEBUG (BaseJdbcLogger.java:143)- ==> Parameters: 0(Integer), 20(Integer)
2020-02-22 21:38:43,913 DEBUG (BaseJdbcLogger.java:143)- <==      Total: 7
2020-02-22 21:38:43,915 DEBUG (BaseJdbcLogger.java:143)- ==>  Preparing: SELECT t.MENU_ID as "menuId", t.MENU_NAME as "menuName", t.PARENT_ID as "parentId", t.TYPE as "type", '' as "typeName", t.SORT as "sort", t.ICON as "icon", t.IS_SHOW as "isShow", '' as "isShowName", t.STS as "sts", '' as "stsName", t.REMARKS as "remarks", t.UTE_USER_NO as "uteUserNo", t.UTE_DT as "uteDt", t.CTE_USER_NO as "cteUserNo", t.CTE_DT as "cteDt" FROM MENU t limit ?, ? 
2020-02-22 21:38:43,915 DEBUG (BaseJdbcLogger.java:143)- ==> Parameters: 0(Integer), 20(Integer)
2020-02-22 21:38:43,917 DEBUG (BaseJdbcLogger.java:143)- <==      Total: 7
2020-02-22 21:38:43,918 DEBUG (BaseJdbcLogger.java:143)- ==>  Preparing: SELECT t.MENU_ID as "menuId", t.MENU_NAME as "menuName", t.PARENT_ID as "parentId", t.TYPE as "type", '' as "typeName", t.SORT as "sort", t.ICON as "icon", t.IS_SHOW as "isShow", '' as "isShowName", t.STS as "sts", '' as "stsName", t.REMARKS as "remarks", t.UTE_USER_NO as "uteUserNo", t.UTE_DT as "uteDt", t.CTE_USER_NO as "cteUserNo", t.CTE_DT as "cteDt" FROM MENU t limit ?, ? 
2020-02-22 21:38:43,919 DEBUG (BaseJdbcLogger.java:143)- ==> Parameters: 0(Integer), 20(Integer)
2020-02-22 21:38:43,920 DEBUG (BaseJdbcLogger.java:143)- <==      Total: 7
2020-02-22 21:38:43,921 DEBUG (BaseJdbcLogger.java:143)- ==>  Preparing: SELECT t.MENU_ID as "menuId", t.MENU_NAME as "menuName", t.PARENT_ID as "parentId", t.TYPE as "type", '' as "typeName", t.SORT as "sort", t.ICON as "icon", t.IS_SHOW as "isShow", '' as "isShowName", t.STS as "sts", '' as "stsName", t.REMARKS as "remarks", t.UTE_USER_NO as "uteUserNo", t.UTE_DT as "uteDt", t.CTE_USER_NO as "cteUserNo", t.CTE_DT as "cteDt" FROM MENU t limit ?, ? 
2020-02-22 21:38:43,921 DEBUG (BaseJdbcLogger.java:143)- ==> Parameters: 0(Integer), 20(Integer)
2020-02-22 21:38:43,923 DEBUG (BaseJdbcLogger.java:143)- <==      Total: 7
2020-02-22 21:38:43,924 DEBUG (BaseJdbcLogger.java:143)- ==>  Preparing: SELECT t.MENU_ID as "menuId", t.MENU_NAME as "menuName", t.PARENT_ID as "parentId", t.TYPE as "type", '' as "typeName", t.SORT as "sort", t.ICON as "icon", t.IS_SHOW as "isShow", '' as "isShowName", t.STS as "sts", '' as "stsName", t.REMARKS as "remarks", t.UTE_USER_NO as "uteUserNo", t.UTE_DT as "uteDt", t.CTE_USER_NO as "cteUserNo", t.CTE_DT as "cteDt" FROM MENU t limit ?, ? 
2020-02-22 21:38:43,924 DEBUG (BaseJdbcLogger.java:143)- ==> Parameters: 0(Integer), 20(Integer)
2020-02-22 21:38:43,926 DEBUG (BaseJdbcLogger.java:143)- <==      Total: 7
2020-02-22 21:38:43,926 DEBUG (BaseJdbcLogger.java:143)- ==>  Preparing: SELECT t.MENU_ID as "menuId", t.MENU_NAME as "menuName", t.PARENT_ID as "parentId", t.TYPE as "type", '' as "typeName", t.SORT as "sort", t.ICON as "icon", t.IS_SHOW as "isShow", '' as "isShowName", t.STS as "sts", '' as "stsName", t.REMARKS as "remarks", t.UTE_USER_NO as "uteUserNo", t.UTE_DT as "uteDt", t.CTE_USER_NO as "cteUserNo", t.CTE_DT as "cteDt" FROM MENU t limit ?, ? 
2020-02-22 21:38:43,927 DEBUG (BaseJdbcLogger.java:143)- ==> Parameters: 0(Integer), 20(Integer)
2020-02-22 21:38:43,928 DEBUG (BaseJdbcLogger.java:143)- <==      Total: 7
2020-02-22 21:38:43,929 DEBUG (BaseJdbcLogger.java:143)- ==>  Preparing: SELECT t.MENU_ID as "menuId", t.MENU_NAME as "menuName", t.PARENT_ID as "parentId", t.TYPE as "type", '' as "typeName", t.SORT as "sort", t.ICON as "icon", t.IS_SHOW as "isShow", '' as "isShowName", t.STS as "sts", '' as "stsName", t.REMARKS as "remarks", t.UTE_USER_NO as "uteUserNo", t.UTE_DT as "uteDt", t.CTE_USER_NO as "cteUserNo", t.CTE_DT as "cteDt" FROM MENU t limit ?, ? 
2020-02-22 21:38:43,929 DEBUG (BaseJdbcLogger.java:143)- ==> Parameters: 0(Integer), 20(Integer)
2020-02-22 21:38:43,931 DEBUG (BaseJdbcLogger.java:143)- <==      Total: 7
2020-02-22 21:38:43,931 DEBUG (BaseJdbcLogger.java:143)- ==>  Preparing: SELECT t.MENU_ID as "menuId", t.MENU_NAME as "menuName", t.PARENT_ID as "parentId", t.TYPE as "type", '' as "typeName", t.SORT as "sort", t.ICON as "icon", t.IS_SHOW as "isShow", '' as "isShowName", t.STS as "sts", '' as "stsName", t.REMARKS as "remarks", t.UTE_USER_NO as "uteUserNo", t.UTE_DT as "uteDt", t.CTE_USER_NO as "cteUserNo", t.CTE_DT as "cteDt" FROM MENU t limit ?, ? 
2020-02-22 21:38:43,932 DEBUG (BaseJdbcLogger.java:143)- ==> Parameters: 0(Integer), 20(Integer)
2020-02-22 21:38:43,933 DEBUG (BaseJdbcLogger.java:143)- <==      Total: 7
2020-02-22 21:38:43,934 DEBUG (BaseJdbcLogger.java:143)- ==>  Preparing: SELECT t.MENU_ID as "menuId", t.MENU_NAME as "menuName", t.PARENT_ID as "parentId", t.TYPE as "type", '' as "typeName", t.SORT as "sort", t.ICON as "icon", t.IS_SHOW as "isShow", '' as "isShowName", t.STS as "sts", '' as "stsName", t.REMARKS as "remarks", t.UTE_USER_NO as "uteUserNo", t.UTE_DT as "uteDt", t.CTE_USER_NO as "cteUserNo", t.CTE_DT as "cteDt" FROM MENU t limit ?, ? 
2020-02-22 21:38:43,934 DEBUG (BaseJdbcLogger.java:143)- ==> Parameters: 0(Integer), 20(Integer)
2020-02-22 21:38:43,936 DEBUG (BaseJdbcLogger.java:143)- <==      Total: 7
2020-02-22 21:38:44,077 INFO (MenuController.java:197)- 导出收支明细--end耗时: 0天0小时 0分 0秒 704毫秒
2020-02-22 21:38:44,079 INFO (MenuController.java:201)- 菜单信息管理-导出
2020-02-22 21:43:54,443 INFO (StartupInfoLogger.java:55)- Starting WskApplication on zhaoqiugendeMacBook-Pro.local with PID 17344 (/Users/zhaoqiugen/gituser/wutong/wsk/out/production/classes started by zhaoqiugen in /Users/zhaoqiugen/gituser/wutong/wsk)
2020-02-22 21:43:54,445 DEBUG (StartupInfoLogger.java:56)- Running with Spring Boot v2.2.2.RELEASE, Spring v5.2.2.RELEASE
2020-02-22 21:43:54,458 INFO (SpringApplication.java:651)- No active profile set, falling back to default profiles: default
