2020-03-01 20:19:56,547 DEBUG (BaseJdbcLogger.java:143)- ==> Parameters: 0(Integer), 1000(Integer)
2020-03-01 20:19:56,547 DEBUG (BaseJdbcLogger.java:143)- ==> Parameters: 0(Integer), 1000(Integer)
2020-03-01 20:19:56,547 DEBUG (BaseJdbcLogger.java:143)- ==> Parameters: 0(Integer), 1000(Integer)
2020-03-01 20:19:56,547 DEBUG (BaseJdbcLogger.java:143)- ==> Parameters: 0(Integer), 1000(Integer)
2020-03-01 20:19:56,551 DEBUG (BaseJdbcLogger.java:143)- <==      Total: 0
2020-03-01 20:19:56,551 DEBUG (BaseJdbcLogger.java:143)- <==      Total: 2
2020-03-01 20:19:56,551 DEBUG (BaseJdbcLogger.java:143)- <==      Total: 3
2020-03-01 20:19:56,552 DEBUG (BaseJdbcLogger.java:143)- <==      Total: 3
2020-03-01 20:19:56,553 DEBUG (BaseJdbcLogger.java:143)- ==>  Preparing: SELECT COUNT(*) FROM DIC_CODE WHERE CODE_KEY like '%USER-USER_STS%' 
2020-03-01 20:19:56,553 DEBUG (BaseJdbcLogger.java:143)- ==>  Preparing: SELECT COUNT(*) FROM DIC_CODE WHERE CODE_KEY like '%USER-SEX%' 
2020-03-01 20:19:56,553 DEBUG (BaseJdbcLogger.java:143)- ==>  Preparing: SELECT COUNT(*) FROM DIC_CODE WHERE CODE_KEY like '%USER-USER_STS%' 
2020-03-01 20:19:56,553 DEBUG (BaseJdbcLogger.java:143)- ==>  Preparing: SELECT COUNT(*) FROM DIC_CODE WHERE CODE_KEY like '%USER-EMPOWER_ROLES%' 
2020-03-01 20:19:56,553 DEBUG (BaseJdbcLogger.java:143)- ==> Parameters: 
2020-03-01 20:19:56,553 DEBUG (BaseJdbcLogger.java:143)- ==> Parameters: 
2020-03-01 20:19:56,553 DEBUG (BaseJdbcLogger.java:143)- ==> Parameters: 
2020-03-01 20:19:56,553 DEBUG (BaseJdbcLogger.java:143)- ==> Parameters: 
2020-03-01 20:19:56,555 DEBUG (BaseJdbcLogger.java:143)- <==      Total: 1
2020-03-01 20:19:56,555 DEBUG (BaseJdbcLogger.java:143)- <==      Total: 1
2020-03-01 20:19:56,555 DEBUG (BaseJdbcLogger.java:143)- <==      Total: 1
2020-03-01 20:19:56,555 DEBUG (BaseJdbcLogger.java:143)- <==      Total: 1
2020-03-01 20:19:56,555 INFO (DicCodeController.java:61)- 菜单-查询
2020-03-01 20:19:56,555 INFO (DicCodeController.java:61)- 菜单-查询
2020-03-01 20:19:56,555 INFO (DicCodeController.java:61)- 菜单-查询
2020-03-01 20:19:56,555 INFO (DicCodeController.java:61)- 菜单-查询
