2020-02-23 20:19:04,874 DEBUG (BaseJdbcLogger.java:143)- ==> Parameters: 0(Integer), 20(Integer)
2020-02-23 20:19:04,876 DEBUG (BaseJdbcLogger.java:143)- <==      Total: 7
2020-02-23 20:19:04,877 DEBUG (BaseJdbcLogger.java:143)- ==>  Preparing: SELECT t.MENU_ID as "menuId", t.MENU_NAME as "menuName", t.PARENT_ID as "parentId", t.TYPE as "type", t.SORT as "sort", t.ICON as "icon", t.IS_SHOW as "isShow", t.STS as "sts", t.REMARKS as "remarks", t.UTE_USER_NO as "uteUserNo", t.UTE_DT as "uteDt", t.CTE_USER_NO as "cteUserNo", t.CTE_DT as "cteDt", t.dbg as "dbg" FROM MENU t limit ?, ? 
2020-02-23 20:19:04,877 DEBUG (BaseJdbcLogger.java:143)- ==> Parameters: 0(Integer), 20(Integer)
2020-02-23 20:19:04,879 DEBUG (BaseJdbcLogger.java:143)- <==      Total: 7
2020-02-23 20:19:04,879 DEBUG (BaseJdbcLogger.java:143)- ==>  Preparing: SELECT t.MENU_ID as "menuId", t.MENU_NAME as "menuName", t.PARENT_ID as "parentId", t.TYPE as "type", t.SORT as "sort", t.ICON as "icon", t.IS_SHOW as "isShow", t.STS as "sts", t.REMARKS as "remarks", t.UTE_USER_NO as "uteUserNo", t.UTE_DT as "uteDt", t.CTE_USER_NO as "cteUserNo", t.CTE_DT as "cteDt", t.dbg as "dbg" FROM MENU t limit ?, ? 
2020-02-23 20:19:04,880 DEBUG (BaseJdbcLogger.java:143)- ==> Parameters: 0(Integer), 20(Integer)
2020-02-23 20:19:04,881 DEBUG (BaseJdbcLogger.java:143)- <==      Total: 7
2020-02-23 20:19:04,881 DEBUG (BaseJdbcLogger.java:143)- ==>  Preparing: SELECT t.MENU_ID as "menuId", t.MENU_NAME as "menuName", t.PARENT_ID as "parentId", t.TYPE as "type", t.SORT as "sort", t.ICON as "icon", t.IS_SHOW as "isShow", t.STS as "sts", t.REMARKS as "remarks", t.UTE_USER_NO as "uteUserNo", t.UTE_DT as "uteDt", t.CTE_USER_NO as "cteUserNo", t.CTE_DT as "cteDt", t.dbg as "dbg" FROM MENU t limit ?, ? 
2020-02-23 20:19:04,881 DEBUG (BaseJdbcLogger.java:143)- ==> Parameters: 0(Integer), 20(Integer)
2020-02-23 20:19:04,882 DEBUG (BaseJdbcLogger.java:143)- <==      Total: 7
2020-02-23 20:19:04,883 DEBUG (BaseJdbcLogger.java:143)- ==>  Preparing: SELECT t.MENU_ID as "menuId", t.MENU_NAME as "menuName", t.PARENT_ID as "parentId", t.TYPE as "type", t.SORT as "sort", t.ICON as "icon", t.IS_SHOW as "isShow", t.STS as "sts", t.REMARKS as "remarks", t.UTE_USER_NO as "uteUserNo", t.UTE_DT as "uteDt", t.CTE_USER_NO as "cteUserNo", t.CTE_DT as "cteDt", t.dbg as "dbg" FROM MENU t limit ?, ? 
2020-02-23 20:19:04,883 DEBUG (BaseJdbcLogger.java:143)- ==> Parameters: 0(Integer), 20(Integer)
2020-02-23 20:19:04,884 DEBUG (BaseJdbcLogger.java:143)- <==      Total: 7
2020-02-23 20:19:04,884 DEBUG (BaseJdbcLogger.java:143)- ==>  Preparing: SELECT t.MENU_ID as "menuId", t.MENU_NAME as "menuName", t.PARENT_ID as "parentId", t.TYPE as "type", t.SORT as "sort", t.ICON as "icon", t.IS_SHOW as "isShow", t.STS as "sts", t.REMARKS as "remarks", t.UTE_USER_NO as "uteUserNo", t.UTE_DT as "uteDt", t.CTE_USER_NO as "cteUserNo", t.CTE_DT as "cteDt", t.dbg as "dbg" FROM MENU t limit ?, ? 
2020-02-23 20:19:04,884 DEBUG (BaseJdbcLogger.java:143)- ==> Parameters: 0(Integer), 20(Integer)
2020-02-23 20:19:04,885 DEBUG (BaseJdbcLogger.java:143)- <==      Total: 7
2020-02-23 20:19:04,886 DEBUG (BaseJdbcLogger.java:143)- ==>  Preparing: SELECT t.MENU_ID as "menuId", t.MENU_NAME as "menuName", t.PARENT_ID as "parentId", t.TYPE as "type", t.SORT as "sort", t.ICON as "icon", t.IS_SHOW as "isShow", t.STS as "sts", t.REMARKS as "remarks", t.UTE_USER_NO as "uteUserNo", t.UTE_DT as "uteDt", t.CTE_USER_NO as "cteUserNo", t.CTE_DT as "cteDt", t.dbg as "dbg" FROM MENU t limit ?, ? 
2020-02-23 20:19:04,886 DEBUG (BaseJdbcLogger.java:143)- ==> Parameters: 0(Integer), 20(Integer)
2020-02-23 20:19:04,887 DEBUG (BaseJdbcLogger.java:143)- <==      Total: 7
2020-02-23 20:19:04,888 DEBUG (BaseJdbcLogger.java:143)- ==>  Preparing: SELECT t.MENU_ID as "menuId", t.MENU_NAME as "menuName", t.PARENT_ID as "parentId", t.TYPE as "type", t.SORT as "sort", t.ICON as "icon", t.IS_SHOW as "isShow", t.STS as "sts", t.REMARKS as "remarks", t.UTE_USER_NO as "uteUserNo", t.UTE_DT as "uteDt", t.CTE_USER_NO as "cteUserNo", t.CTE_DT as "cteDt", t.dbg as "dbg" FROM MENU t limit ?, ? 
2020-02-23 20:19:04,888 DEBUG (BaseJdbcLogger.java:143)- ==> Parameters: 0(Integer), 20(Integer)
2020-02-23 20:19:04,889 DEBUG (BaseJdbcLogger.java:143)- <==      Total: 7
2020-02-23 20:19:04,889 DEBUG (BaseJdbcLogger.java:143)- ==>  Preparing: SELECT t.MENU_ID as "menuId", t.MENU_NAME as "menuName", t.PARENT_ID as "parentId", t.TYPE as "type", t.SORT as "sort", t.ICON as "icon", t.IS_SHOW as "isShow", t.STS as "sts", t.REMARKS as "remarks", t.UTE_USER_NO as "uteUserNo", t.UTE_DT as "uteDt", t.CTE_USER_NO as "cteUserNo", t.CTE_DT as "cteDt", t.dbg as "dbg" FROM MENU t limit ?, ? 
2020-02-23 20:19:04,889 DEBUG (BaseJdbcLogger.java:143)- ==> Parameters: 0(Integer), 20(Integer)
2020-02-23 20:19:04,890 DEBUG (BaseJdbcLogger.java:143)- <==      Total: 7
2020-02-23 20:19:04,891 DEBUG (BaseJdbcLogger.java:143)- ==>  Preparing: SELECT t.MENU_ID as "menuId", t.MENU_NAME as "menuName", t.PARENT_ID as "parentId", t.TYPE as "type", t.SORT as "sort", t.ICON as "icon", t.IS_SHOW as "isShow", t.STS as "sts", t.REMARKS as "remarks", t.UTE_USER_NO as "uteUserNo", t.UTE_DT as "uteDt", t.CTE_USER_NO as "cteUserNo", t.CTE_DT as "cteDt", t.dbg as "dbg" FROM MENU t limit ?, ? 
2020-02-23 20:19:04,891 DEBUG (BaseJdbcLogger.java:143)- ==> Parameters: 0(Integer), 20(Integer)
2020-02-23 20:19:04,892 DEBUG (BaseJdbcLogger.java:143)- <==      Total: 7
2020-02-23 20:19:04,892 DEBUG (BaseJdbcLogger.java:143)- ==>  Preparing: SELECT t.MENU_ID as "menuId", t.MENU_NAME as "menuName", t.PARENT_ID as "parentId", t.TYPE as "type", t.SORT as "sort", t.ICON as "icon", t.IS_SHOW as "isShow", t.STS as "sts", t.REMARKS as "remarks", t.UTE_USER_NO as "uteUserNo", t.UTE_DT as "uteDt", t.CTE_USER_NO as "cteUserNo", t.CTE_DT as "cteDt", t.dbg as "dbg" FROM MENU t limit ?, ? 
2020-02-23 20:19:04,892 DEBUG (BaseJdbcLogger.java:143)- ==> Parameters: 0(Integer), 20(Integer)
2020-02-23 20:19:04,893 DEBUG (BaseJdbcLogger.java:143)- <==      Total: 7
2020-02-23 20:19:04,894 DEBUG (BaseJdbcLogger.java:143)- ==>  Preparing: SELECT t.MENU_ID as "menuId", t.MENU_NAME as "menuName", t.PARENT_ID as "parentId", t.TYPE as "type", t.SORT as "sort", t.ICON as "icon", t.IS_SHOW as "isShow", t.STS as "sts", t.REMARKS as "remarks", t.UTE_USER_NO as "uteUserNo", t.UTE_DT as "uteDt", t.CTE_USER_NO as "cteUserNo", t.CTE_DT as "cteDt", t.dbg as "dbg" FROM MENU t limit ?, ? 
2020-02-23 20:19:04,895 DEBUG (BaseJdbcLogger.java:143)- ==> Parameters: 0(Integer), 20(Integer)
2020-02-23 20:19:04,896 DEBUG (BaseJdbcLogger.java:143)- <==      Total: 7
2020-02-23 20:19:04,896 DEBUG (BaseJdbcLogger.java:143)- ==>  Preparing: SELECT t.MENU_ID as "menuId", t.MENU_NAME as "menuName", t.PARENT_ID as "parentId", t.TYPE as "type", t.SORT as "sort", t.ICON as "icon", t.IS_SHOW as "isShow", t.STS as "sts", t.REMARKS as "remarks", t.UTE_USER_NO as "uteUserNo", t.UTE_DT as "uteDt", t.CTE_USER_NO as "cteUserNo", t.CTE_DT as "cteDt", t.dbg as "dbg" FROM MENU t limit ?, ? 
2020-02-23 20:19:04,897 DEBUG (BaseJdbcLogger.java:143)- ==> Parameters: 0(Integer), 20(Integer)
2020-02-23 20:19:04,897 DEBUG (BaseJdbcLogger.java:143)- <==      Total: 7
2020-02-23 20:19:04,898 DEBUG (BaseJdbcLogger.java:143)- ==>  Preparing: SELECT t.MENU_ID as "menuId", t.MENU_NAME as "menuName", t.PARENT_ID as "parentId", t.TYPE as "type", t.SORT as "sort", t.ICON as "icon", t.IS_SHOW as "isShow", t.STS as "sts", t.REMARKS as "remarks", t.UTE_USER_NO as "uteUserNo", t.UTE_DT as "uteDt", t.CTE_USER_NO as "cteUserNo", t.CTE_DT as "cteDt", t.dbg as "dbg" FROM MENU t limit ?, ? 
2020-02-23 20:19:04,898 DEBUG (BaseJdbcLogger.java:143)- ==> Parameters: 0(Integer), 20(Integer)
2020-02-23 20:19:04,899 DEBUG (BaseJdbcLogger.java:143)- <==      Total: 7
2020-02-23 20:19:04,899 DEBUG (BaseJdbcLogger.java:143)- ==>  Preparing: SELECT t.MENU_ID as "menuId", t.MENU_NAME as "menuName", t.PARENT_ID as "parentId", t.TYPE as "type", t.SORT as "sort", t.ICON as "icon", t.IS_SHOW as "isShow", t.STS as "sts", t.REMARKS as "remarks", t.UTE_USER_NO as "uteUserNo", t.UTE_DT as "uteDt", t.CTE_USER_NO as "cteUserNo", t.CTE_DT as "cteDt", t.dbg as "dbg" FROM MENU t limit ?, ? 
2020-02-23 20:19:04,900 DEBUG (BaseJdbcLogger.java:143)- ==> Parameters: 0(Integer), 20(Integer)
2020-02-23 20:19:04,901 DEBUG (BaseJdbcLogger.java:143)- <==      Total: 7
2020-02-23 20:19:04,901 DEBUG (BaseJdbcLogger.java:143)- ==>  Preparing: SELECT t.MENU_ID as "menuId", t.MENU_NAME as "menuName", t.PARENT_ID as "parentId", t.TYPE as "type", t.SORT as "sort", t.ICON as "icon", t.IS_SHOW as "isShow", t.STS as "sts", t.REMARKS as "remarks", t.UTE_USER_NO as "uteUserNo", t.UTE_DT as "uteDt", t.CTE_USER_NO as "cteUserNo", t.CTE_DT as "cteDt", t.dbg as "dbg" FROM MENU t limit ?, ? 
2020-02-23 20:19:04,902 DEBUG (BaseJdbcLogger.java:143)- ==> Parameters: 0(Integer), 20(Integer)
2020-02-23 20:19:04,903 DEBUG (BaseJdbcLogger.java:143)- <==      Total: 7
2020-02-23 20:19:04,903 DEBUG (BaseJdbcLogger.java:143)- ==>  Preparing: SELECT t.MENU_ID as "menuId", t.MENU_NAME as "menuName", t.PARENT_ID as "parentId", t.TYPE as "type", t.SORT as "sort", t.ICON as "icon", t.IS_SHOW as "isShow", t.STS as "sts", t.REMARKS as "remarks", t.UTE_USER_NO as "uteUserNo", t.UTE_DT as "uteDt", t.CTE_USER_NO as "cteUserNo", t.CTE_DT as "cteDt", t.dbg as "dbg" FROM MENU t limit ?, ? 
2020-02-23 20:19:04,903 DEBUG (BaseJdbcLogger.java:143)- ==> Parameters: 0(Integer), 20(Integer)
2020-02-23 20:19:04,905 DEBUG (BaseJdbcLogger.java:143)- <==      Total: 7
2020-02-23 20:19:04,905 DEBUG (BaseJdbcLogger.java:143)- ==>  Preparing: SELECT t.MENU_ID as "menuId", t.MENU_NAME as "menuName", t.PARENT_ID as "parentId", t.TYPE as "type", t.SORT as "sort", t.ICON as "icon", t.IS_SHOW as "isShow", t.STS as "sts", t.REMARKS as "remarks", t.UTE_USER_NO as "uteUserNo", t.UTE_DT as "uteDt", t.CTE_USER_NO as "cteUserNo", t.CTE_DT as "cteDt", t.dbg as "dbg" FROM MENU t limit ?, ? 
2020-02-23 20:19:04,905 DEBUG (BaseJdbcLogger.java:143)- ==> Parameters: 0(Integer), 20(Integer)
2020-02-23 20:19:04,906 DEBUG (BaseJdbcLogger.java:143)- <==      Total: 7
2020-02-23 20:19:04,907 DEBUG (BaseJdbcLogger.java:143)- ==>  Preparing: SELECT t.MENU_ID as "menuId", t.MENU_NAME as "menuName", t.PARENT_ID as "parentId", t.TYPE as "type", t.SORT as "sort", t.ICON as "icon", t.IS_SHOW as "isShow", t.STS as "sts", t.REMARKS as "remarks", t.UTE_USER_NO as "uteUserNo", t.UTE_DT as "uteDt", t.CTE_USER_NO as "cteUserNo", t.CTE_DT as "cteDt", t.dbg as "dbg" FROM MENU t limit ?, ? 
2020-02-23 20:19:04,907 DEBUG (BaseJdbcLogger.java:143)- ==> Parameters: 0(Integer), 20(Integer)
2020-02-23 20:19:04,909 DEBUG (BaseJdbcLogger.java:143)- <==      Total: 7
2020-02-23 20:19:04,909 DEBUG (BaseJdbcLogger.java:143)- ==>  Preparing: SELECT t.MENU_ID as "menuId", t.MENU_NAME as "menuName", t.PARENT_ID as "parentId", t.TYPE as "type", t.SORT as "sort", t.ICON as "icon", t.IS_SHOW as "isShow", t.STS as "sts", t.REMARKS as "remarks", t.UTE_USER_NO as "uteUserNo", t.UTE_DT as "uteDt", t.CTE_USER_NO as "cteUserNo", t.CTE_DT as "cteDt", t.dbg as "dbg" FROM MENU t limit ?, ? 
2020-02-23 20:19:04,910 DEBUG (BaseJdbcLogger.java:143)- ==> Parameters: 0(Integer), 20(Integer)
2020-02-23 20:19:04,911 DEBUG (BaseJdbcLogger.java:143)- <==      Total: 7
2020-02-23 20:19:04,912 DEBUG (BaseJdbcLogger.java:143)- ==>  Preparing: SELECT t.MENU_ID as "menuId", t.MENU_NAME as "menuName", t.PARENT_ID as "parentId", t.TYPE as "type", t.SORT as "sort", t.ICON as "icon", t.IS_SHOW as "isShow", t.STS as "sts", t.REMARKS as "remarks", t.UTE_USER_NO as "uteUserNo", t.UTE_DT as "uteDt", t.CTE_USER_NO as "cteUserNo", t.CTE_DT as "cteDt", t.dbg as "dbg" FROM MENU t limit ?, ? 
2020-02-23 20:19:04,912 DEBUG (BaseJdbcLogger.java:143)- ==> Parameters: 0(Integer), 20(Integer)
2020-02-23 20:19:04,913 DEBUG (BaseJdbcLogger.java:143)- <==      Total: 7
2020-02-23 20:19:04,913 DEBUG (BaseJdbcLogger.java:143)- ==>  Preparing: SELECT t.MENU_ID as "menuId", t.MENU_NAME as "menuName", t.PARENT_ID as "parentId", t.TYPE as "type", t.SORT as "sort", t.ICON as "icon", t.IS_SHOW as "isShow", t.STS as "sts", t.REMARKS as "remarks", t.UTE_USER_NO as "uteUserNo", t.UTE_DT as "uteDt", t.CTE_USER_NO as "cteUserNo", t.CTE_DT as "cteDt", t.dbg as "dbg" FROM MENU t limit ?, ? 
2020-02-23 20:19:04,914 DEBUG (BaseJdbcLogger.java:143)- ==> Parameters: 0(Integer), 20(Integer)
2020-02-23 20:19:04,915 DEBUG (BaseJdbcLogger.java:143)- <==      Total: 7
2020-02-23 20:19:04,915 DEBUG (BaseJdbcLogger.java:143)- ==>  Preparing: SELECT t.MENU_ID as "menuId", t.MENU_NAME as "menuName", t.PARENT_ID as "parentId", t.TYPE as "type", t.SORT as "sort", t.ICON as "icon", t.IS_SHOW as "isShow", t.STS as "sts", t.REMARKS as "remarks", t.UTE_USER_NO as "uteUserNo", t.UTE_DT as "uteDt", t.CTE_USER_NO as "cteUserNo", t.CTE_DT as "cteDt", t.dbg as "dbg" FROM MENU t limit ?, ? 
2020-02-23 20:19:04,915 DEBUG (BaseJdbcLogger.java:143)- ==> Parameters: 0(Integer), 20(Integer)
2020-02-23 20:19:04,916 DEBUG (BaseJdbcLogger.java:143)- <==      Total: 7
2020-02-23 20:19:04,917 DEBUG (BaseJdbcLogger.java:143)- ==>  Preparing: SELECT t.MENU_ID as "menuId", t.MENU_NAME as "menuName", t.PARENT_ID as "parentId", t.TYPE as "type", t.SORT as "sort", t.ICON as "icon", t.IS_SHOW as "isShow", t.STS as "sts", t.REMARKS as "remarks", t.UTE_USER_NO as "uteUserNo", t.UTE_DT as "uteDt", t.CTE_USER_NO as "cteUserNo", t.CTE_DT as "cteDt", t.dbg as "dbg" FROM MENU t limit ?, ? 
2020-02-23 20:19:04,917 DEBUG (BaseJdbcLogger.java:143)- ==> Parameters: 0(Integer), 20(Integer)
2020-02-23 20:19:04,918 DEBUG (BaseJdbcLogger.java:143)- <==      Total: 7
2020-02-23 20:19:04,918 DEBUG (BaseJdbcLogger.java:143)- ==>  Preparing: SELECT t.MENU_ID as "menuId", t.MENU_NAME as "menuName", t.PARENT_ID as "parentId", t.TYPE as "type", t.SORT as "sort", t.ICON as "icon", t.IS_SHOW as "isShow", t.STS as "sts", t.REMARKS as "remarks", t.UTE_USER_NO as "uteUserNo", t.UTE_DT as "uteDt", t.CTE_USER_NO as "cteUserNo", t.CTE_DT as "cteDt", t.dbg as "dbg" FROM MENU t limit ?, ? 
2020-02-23 20:19:04,919 DEBUG (BaseJdbcLogger.java:143)- ==> Parameters: 0(Integer), 20(Integer)
2020-02-23 20:19:04,919 DEBUG (BaseJdbcLogger.java:143)- <==      Total: 7
2020-02-23 20:19:04,920 DEBUG (BaseJdbcLogger.java:143)- ==>  Preparing: SELECT t.MENU_ID as "menuId", t.MENU_NAME as "menuName", t.PARENT_ID as "parentId", t.TYPE as "type", t.SORT as "sort", t.ICON as "icon", t.IS_SHOW as "isShow", t.STS as "sts", t.REMARKS as "remarks", t.UTE_USER_NO as "uteUserNo", t.UTE_DT as "uteDt", t.CTE_USER_NO as "cteUserNo", t.CTE_DT as "cteDt", t.dbg as "dbg" FROM MENU t limit ?, ? 
2020-02-23 20:19:04,920 DEBUG (BaseJdbcLogger.java:143)- ==> Parameters: 0(Integer), 20(Integer)
2020-02-23 20:19:04,921 DEBUG (BaseJdbcLogger.java:143)- <==      Total: 7
2020-02-23 20:19:05,156 INFO (MenuController.java:197)- 导出收支明细--end耗时: 0天0小时 0分 0秒 675毫秒
2020-02-23 20:19:05,175 INFO (MenuController.java:201)- 菜单信息管理-导出
