2020-03-01 19:40:43,924 DEBUG (BaseJdbcLogger.java:143)- ==> Parameters: 
2020-03-01 19:40:43,926 DEBUG (BaseJdbcLogger.java:143)- <==      Total: 1
2020-03-01 19:40:43,927 INFO (RoleController.java:62)- 菜单-查询
2020-03-01 19:40:45,933 INFO (RoleController.java:84)- 菜单-详细
2020-03-01 19:40:45,935 DEBUG (BaseJdbcLogger.java:143)- ==>  Preparing: SELECT ROLE_ID, ROLE_NAME, SCOPE, STS, DEPT_ID, REMARKS, CTE_USER_NO, CTE_DT, UTE_USER_NO, UTE_DT FROM ROLE WHERE ROLE_ID=? 
2020-03-01 19:40:45,936 DEBUG (BaseJdbcLogger.java:143)- ==> Parameters: R001(String)
2020-03-01 19:40:45,937 DEBUG (BaseJdbcLogger.java:143)- <==      Total: 1
2020-03-01 19:40:45,939 INFO (RoleController.java:86)- 菜单-详细
2020-03-01 19:40:45,939 DEBUG (BaseJdbcLogger.java:143)- ==>  Preparing: SELECT t.MENU_ID as "menuId", t.MENU_NAME as "menuName", t.PARENT_ID as "parentId", t.TYPE as "type", t.SORT as "sort", t.ICON as "icon", t.IS_SHOW as "isShow", t.STS as "sts" FROM MENU t WHERE TYPE=? order by t.SORT 
2020-03-01 19:40:45,940 DEBUG (BaseJdbcLogger.java:143)- ==> Parameters: root(String)
2020-03-01 19:40:45,941 DEBUG (BaseJdbcLogger.java:143)- <==      Total: 2
2020-03-01 19:40:45,942 DEBUG (BaseJdbcLogger.java:143)- ==>  Preparing: SELECT t.MENU_ID as "menuId", t.MENU_NAME as "menuName", t.PARENT_ID as "parentId", t.TYPE as "type", t.SORT as "sort", t.ICON as "icon", t.IS_SHOW as "isShow", t.STS as "sts" FROM MENU t WHERE PARENT_ID=? order by t.SORT 
2020-03-01 19:40:45,942 DEBUG (BaseJdbcLogger.java:143)- ==> Parameters: USR1000(String)
2020-03-01 19:40:45,943 DEBUG (BaseJdbcLogger.java:143)- <==      Total: 1
2020-03-01 19:40:45,944 DEBUG (BaseJdbcLogger.java:143)- ==>  Preparing: SELECT t.MENU_ID as "menuId", t.MENU_NAME as "menuName", t.PARENT_ID as "parentId", t.TYPE as "type", t.SORT as "sort", t.ICON as "icon", t.IS_SHOW as "isShow", t.STS as "sts" FROM MENU t WHERE PARENT_ID=? order by t.SORT 
2020-03-01 19:40:45,945 DEBUG (BaseJdbcLogger.java:143)- ==> Parameters: USR1010(String)
2020-03-01 19:40:45,946 DEBUG (BaseJdbcLogger.java:143)- <==      Total: 0
2020-03-01 19:40:45,946 DEBUG (BaseJdbcLogger.java:143)- ==>  Preparing: SELECT t.MENU_ID as "menuId", t.MENU_NAME as "menuName", t.PARENT_ID as "parentId", t.TYPE as "type", t.SORT as "sort", t.ICON as "icon", t.IS_SHOW as "isShow", t.STS as "sts" FROM MENU t WHERE PARENT_ID=? order by t.SORT 
2020-03-01 19:40:45,947 DEBUG (BaseJdbcLogger.java:143)- ==> Parameters: SYS1000(String)
2020-03-01 19:40:45,948 DEBUG (BaseJdbcLogger.java:143)- <==      Total: 4
2020-03-01 19:40:45,949 DEBUG (BaseJdbcLogger.java:143)- ==>  Preparing: SELECT t.MENU_ID as "menuId", t.MENU_NAME as "menuName", t.PARENT_ID as "parentId", t.TYPE as "type", t.SORT as "sort", t.ICON as "icon", t.IS_SHOW as "isShow", t.STS as "sts" FROM MENU t WHERE PARENT_ID=? order by t.SORT 
2020-03-01 19:40:45,949 DEBUG (BaseJdbcLogger.java:143)- ==> Parameters: SYS1010(String)
2020-03-01 19:40:45,950 DEBUG (BaseJdbcLogger.java:143)- <==      Total: 0
2020-03-01 19:40:45,951 DEBUG (BaseJdbcLogger.java:143)- ==>  Preparing: SELECT t.MENU_ID as "menuId", t.MENU_NAME as "menuName", t.PARENT_ID as "parentId", t.TYPE as "type", t.SORT as "sort", t.ICON as "icon", t.IS_SHOW as "isShow", t.STS as "sts" FROM MENU t WHERE PARENT_ID=? order by t.SORT 
