2020-03-02 16:35:15,850 DEBUG (BaseJdbcLogger.java:143)- ==>  Preparing: SELECT t.UUID as "uuid", t.CODE_KEY as "codeKey", t.CODE_VALUE as "codeValue", t.CODE_NAME as "codeName", t.CODE_STS as "codeSts", t.UTE_USER_NO as "uteUserNo", t.UTE_DT as "uteDt", t.CTE_USER_NO as "cteUserNo", t.CTE_DT as "cteDt" FROM DIC_CODE t limit ?, ? 
2020-03-02 16:35:15,852 DEBUG (BaseJdbcLogger.java:143)- ==> Parameters: 0(Integer), 1000(Integer)
2020-03-02 16:35:15,855 DEBUG (BaseJdbcLogger.java:143)- <==      Total: 15
2020-03-02 16:35:15,856 INFO (DicCodeUtils.java:78)- 字典加载完成！
2020-03-02 16:43:55,748 INFO (StartupInfoLogger.java:55)- Starting WskApplication on zhaoqiugendeMacBook-Pro.local with PID 1548 (/Users/zhaoqiugen/gituser/wutong/wsk/out/production/classes started by zhaoqiugen in /Users/zhaoqiugen/gituser/wutong/wsk)
2020-03-02 16:43:55,749 DEBUG (StartupInfoLogger.java:56)- Running with Spring Boot v2.2.2.RELEASE, Spring v5.2.2.RELEASE
2020-03-02 16:43:55,749 INFO (SpringApplication.java:651)- No active profile set, falling back to default profiles: default
2020-03-02 16:43:56,402 INFO (StartupInfoLogger.java:61)- Started WskApplication in 0.88 seconds (JVM running for 5741.181)
2020-03-02 16:43:56,420 DEBUG (BaseJdbcLogger.java:143)- ==>  Preparing: SELECT t.UUID as "uuid", t.CODE_KEY as "codeKey", t.CODE_VALUE as "codeValue", t.CODE_NAME as "codeName", t.CODE_STS as "codeSts", t.UTE_USER_NO as "uteUserNo", t.UTE_DT as "uteDt", t.CTE_USER_NO as "cteUserNo", t.CTE_DT as "cteDt" FROM DIC_CODE t limit ?, ? 
2020-03-02 16:43:56,421 DEBUG (BaseJdbcLogger.java:143)- ==> Parameters: 0(Integer), 1000(Integer)
2020-03-02 16:43:56,423 DEBUG (BaseJdbcLogger.java:143)- <==      Total: 15
2020-03-02 16:43:56,425 INFO (DicCodeUtils.java:78)- 字典加载完成！
2020-03-02 16:56:21,924 INFO (StartupInfoLogger.java:55)- Starting WskApplication on zhaoqiugendeMacBook-Pro.local with PID 1548 (/Users/zhaoqiugen/gituser/wutong/wsk/out/production/classes started by zhaoqiugen in /Users/zhaoqiugen/gituser/wutong/wsk)
2020-03-02 16:56:21,925 DEBUG (StartupInfoLogger.java:56)- Running with Spring Boot v2.2.2.RELEASE, Spring v5.2.2.RELEASE
2020-03-02 16:56:21,925 INFO (SpringApplication.java:651)- No active profile set, falling back to default profiles: default
2020-03-02 16:56:22,499 INFO (StartupInfoLogger.java:61)- Started WskApplication in 0.788 seconds (JVM running for 6487.257)
2020-03-02 16:56:22,522 DEBUG (BaseJdbcLogger.java:143)- ==>  Preparing: SELECT t.UUID as "uuid", t.CODE_KEY as "codeKey", t.CODE_VALUE as "codeValue", t.CODE_NAME as "codeName", t.CODE_STS as "codeSts", t.UTE_USER_NO as "uteUserNo", t.UTE_DT as "uteDt", t.CTE_USER_NO as "cteUserNo", t.CTE_DT as "cteDt" FROM DIC_CODE t limit ?, ? 
2020-03-02 16:56:22,522 DEBUG (BaseJdbcLogger.java:143)- ==> Parameters: 0(Integer), 1000(Integer)
2020-03-02 16:56:22,524 DEBUG (BaseJdbcLogger.java:143)- <==      Total: 15
2020-03-02 16:56:22,526 INFO (DicCodeUtils.java:78)- 字典加载完成！
2020-03-02 16:56:28,110 INFO (StartupInfoLogger.java:55)- Starting WskApplication on zhaoqiugendeMacBook-Pro.local with PID 1548 (/Users/zhaoqiugen/gituser/wutong/wsk/out/production/classes started by zhaoqiugen in /Users/zhaoqiugen/gituser/wutong/wsk)
2020-03-02 16:56:28,110 DEBUG (StartupInfoLogger.java:56)- Running with Spring Boot v2.2.2.RELEASE, Spring v5.2.2.RELEASE
2020-03-02 16:56:28,111 INFO (SpringApplication.java:651)- No active profile set, falling back to default profiles: default
2020-03-02 16:56:28,865 INFO (StartupInfoLogger.java:61)- Started WskApplication in 0.785 seconds (JVM running for 6493.623)
2020-03-02 16:56:28,881 DEBUG (BaseJdbcLogger.java:143)- ==>  Preparing: SELECT t.UUID as "uuid", t.CODE_KEY as "codeKey", t.CODE_VALUE as "codeValue", t.CODE_NAME as "codeName", t.CODE_STS as "codeSts", t.UTE_USER_NO as "uteUserNo", t.UTE_DT as "uteDt", t.CTE_USER_NO as "cteUserNo", t.CTE_DT as "cteDt" FROM DIC_CODE t limit ?, ? 
2020-03-02 16:56:28,882 DEBUG (BaseJdbcLogger.java:143)- ==> Parameters: 0(Integer), 1000(Integer)
2020-03-02 16:56:28,884 DEBUG (BaseJdbcLogger.java:143)- <==      Total: 15
2020-03-02 16:56:28,886 INFO (DicCodeUtils.java:78)- 字典加载完成！
2020-03-02 17:05:44,859 INFO (StartupInfoLogger.java:55)- Starting WskApplication on zhaoqiugendeMacBook-Pro.local with PID 1548 (/Users/zhaoqiugen/gituser/wutong/wsk/out/production/classes started by zhaoqiugen in /Users/zhaoqiugen/gituser/wutong/wsk)
2020-03-02 17:05:44,859 DEBUG (StartupInfoLogger.java:56)- Running with Spring Boot v2.2.2.RELEASE, Spring v5.2.2.RELEASE
2020-03-02 17:05:44,859 INFO (SpringApplication.java:651)- No active profile set, falling back to default profiles: default
