2020-02-21 12:46:09,324 DEBUG (BaseJdbcLogger.java:143)- <==      Total: 2
2020-02-21 12:46:09,324 DEBUG (BaseJdbcLogger.java:143)- <==      Total: 2
2020-02-21 12:46:09,324 DEBUG (BaseJdbcLogger.java:143)- ==> Parameters: MENU-STS(String), 0(Integer), 1000(Integer)
2020-02-21 12:46:09,324 DEBUG (BaseJdbcLogger.java:143)- <==      Total: 2
2020-02-21 12:46:09,326 DEBUG (BaseJdbcLogger.java:143)- ==>  Preparing: SELECT COUNT(*) FROM DIC_CODE WHERE CODE_KEY=? 
2020-02-21 12:46:09,326 DEBUG (BaseJdbcLogger.java:143)- ==>  Preparing: SELECT COUNT(*) FROM DIC_CODE WHERE CODE_KEY=? 
2020-02-21 12:46:09,326 DEBUG (BaseJdbcLogger.java:143)- ==>  Preparing: SELECT COUNT(*) FROM DIC_CODE WHERE CODE_KEY=? 
2020-02-21 12:46:09,326 DEBUG (BaseJdbcLogger.java:143)- ==> Parameters: MENU-IS_SHOW(String)
2020-02-21 12:46:09,326 DEBUG (BaseJdbcLogger.java:143)- ==> Parameters: MENU-STS(String)
2020-02-21 12:46:09,326 DEBUG (BaseJdbcLogger.java:143)- ==> Parameters: MENU-IS_SHOW(String)
2020-02-21 12:46:09,326 DEBUG (BaseJdbcLogger.java:143)- <==      Total: 2
2020-02-21 12:46:09,327 DEBUG (BaseJdbcLogger.java:143)- ==>  Preparing: SELECT COUNT(*) FROM DIC_CODE WHERE CODE_KEY=? 
2020-02-21 12:46:09,327 DEBUG (BaseJdbcLogger.java:143)- <==      Total: 1
2020-02-21 12:46:09,327 DEBUG (BaseJdbcLogger.java:143)- <==      Total: 1
2020-02-21 12:46:09,327 DEBUG (BaseJdbcLogger.java:143)- <==      Total: 1
2020-02-21 12:46:09,328 INFO (DicCodeController.java:61)- 菜单-查询
2020-02-21 12:46:09,328 INFO (DicCodeController.java:61)- 菜单-查询
2020-02-21 12:46:09,328 INFO (DicCodeController.java:61)- 菜单-查询
2020-02-21 12:46:09,328 DEBUG (BaseJdbcLogger.java:143)- ==> Parameters: MENU-STS(String)
2020-02-21 12:46:09,329 DEBUG (BaseJdbcLogger.java:143)- <==      Total: 1
2020-02-21 12:46:09,330 INFO (DicCodeController.java:61)- 菜单-查询
