2020-02-21 20:10:02,996 DEBUG (BaseJdbcLogger.java:143)- ==>  Preparing: SELECT COUNT(*) FROM DIC_CODE WHERE CODE_KEY=? 
2020-02-21 20:10:02,996 INFO (DicCodeController.java:55)- 菜单-查询
2020-02-21 20:10:02,996 DEBUG (BaseJdbcLogger.java:143)- <==      Total: 2
2020-02-21 20:10:02,997 DEBUG (BaseJdbcLogger.java:143)- ==> Parameters: MENU-IS_SHOW(String)
2020-02-21 20:10:02,998 DEBUG (BaseJdbcLogger.java:143)- ==>  Preparing: SELECT COUNT(*) FROM DIC_CODE WHERE CODE_KEY=? 
2020-02-21 20:10:02,998 INFO (DicCodeController.java:55)- 菜单-查询
2020-02-21 20:10:02,998 DEBUG (BaseJdbcLogger.java:143)- ==>  Preparing: SELECT t.UUID as "uuid", t.CODE_KEY as "codeKey", t.CODE_VALUE as "codeValue", t.CODE_NAME as "codeName", t.UTE_USER_NO as "uteUserNo", t.UTE_DT as "uteDt", t.CTE_USER_NO as "cteUserNo", t.CTE_DT as "cteDt" FROM DIC_CODE t WHERE CODE_KEY=? limit ?, ? 
2020-02-21 20:10:02,998 DEBUG (BaseJdbcLogger.java:143)- ==> Parameters: MENU-IS_SHOW(String)
2020-02-21 20:10:02,998 DEBUG (BaseJdbcLogger.java:143)- ==> Parameters: MENU-STS(String), 0(Integer), 1000(Integer)
2020-02-21 20:10:02,999 DEBUG (BaseJdbcLogger.java:143)- <==      Total: 1
2020-02-21 20:10:02,999 DEBUG (BaseJdbcLogger.java:143)- ==>  Preparing: SELECT t.UUID as "uuid", t.CODE_KEY as "codeKey", t.CODE_VALUE as "codeValue", t.CODE_NAME as "codeName", t.UTE_USER_NO as "uteUserNo", t.UTE_DT as "uteDt", t.CTE_USER_NO as "cteUserNo", t.CTE_DT as "cteDt" FROM DIC_CODE t WHERE CODE_KEY=? limit ?, ? 
2020-02-21 20:10:02,999 INFO (DicCodeController.java:61)- 菜单-查询
2020-02-21 20:10:02,999 DEBUG (BaseJdbcLogger.java:143)- ==> Parameters: MENU-STS(String), 0(Integer), 1000(Integer)
2020-02-21 20:10:02,999 DEBUG (BaseJdbcLogger.java:143)- <==      Total: 1
2020-02-21 20:10:02,999 INFO (DicCodeController.java:61)- 菜单-查询
2020-02-21 20:10:02,999 DEBUG (BaseJdbcLogger.java:143)- <==      Total: 2
2020-02-21 20:10:03,000 DEBUG (BaseJdbcLogger.java:143)- ==>  Preparing: SELECT COUNT(*) FROM DIC_CODE WHERE CODE_KEY=? 
2020-02-21 20:10:03,000 DEBUG (BaseJdbcLogger.java:143)- <==      Total: 2
2020-02-21 20:10:03,001 DEBUG (BaseJdbcLogger.java:143)- ==> Parameters: MENU-STS(String)
2020-02-21 20:10:03,001 DEBUG (BaseJdbcLogger.java:143)- ==>  Preparing: SELECT COUNT(*) FROM DIC_CODE WHERE CODE_KEY=? 
2020-02-21 20:10:03,001 DEBUG (BaseJdbcLogger.java:143)- ==> Parameters: MENU-STS(String)
2020-02-21 20:10:03,002 DEBUG (BaseJdbcLogger.java:143)- <==      Total: 1
2020-02-21 20:10:03,002 DEBUG (BaseJdbcLogger.java:143)- <==      Total: 1
2020-02-21 20:10:03,002 INFO (DicCodeController.java:61)- 菜单-查询
