2020-02-21 21:04:34,705 INFO (MenuController.java:82)- 菜单-详细
2020-02-21 21:04:34,707 DEBUG (BaseJdbcLogger.java:143)- ==>  Preparing: SELECT MENU_ID, MENU_NAME, PARENT_ID, ICON, SORT, IS_SHOW, PERMISSSION, STS, REMARKS, UTE_USER_NO, UTE_DT, CTE_USER_NO, CTE_DT FROM MENU WHERE MENU_ID=? 
2020-02-21 21:04:34,707 DEBUG (BaseJdbcLogger.java:143)- ==> Parameters: SYS1000(String)
2020-02-21 21:04:34,709 DEBUG (BaseJdbcLogger.java:143)- <==      Total: 1
2020-02-21 21:04:34,709 INFO (MenuController.java:84)- 菜单-详细
2020-02-21 21:04:34,726 INFO (DicCodeController.java:55)- 菜单-查询
2020-02-21 21:04:34,726 INFO (DicCodeController.java:55)- 菜单-查询
2020-02-21 21:04:34,727 DEBUG (BaseJdbcLogger.java:143)- ==>  Preparing: SELECT t.UUID as "uuid", t.CODE_KEY as "codeKey", t.CODE_VALUE as "codeValue", t.CODE_NAME as "codeName", t.UTE_USER_NO as "uteUserNo", t.UTE_DT as "uteDt", t.CTE_USER_NO as "cteUserNo", t.CTE_DT as "cteDt" FROM DIC_CODE t WHERE CODE_KEY=? limit ?, ? 
2020-02-21 21:04:34,727 DEBUG (BaseJdbcLogger.java:143)- ==>  Preparing: SELECT t.UUID as "uuid", t.CODE_KEY as "codeKey", t.CODE_VALUE as "codeValue", t.CODE_NAME as "codeName", t.UTE_USER_NO as "uteUserNo", t.UTE_DT as "uteDt", t.CTE_USER_NO as "cteUserNo", t.CTE_DT as "cteDt" FROM DIC_CODE t WHERE CODE_KEY=? and CODE_VALUE=? limit ?, ? 
2020-02-21 21:04:34,728 DEBUG (BaseJdbcLogger.java:143)- ==> Parameters: MENU-STS(String), 0(Integer), 1000(Integer)
2020-02-21 21:04:34,728 DEBUG (BaseJdbcLogger.java:143)- ==> Parameters: MENU-IS_SHOW(String), 1(String), 0(Integer), 1000(Integer)
2020-02-21 21:04:34,729 DEBUG (BaseJdbcLogger.java:143)- <==      Total: 1
2020-02-21 21:04:34,729 DEBUG (BaseJdbcLogger.java:143)- <==      Total: 1
2020-02-21 21:04:34,731 DEBUG (BaseJdbcLogger.java:143)- ==>  Preparing: SELECT COUNT(*) FROM DIC_CODE WHERE CODE_KEY=? 
2020-02-21 21:04:34,731 DEBUG (BaseJdbcLogger.java:143)- ==>  Preparing: SELECT COUNT(*) FROM DIC_CODE WHERE CODE_KEY=? and CODE_VALUE=? 
2020-02-21 21:04:34,731 DEBUG (BaseJdbcLogger.java:143)- ==> Parameters: MENU-IS_SHOW(String), 1(String)
2020-02-21 21:04:34,731 DEBUG (BaseJdbcLogger.java:143)- ==> Parameters: MENU-STS(String)
2020-02-21 21:04:34,733 DEBUG (BaseJdbcLogger.java:143)- <==      Total: 1
2020-02-21 21:04:34,733 DEBUG (BaseJdbcLogger.java:143)- <==      Total: 1
2020-02-21 21:04:34,733 INFO (DicCodeController.java:61)- 菜单-查询
2020-02-21 21:04:34,733 INFO (DicCodeController.java:61)- 菜单-查询
