2020-02-21 12:46:19,416 DEBUG (BaseJdbcLogger.java:143)- <==      Total: 2
2020-02-21 12:46:19,416 DEBUG (BaseJdbcLogger.java:143)- ==> Parameters: MENU-STS(String), 0(Integer), 1000(Integer)
2020-02-21 12:46:19,416 DEBUG (BaseJdbcLogger.java:143)- <==      Total: 2
2020-02-21 12:46:19,416 DEBUG (BaseJdbcLogger.java:143)- <==      Total: 2
2020-02-21 12:46:19,418 DEBUG (BaseJdbcLogger.java:143)- ==>  Preparing: SELECT COUNT(*) FROM DIC_CODE WHERE CODE_KEY=? 
2020-02-21 12:46:19,418 DEBUG (BaseJdbcLogger.java:143)- ==>  Preparing: SELECT COUNT(*) FROM DIC_CODE WHERE CODE_KEY=? 
2020-02-21 12:46:19,418 DEBUG (BaseJdbcLogger.java:143)- ==>  Preparing: SELECT COUNT(*) FROM DIC_CODE WHERE CODE_KEY=? 
2020-02-21 12:46:19,419 DEBUG (BaseJdbcLogger.java:143)- ==> Parameters: MENU-STS(String)
2020-02-21 12:46:19,419 DEBUG (BaseJdbcLogger.java:143)- ==> Parameters: MENU-IS_SHOW(String)
2020-02-21 12:46:19,419 DEBUG (BaseJdbcLogger.java:143)- ==> Parameters: MENU-IS_SHOW(String)
2020-02-21 12:46:19,419 DEBUG (BaseJdbcLogger.java:143)- <==      Total: 2
2020-02-21 12:46:19,420 DEBUG (BaseJdbcLogger.java:143)- <==      Total: 1
2020-02-21 12:46:19,420 DEBUG (BaseJdbcLogger.java:143)- <==      Total: 1
2020-02-21 12:46:19,420 DEBUG (BaseJdbcLogger.java:143)- ==>  Preparing: SELECT COUNT(*) FROM DIC_CODE WHERE CODE_KEY=? 
2020-02-21 12:46:19,420 DEBUG (BaseJdbcLogger.java:143)- <==      Total: 1
2020-02-21 12:46:19,421 INFO (DicCodeController.java:61)- 菜单-查询
2020-02-21 12:46:19,421 INFO (DicCodeController.java:61)- 菜单-查询
2020-02-21 12:46:19,421 DEBUG (BaseJdbcLogger.java:143)- ==> Parameters: MENU-STS(String)
2020-02-21 12:46:19,421 INFO (DicCodeController.java:61)- 菜单-查询
2020-02-21 12:46:19,422 DEBUG (BaseJdbcLogger.java:143)- <==      Total: 1
2020-02-21 12:46:19,423 INFO (DicCodeController.java:61)- 菜单-查询
2020-02-21 12:46:20,083 INFO (MenuController.java:55)- 菜单-查询
2020-02-21 12:46:20,085 DEBUG (BaseJdbcLogger.java:143)- ==>  Preparing: SELECT t.MENU_ID as "menuId", t.MENU_NAME as "menuName", t.PARENT_ID as "parentId", t.ICON as "icon", t.SORT as "sort", t.IS_SHOW as "isShow", '' as "isShowName", t.PERMISSSION as "permisssion", t.STS as "sts", '' as "stsName", t.REMARKS as "remarks", t.UTE_USER_NO as "uteUserNo", t.UTE_DT as "uteDt", t.CTE_USER_NO as "cteUserNo", t.CTE_DT as "cteDt" FROM MENU t limit ?, ? 
2020-02-21 12:46:20,085 DEBUG (BaseJdbcLogger.java:143)- ==> Parameters: 0(Integer), 20(Integer)
