2020-02-29 21:24:46,426 DEBUG (BaseJdbcLogger.java:143)- ==>  Preparing: SELECT t.MENU_ID as "menuId", t.MENU_NAME as "menuName", t.PARENT_ID as "parentId", t.TYPE as "type", t.SORT as "sort", t.ICON as "icon", t.IS_SHOW as "isShow", t.STS as "sts" FROM MENU t WHERE PARENT_ID=? order by t.SORT 
2020-02-29 21:24:46,429 DEBUG (BaseJdbcLogger.java:143)- ==> Parameters: SYS1020(String)
2020-02-29 21:24:46,440 DEBUG (BaseJdbcLogger.java:143)- <==      Total: 0
2020-02-29 21:24:46,443 DEBUG (BaseJdbcLogger.java:143)- ==>  Preparing: SELECT t.MENU_ID as "menuId", t.MENU_NAME as "menuName", t.PARENT_ID as "parentId", t.TYPE as "type", t.SORT as "sort", t.ICON as "icon", t.IS_SHOW as "isShow", t.STS as "sts" FROM MENU t WHERE PARENT_ID=? order by t.SORT 
2020-02-29 21:24:46,445 DEBUG (BaseJdbcLogger.java:143)- ==> Parameters: SYS1030(String)
2020-02-29 21:24:46,456 DEBUG (BaseJdbcLogger.java:143)- <==      Total: 0
2020-02-29 21:24:46,459 DEBUG (BaseJdbcLogger.java:143)- ==>  Preparing: SELECT t.MENU_ID as "menuId", t.MENU_NAME as "menuName", t.PARENT_ID as "parentId", t.TYPE as "type", t.SORT as "sort", t.ICON as "icon", t.IS_SHOW as "isShow", t.STS as "sts" FROM MENU t WHERE PARENT_ID=? order by t.SORT 
2020-02-29 21:24:46,462 DEBUG (BaseJdbcLogger.java:143)- ==> Parameters: SYS1040(String)
2020-02-29 21:24:46,476 DEBUG (BaseJdbcLogger.java:143)- <==      Total: 0
2020-02-29 21:24:46,479 DEBUG (BaseJdbcLogger.java:143)- ==>  Preparing: SELECT t.MENU_ID as "menuId", t.MENU_NAME as "menuName", t.PARENT_ID as "parentId", t.TYPE as "type", t.SORT as "sort", t.ICON as "icon", t.IS_SHOW as "isShow", t.STS as "sts" FROM MENU t WHERE PARENT_ID=? order by t.SORT 
2020-02-29 21:24:46,481 DEBUG (BaseJdbcLogger.java:143)- ==> Parameters: SYS1020(String)
2020-02-29 21:24:46,497 DEBUG (BaseJdbcLogger.java:143)- <==      Total: 0
2020-02-29 21:24:46,500 DEBUG (BaseJdbcLogger.java:143)- ==>  Preparing: SELECT t.MENU_ID as "menuId", t.MENU_NAME as "menuName", t.PARENT_ID as "parentId", t.TYPE as "type", t.SORT as "sort", t.ICON as "icon", t.IS_SHOW as "isShow", t.STS as "sts" FROM MENU t WHERE PARENT_ID=? order by t.SORT 
2020-02-29 21:24:46,502 DEBUG (BaseJdbcLogger.java:143)- ==> Parameters: SYS1030(String)
2020-02-29 21:24:46,513 DEBUG (BaseJdbcLogger.java:143)- <==      Total: 0
2020-02-29 21:24:46,516 DEBUG (BaseJdbcLogger.java:143)- ==>  Preparing: SELECT t.MENU_ID as "menuId", t.MENU_NAME as "menuName", t.PARENT_ID as "parentId", t.TYPE as "type", t.SORT as "sort", t.ICON as "icon", t.IS_SHOW as "isShow", t.STS as "sts" FROM MENU t WHERE PARENT_ID=? order by t.SORT 
2020-02-29 21:24:46,518 DEBUG (BaseJdbcLogger.java:143)- ==> Parameters: SYS1040(String)
2020-02-29 21:24:46,531 DEBUG (BaseJdbcLogger.java:143)- <==      Total: 0
2020-02-29 21:25:54,685 INFO (StartupInfoLogger.java:55)- Starting WskApplication on localhost with PID 1142 (/Users/zhaoqiugen/gituser/wutong/wsk/out/production/classes started by zhaoqiugen in /Users/zhaoqiugen/gituser/wutong/wsk)
2020-02-29 21:25:54,689 DEBUG (StartupInfoLogger.java:56)- Running with Spring Boot v2.2.2.RELEASE, Spring v5.2.2.RELEASE
2020-02-29 21:25:54,689 INFO (SpringApplication.java:651)- No active profile set, falling back to default profiles: default
