2020-02-22 10:58:15,435 INFO (MenuController.java:82)- 菜单-详细
2020-02-22 10:58:15,437 DEBUG (BaseJdbcLogger.java:143)- ==>  Preparing: SELECT MENU_ID, MENU_NAME, PARENT_ID, ICON, SORT, IS_SHOW, PERMISSSION, STS, REMARKS, UTE_USER_NO, UTE_DT, CTE_USER_NO, CTE_DT FROM MENU WHERE MENU_ID=? 
2020-02-22 10:58:15,438 DEBUG (BaseJdbcLogger.java:143)- ==> Parameters: SYS1000(String)
2020-02-22 10:58:15,440 DEBUG (BaseJdbcLogger.java:143)- <==      Total: 1
2020-02-22 10:58:15,440 INFO (MenuController.java:84)- 菜单-详细
2020-02-22 10:58:15,446 INFO (DicCodeController.java:55)- 菜单-查询
2020-02-22 10:58:15,447 INFO (DicCodeController.java:55)- 菜单-查询
2020-02-22 10:58:15,448 DEBUG (BaseJdbcLogger.java:143)- ==>  Preparing: SELECT t.UUID as "uuid", t.CODE_KEY as "codeKey", t.CODE_VALUE as "codeValue", t.CODE_NAME as "codeName", t.UTE_USER_NO as "uteUserNo", t.UTE_DT as "uteDt", t.CTE_USER_NO as "cteUserNo", t.CTE_DT as "cteDt" FROM DIC_CODE t WHERE CODE_KEY=? limit ?, ? 
2020-02-22 10:58:15,448 DEBUG (BaseJdbcLogger.java:143)- ==>  Preparing: SELECT t.UUID as "uuid", t.CODE_KEY as "codeKey", t.CODE_VALUE as "codeValue", t.CODE_NAME as "codeName", t.UTE_USER_NO as "uteUserNo", t.UTE_DT as "uteDt", t.CTE_USER_NO as "cteUserNo", t.CTE_DT as "cteDt" FROM DIC_CODE t WHERE CODE_KEY=? limit ?, ? 
2020-02-22 10:58:15,448 DEBUG (BaseJdbcLogger.java:143)- ==> Parameters: MENU-STS(String), 0(Integer), 1000(Integer)
2020-02-22 10:58:15,448 DEBUG (BaseJdbcLogger.java:143)- ==> Parameters: MENU-IS_SHOW(String), 0(Integer), 1000(Integer)
2020-02-22 10:58:15,450 DEBUG (BaseJdbcLogger.java:143)- <==      Total: 2
2020-02-22 10:58:15,453 DEBUG (BaseJdbcLogger.java:143)- ==>  Preparing: SELECT COUNT(*) FROM DIC_CODE WHERE CODE_KEY=? 
2020-02-22 10:58:15,455 DEBUG (BaseJdbcLogger.java:143)- <==      Total: 2
2020-02-22 10:58:15,455 DEBUG (BaseJdbcLogger.java:143)- ==> Parameters: MENU-IS_SHOW(String)
2020-02-22 10:58:15,456 DEBUG (BaseJdbcLogger.java:143)- ==>  Preparing: SELECT COUNT(*) FROM DIC_CODE WHERE CODE_KEY=? 
2020-02-22 10:58:15,457 DEBUG (BaseJdbcLogger.java:143)- <==      Total: 1
2020-02-22 10:58:15,457 DEBUG (BaseJdbcLogger.java:143)- ==> Parameters: MENU-STS(String)
2020-02-22 10:58:15,457 INFO (DicCodeController.java:61)- 菜单-查询
2020-02-22 10:58:15,458 DEBUG (BaseJdbcLogger.java:143)- <==      Total: 1
2020-02-22 10:58:15,459 INFO (DicCodeController.java:61)- 菜单-查询
