2020-02-21 18:06:31,555 DEBUG (BaseJdbcLogger.java:143)- ==> Parameters: MENU-IS_SHOW(String)
2020-02-21 18:06:31,556 DEBUG (BaseJdbcLogger.java:143)- ==> Parameters: MENU-STS(String)
2020-02-21 18:06:31,555 DEBUG (BaseJdbcLogger.java:143)- ==> Parameters: MENU-STS(String)
2020-02-21 18:06:31,556 DEBUG (BaseJdbcLogger.java:143)- ==>  Preparing: SELECT COUNT(*) FROM DIC_CODE WHERE CODE_KEY=? 
2020-02-21 18:06:31,558 DEBUG (BaseJdbcLogger.java:143)- ==> Parameters: MENU-IS_SHOW(String)
2020-02-21 18:06:31,558 DEBUG (BaseJdbcLogger.java:143)- <==      Total: 1
2020-02-21 18:06:31,558 DEBUG (BaseJdbcLogger.java:143)- <==      Total: 1
2020-02-21 18:06:31,559 INFO (DicCodeController.java:61)- 菜单-查询
2020-02-21 18:06:31,559 DEBUG (BaseJdbcLogger.java:143)- <==      Total: 1
2020-02-21 18:06:31,559 INFO (DicCodeController.java:61)- 菜单-查询
2020-02-21 18:06:31,559 INFO (DicCodeController.java:61)- 菜单-查询
2020-02-21 18:06:31,560 DEBUG (BaseJdbcLogger.java:143)- <==      Total: 1
2020-02-21 18:06:31,561 INFO (DicCodeController.java:61)- 菜单-查询
2020-02-21 18:06:31,804 INFO (MenuController.java:55)- 菜单-查询
2020-02-21 18:06:31,808 DEBUG (BaseJdbcLogger.java:143)- ==>  Preparing: SELECT t.MENU_ID as "menuId", t.MENU_NAME as "menuName", t.PARENT_ID as "parentId", t.ICON as "icon", t.SORT as "sort", t.IS_SHOW as "isShow", '' as "isShowName", t.PERMISSSION as "permisssion", t.STS as "sts", '' as "stsName", t.REMARKS as "remarks", t.UTE_USER_NO as "uteUserNo", t.UTE_DT as "uteDt", t.CTE_USER_NO as "cteUserNo", t.CTE_DT as "cteDt" FROM MENU t limit ?, ? 
2020-02-21 18:06:31,809 DEBUG (BaseJdbcLogger.java:143)- ==> Parameters: 0(Integer), 20(Integer)
2020-02-21 18:06:31,812 DEBUG (BaseJdbcLogger.java:143)- <==      Total: 3
2020-02-21 18:06:31,814 DEBUG (BaseJdbcLogger.java:143)- ==>  Preparing: SELECT COUNT(*) FROM MENU 
2020-02-21 18:06:31,814 DEBUG (BaseJdbcLogger.java:143)- ==> Parameters: 
2020-02-21 18:06:31,815 DEBUG (BaseJdbcLogger.java:143)- <==      Total: 1
2020-02-21 18:06:31,816 INFO (MenuController.java:61)- 菜单-查询
