2020-02-21 13:38:10,532 DEBUG (BaseJdbcLogger.java:143)- ==> Parameters: MENU-STS(String), 0(Integer), 1000(Integer)
2020-02-21 13:38:10,533 DEBUG (BaseJdbcLogger.java:143)- <==      Total: 2
2020-02-21 13:38:10,533 DEBUG (BaseJdbcLogger.java:143)- <==      Total: 2
2020-02-21 13:38:10,534 DEBUG (BaseJdbcLogger.java:143)- <==      Total: 2
2020-02-21 13:38:10,535 DEBUG (BaseJdbcLogger.java:143)- ==>  Preparing: SELECT COUNT(*) FROM DIC_CODE WHERE CODE_KEY=? 
2020-02-21 13:38:10,535 DEBUG (BaseJdbcLogger.java:143)- ==>  Preparing: SELECT COUNT(*) FROM DIC_CODE WHERE CODE_KEY=? 
2020-02-21 13:38:10,535 DEBUG (BaseJdbcLogger.java:143)- ==> Parameters: MENU-STS(String)
2020-02-21 13:38:10,535 DEBUG (BaseJdbcLogger.java:143)- ==> Parameters: MENU-IS_SHOW(String)
2020-02-21 13:38:10,535 DEBUG (BaseJdbcLogger.java:143)- <==      Total: 2
2020-02-21 13:38:10,536 DEBUG (BaseJdbcLogger.java:143)- ==>  Preparing: SELECT COUNT(*) FROM DIC_CODE WHERE CODE_KEY=? 
2020-02-21 13:38:10,536 DEBUG (BaseJdbcLogger.java:143)- ==>  Preparing: SELECT COUNT(*) FROM DIC_CODE WHERE CODE_KEY=? 
2020-02-21 13:38:10,536 DEBUG (BaseJdbcLogger.java:143)- ==> Parameters: MENU-STS(String)
2020-02-21 13:38:10,536 DEBUG (BaseJdbcLogger.java:143)- <==      Total: 1
2020-02-21 13:38:10,536 DEBUG (BaseJdbcLogger.java:143)- ==> Parameters: MENU-IS_SHOW(String)
2020-02-21 13:38:10,537 INFO (DicCodeController.java:61)- 菜单-查询
2020-02-21 13:38:10,537 DEBUG (BaseJdbcLogger.java:143)- <==      Total: 1
2020-02-21 13:38:10,538 DEBUG (BaseJdbcLogger.java:143)- <==      Total: 1
2020-02-21 13:38:10,538 DEBUG (BaseJdbcLogger.java:143)- <==      Total: 1
2020-02-21 13:38:10,538 INFO (DicCodeController.java:61)- 菜单-查询
2020-02-21 13:38:10,538 INFO (DicCodeController.java:61)- 菜单-查询
2020-02-21 13:38:10,538 INFO (DicCodeController.java:61)- 菜单-查询
2020-02-21 13:38:11,107 INFO (MenuController.java:55)- 菜单-查询
2020-02-21 13:38:11,108 DEBUG (BaseJdbcLogger.java:143)- ==>  Preparing: SELECT t.MENU_ID as "menuId", t.MENU_NAME as "menuName", t.PARENT_ID as "parentId", t.ICON as "icon", t.SORT as "sort", t.IS_SHOW as "isShow", '' as "isShowName", t.PERMISSSION as "permisssion", t.STS as "sts", '' as "stsName", t.REMARKS as "remarks", t.UTE_USER_NO as "uteUserNo", t.UTE_DT as "uteDt", t.CTE_USER_NO as "cteUserNo", t.CTE_DT as "cteDt" FROM MENU t limit ?, ? 
2020-02-21 13:38:11,109 DEBUG (BaseJdbcLogger.java:143)- ==> Parameters: 0(Integer), 20(Integer)
