2020-02-21 20:44:39,302 DEBUG (BaseJdbcLogger.java:143)- ==> Parameters: MENU-IS_SHOW(String)
2020-02-21 20:44:39,302 DEBUG (BaseJdbcLogger.java:143)- ==> Parameters: MENU-STS(String)
2020-02-21 20:44:39,302 DEBUG (BaseJdbcLogger.java:143)- ==> Parameters: MENU-IS_SHOW(String)
2020-02-21 20:44:39,302 DEBUG (BaseJdbcLogger.java:143)- ==> Parameters: MENU-STS(String)
2020-02-21 20:44:39,304 DEBUG (BaseJdbcLogger.java:143)- <==      Total: 1
2020-02-21 20:44:39,304 DEBUG (BaseJdbcLogger.java:143)- <==      Total: 1
2020-02-21 20:44:39,304 DEBUG (BaseJdbcLogger.java:143)- <==      Total: 1
2020-02-21 20:44:39,304 DEBUG (BaseJdbcLogger.java:143)- <==      Total: 1
2020-02-21 20:44:39,305 INFO (DicCodeController.java:61)- 菜单-查询
2020-02-21 20:44:39,305 INFO (DicCodeController.java:61)- 菜单-查询
2020-02-21 20:44:39,305 INFO (DicCodeController.java:61)- 菜单-查询
2020-02-21 20:44:39,305 INFO (DicCodeController.java:61)- 菜单-查询
2020-02-21 20:44:39,850 INFO (MenuController.java:55)- 菜单-查询
2020-02-21 20:44:39,851 DEBUG (BaseJdbcLogger.java:143)- ==>  Preparing: SELECT t.MENU_ID as "menuId", t.MENU_NAME as "menuName", t.PARENT_ID as "parentId", t.ICON as "icon", t.SORT as "sort", t.IS_SHOW as "isShow", '' as "isShowName", t.PERMISSSION as "permisssion", t.STS as "sts", '' as "stsName", t.REMARKS as "remarks", t.UTE_USER_NO as "uteUserNo", t.UTE_DT as "uteDt", t.CTE_USER_NO as "cteUserNo", t.CTE_DT as "cteDt" FROM MENU t limit ?, ? 
2020-02-21 20:44:39,852 DEBUG (BaseJdbcLogger.java:143)- ==> Parameters: 0(Integer), 20(Integer)
2020-02-21 20:44:39,853 DEBUG (BaseJdbcLogger.java:143)- <==      Total: 3
2020-02-21 20:44:39,854 DEBUG (BaseJdbcLogger.java:143)- ==>  Preparing: SELECT COUNT(*) FROM MENU 
2020-02-21 20:44:39,855 DEBUG (BaseJdbcLogger.java:143)- ==> Parameters: 
2020-02-21 20:44:39,856 DEBUG (BaseJdbcLogger.java:143)- <==      Total: 1
2020-02-21 20:44:39,857 INFO (MenuController.java:61)- 菜单-查询
