2020-02-21 21:23:36,338 DEBUG (BaseJdbcLogger.java:143)- <==      Total: 2
2020-02-21 21:23:36,338 DEBUG (BaseJdbcLogger.java:143)- <==      Total: 2
2020-02-21 21:23:36,339 DEBUG (BaseJdbcLogger.java:143)- ==>  Preparing: SELECT COUNT(*) FROM DIC_CODE WHERE CODE_KEY=? 
2020-02-21 21:23:36,339 DEBUG (BaseJdbcLogger.java:143)- ==>  Preparing: SELECT COUNT(*) FROM DIC_CODE WHERE CODE_KEY=? 
2020-02-21 21:23:36,340 DEBUG (BaseJdbcLogger.java:143)- ==> Parameters: MENU-STS(String)
2020-02-21 21:23:36,340 DEBUG (BaseJdbcLogger.java:143)- ==> Parameters: MENU-STS(String)
2020-02-21 21:23:36,340 DEBUG (BaseJdbcLogger.java:143)- ==>  Preparing: SELECT COUNT(*) FROM DIC_CODE WHERE CODE_KEY=? 
2020-02-21 21:23:36,340 DEBUG (BaseJdbcLogger.java:143)- ==>  Preparing: SELECT COUNT(*) FROM DIC_CODE WHERE CODE_KEY=? 
2020-02-21 21:23:36,341 DEBUG (BaseJdbcLogger.java:143)- ==> Parameters: MENU-IS_SHOW(String)
2020-02-21 21:23:36,341 DEBUG (BaseJdbcLogger.java:143)- ==> Parameters: MENU-IS_SHOW(String)
2020-02-21 21:23:36,342 DEBUG (BaseJdbcLogger.java:143)- <==      Total: 1
2020-02-21 21:23:36,342 DEBUG (BaseJdbcLogger.java:143)- <==      Total: 1
2020-02-21 21:23:36,342 DEBUG (BaseJdbcLogger.java:143)- <==      Total: 1
2020-02-21 21:23:36,343 INFO (DicCodeController.java:61)- 菜单-查询
2020-02-21 21:23:36,343 INFO (DicCodeController.java:61)- 菜单-查询
2020-02-21 21:23:36,343 INFO (DicCodeController.java:61)- 菜单-查询
2020-02-21 21:23:36,343 DEBUG (BaseJdbcLogger.java:143)- <==      Total: 1
2020-02-21 21:23:36,344 INFO (DicCodeController.java:61)- 菜单-查询
2020-02-21 21:23:36,663 INFO (MenuController.java:55)- 菜单-查询
2020-02-21 21:23:36,671 DEBUG (BaseJdbcLogger.java:143)- ==>  Preparing: SELECT t.MENU_ID as "menuId", t.MENU_NAME as "menuName", t.PARENT_ID as "parentId", t.ICON as "icon", t.SORT as "sort", t.IS_SHOW as "isShow", '' as "isShowName", t.PERMISSSION as "permisssion", t.STS as "sts", '' as "stsName", t.REMARKS as "remarks", t.UTE_USER_NO as "uteUserNo", t.UTE_DT as "uteDt", t.CTE_USER_NO as "cteUserNo", t.CTE_DT as "cteDt" FROM MENU t limit ?, ? 
2020-02-21 21:23:36,673 DEBUG (BaseJdbcLogger.java:143)- ==> Parameters: 0(Integer), 20(Integer)
2020-02-21 21:23:36,679 DEBUG (BaseJdbcLogger.java:143)- <==      Total: 3
2020-02-21 21:23:36,681 DEBUG (BaseJdbcLogger.java:143)- ==>  Preparing: SELECT COUNT(*) FROM MENU 
2020-02-21 21:23:36,682 DEBUG (BaseJdbcLogger.java:143)- ==> Parameters: 
2020-02-21 21:23:36,686 DEBUG (BaseJdbcLogger.java:143)- <==      Total: 1
2020-02-21 21:23:36,689 INFO (MenuController.java:61)- 菜单-查询
