2020-02-21 21:08:33,665 DEBUG (BaseJdbcLogger.java:143)- <==      Total: 2
2020-02-21 21:08:33,666 DEBUG (BaseJdbcLogger.java:143)- ==>  Preparing: SELECT COUNT(*) FROM DIC_CODE WHERE CODE_KEY=? 
2020-02-21 21:08:33,666 DEBUG (BaseJdbcLogger.java:143)- ==>  Preparing: SELECT COUNT(*) FROM DIC_CODE WHERE CODE_KEY=? 
2020-02-21 21:08:33,667 DEBUG (BaseJdbcLogger.java:143)- <==      Total: 0
2020-02-21 21:08:33,667 DEBUG (BaseJdbcLogger.java:143)- ==> Parameters: MENU-IS_SHOW(String)
2020-02-21 21:08:33,668 DEBUG (BaseJdbcLogger.java:143)- ==>  Preparing: SELECT COUNT(*) FROM DIC_CODE WHERE CODE_KEY=? 
2020-02-21 21:08:33,668 DEBUG (BaseJdbcLogger.java:143)- ==> Parameters: MENU-STS(String)
2020-02-21 21:08:33,668 DEBUG (BaseJdbcLogger.java:143)- ==> Parameters: MENU-IS_SHOW(String)
2020-02-21 21:08:33,668 DEBUG (BaseJdbcLogger.java:143)- ==>  Preparing: SELECT COUNT(*) FROM DIC_CODE WHERE CODE_KEY=? 
2020-02-21 21:08:33,669 DEBUG (BaseJdbcLogger.java:143)- ==> Parameters: MENU-STS(String)
2020-02-21 21:08:33,670 DEBUG (BaseJdbcLogger.java:143)- <==      Total: 1
2020-02-21 21:08:33,670 DEBUG (BaseJdbcLogger.java:143)- <==      Total: 1
2020-02-21 21:08:33,670 DEBUG (BaseJdbcLogger.java:143)- <==      Total: 1
2020-02-21 21:08:33,671 DEBUG (BaseJdbcLogger.java:143)- <==      Total: 1
2020-02-21 21:08:33,671 INFO (DicCodeController.java:61)- 菜单-查询
2020-02-21 21:08:33,671 INFO (DicCodeController.java:61)- 菜单-查询
2020-02-21 21:08:33,671 INFO (DicCodeController.java:61)- 菜单-查询
2020-02-21 21:08:33,671 INFO (DicCodeController.java:61)- 菜单-查询
2020-02-21 21:08:34,432 INFO (MenuController.java:55)- 菜单-查询
2020-02-21 21:08:34,436 DEBUG (BaseJdbcLogger.java:143)- ==>  Preparing: SELECT t.MENU_ID as "menuId", t.MENU_NAME as "menuName", t.PARENT_ID as "parentId", t.ICON as "icon", t.SORT as "sort", t.IS_SHOW as "isShow", '' as "isShowName", t.PERMISSSION as "permisssion", t.STS as "sts", '' as "stsName", t.REMARKS as "remarks", t.UTE_USER_NO as "uteUserNo", t.UTE_DT as "uteDt", t.CTE_USER_NO as "cteUserNo", t.CTE_DT as "cteDt" FROM MENU t limit ?, ? 
2020-02-21 21:08:34,437 DEBUG (BaseJdbcLogger.java:143)- ==> Parameters: 0(Integer), 20(Integer)
2020-02-21 21:08:34,440 DEBUG (BaseJdbcLogger.java:143)- <==      Total: 3
2020-02-21 21:08:34,442 DEBUG (BaseJdbcLogger.java:143)- ==>  Preparing: SELECT COUNT(*) FROM MENU 
2020-02-21 21:08:34,442 DEBUG (BaseJdbcLogger.java:143)- ==> Parameters: 
2020-02-21 21:08:34,444 DEBUG (BaseJdbcLogger.java:143)- <==      Total: 1
2020-02-21 21:08:34,445 INFO (MenuController.java:61)- 菜单-查询
2020-02-21 21:08:51,863 INFO (StartupInfoLogger.java:55)- Starting WskApplication on zhaoqiugendeMacBook-Pro.local with PID 54640 (/Users/zhaoqiugen/gituser/wutong/wsk/out/production/classes started by zhaoqiugen in /Users/zhaoqiugen/gituser/wutong/wsk)
2020-02-21 21:08:51,869 DEBUG (StartupInfoLogger.java:56)- Running with Spring Boot v2.2.2.RELEASE, Spring v5.2.2.RELEASE
2020-02-21 21:08:51,870 INFO (SpringApplication.java:651)- No active profile set, falling back to default profiles: default
