2020-02-21 12:44:24,965 DEBUG (BaseJdbcLogger.java:143)- <==      Total: 2
2020-02-21 12:44:24,965 DEBUG (BaseJdbcLogger.java:143)- ==>  Preparing: SELECT COUNT(*) FROM DIC_CODE WHERE CODE_KEY=? 
2020-02-21 12:44:24,967 DEBUG (BaseJdbcLogger.java:143)- ==> Parameters: MENU-IS_SHOW(String)
2020-02-21 12:44:24,967 DEBUG (BaseJdbcLogger.java:143)- ==>  Preparing: SELECT COUNT(*) FROM DIC_CODE WHERE CODE_KEY=? 
2020-02-21 12:44:24,967 DEBUG (BaseJdbcLogger.java:143)- ==>  Preparing: SELECT COUNT(*) FROM DIC_CODE WHERE CODE_KEY=? 
2020-02-21 12:44:24,967 DEBUG (BaseJdbcLogger.java:143)- ==> Parameters: MENU-IS_SHOW(String)
2020-02-21 12:44:24,968 DEBUG (BaseJdbcLogger.java:143)- ==> Parameters: MENU-STS(String)
2020-02-21 12:44:24,968 DEBUG (BaseJdbcLogger.java:143)- <==      Total: 1
2020-02-21 12:44:24,968 INFO (DicCodeController.java:61)- 菜单-查询
2020-02-21 12:44:24,968 DEBUG (BaseJdbcLogger.java:143)- <==      Total: 1
2020-02-21 12:44:24,969 INFO (DicCodeController.java:61)- 菜单-查询
2020-02-21 12:44:24,969 DEBUG (BaseJdbcLogger.java:143)- <==      Total: 1
2020-02-21 12:44:24,970 INFO (DicCodeController.java:61)- 菜单-查询
2020-02-21 12:44:24,973 INFO (DicCodeController.java:55)- 菜单-查询
2020-02-21 12:44:24,974 DEBUG (BaseJdbcLogger.java:143)- ==>  Preparing: SELECT t.UUID as "uuid", t.CODE_KEY as "codeKey", t.CODE_VALUE as "codeValue", t.CODE_NAME as "codeName", t.UTE_USER_NO as "uteUserNo", t.UTE_DT as "uteDt", t.CTE_USER_NO as "cteUserNo", t.CTE_DT as "cteDt" FROM DIC_CODE t WHERE CODE_KEY=? limit ?, ? 
2020-02-21 12:44:24,975 DEBUG (BaseJdbcLogger.java:143)- ==> Parameters: MENU-STS(String), 0(Integer), 1000(Integer)
2020-02-21 12:44:24,977 DEBUG (BaseJdbcLogger.java:143)- <==      Total: 2
2020-02-21 12:44:24,978 DEBUG (BaseJdbcLogger.java:143)- ==>  Preparing: SELECT COUNT(*) FROM DIC_CODE WHERE CODE_KEY=? 
2020-02-21 12:44:24,979 DEBUG (BaseJdbcLogger.java:143)- ==> Parameters: MENU-STS(String)
2020-02-21 12:44:24,980 DEBUG (BaseJdbcLogger.java:143)- <==      Total: 1
2020-02-21 12:44:24,980 INFO (DicCodeController.java:61)- 菜单-查询
2020-02-21 12:44:25,717 INFO (MenuController.java:55)- 菜单-查询
2020-02-21 12:44:25,720 DEBUG (BaseJdbcLogger.java:143)- ==>  Preparing: SELECT t.MENU_ID as "menuId", t.MENU_NAME as "menuName", t.PARENT_ID as "parentId", t.ICON as "icon", t.SORT as "sort", t.IS_SHOW as "isShow", '' as "isShowName", t.PERMISSSION as "permisssion", t.STS as "sts", '' as "stsName", t.REMARKS as "remarks", t.UTE_USER_NO as "uteUserNo", t.UTE_DT as "uteDt", t.CTE_USER_NO as "cteUserNo", t.CTE_DT as "cteDt" FROM MENU t limit ?, ? 
2020-02-21 12:44:25,721 DEBUG (BaseJdbcLogger.java:143)- ==> Parameters: 0(Integer), 20(Integer)
