2020-02-21 21:10:36,861 DEBUG (BaseJdbcLogger.java:143)- ==> Parameters: MENU-STS(String), 0(Integer), 1000(Integer)
2020-02-21 21:10:36,860 DEBUG (BaseJdbcLogger.java:143)- ==> Parameters: MENU-IS_SHOW(String), 0(Integer), 1000(Integer)
2020-02-21 21:10:36,860 DEBUG (BaseJdbcLogger.java:143)- ==> Parameters: MENU-IS_SHOW(String), 0(Integer), 1000(Integer)
2020-02-21 21:10:36,861 DEBUG (BaseJdbcLogger.java:143)- ==>  Preparing: SELECT t.UUID as "uuid", t.CODE_KEY as "codeKey", t.CODE_VALUE as "codeValue", t.CODE_NAME as "codeName", t.UTE_USER_NO as "uteUserNo", t.UTE_DT as "uteDt", t.CTE_USER_NO as "cteUserNo", t.CTE_DT as "cteDt" FROM DIC_CODE t WHERE CODE_KEY=? limit ?, ? 
2020-02-21 21:10:36,862 DEBUG (BaseJdbcLogger.java:143)- ==> Parameters: MENU-STS(String), 0(Integer), 1000(Integer)
2020-02-21 21:10:36,863 DEBUG (BaseJdbcLogger.java:143)- <==      Total: 0
2020-02-21 21:10:36,863 DEBUG (BaseJdbcLogger.java:143)- <==      Total: 2
2020-02-21 21:10:36,863 DEBUG (BaseJdbcLogger.java:143)- <==      Total: 2
2020-02-21 21:10:36,864 DEBUG (BaseJdbcLogger.java:143)- ==>  Preparing: SELECT COUNT(*) FROM DIC_CODE WHERE CODE_KEY=? 
2020-02-21 21:10:36,864 DEBUG (BaseJdbcLogger.java:143)- ==>  Preparing: SELECT COUNT(*) FROM DIC_CODE WHERE CODE_KEY=? 
2020-02-21 21:10:36,864 DEBUG (BaseJdbcLogger.java:143)- <==      Total: 0
2020-02-21 21:10:36,865 DEBUG (BaseJdbcLogger.java:143)- ==> Parameters: MENU-STS(String)
2020-02-21 21:10:36,865 DEBUG (BaseJdbcLogger.java:143)- ==> Parameters: MENU-IS_SHOW(String)
2020-02-21 21:10:36,865 DEBUG (BaseJdbcLogger.java:143)- ==>  Preparing: SELECT COUNT(*) FROM DIC_CODE WHERE CODE_KEY=? 
2020-02-21 21:10:36,865 DEBUG (BaseJdbcLogger.java:143)- ==>  Preparing: SELECT COUNT(*) FROM DIC_CODE WHERE CODE_KEY=? 
2020-02-21 21:10:36,866 DEBUG (BaseJdbcLogger.java:143)- ==> Parameters: MENU-STS(String)
2020-02-21 21:10:36,866 DEBUG (BaseJdbcLogger.java:143)- ==> Parameters: MENU-IS_SHOW(String)
2020-02-21 21:10:36,867 DEBUG (BaseJdbcLogger.java:143)- <==      Total: 1
2020-02-21 21:10:36,867 DEBUG (BaseJdbcLogger.java:143)- <==      Total: 1
2020-02-21 21:10:36,867 DEBUG (BaseJdbcLogger.java:143)- <==      Total: 1
2020-02-21 21:10:36,867 DEBUG (BaseJdbcLogger.java:143)- <==      Total: 1
2020-02-21 21:10:36,869 INFO (DicCodeController.java:61)- 菜单-查询
2020-02-21 21:10:36,869 INFO (DicCodeController.java:61)- 菜单-查询
2020-02-21 21:10:36,869 INFO (DicCodeController.java:61)- 菜单-查询
2020-02-21 21:10:36,869 INFO (DicCodeController.java:61)- 菜单-查询
2020-02-21 21:10:37,318 INFO (MenuController.java:55)- 菜单-查询
2020-02-21 21:10:37,319 DEBUG (BaseJdbcLogger.java:143)- ==>  Preparing: SELECT t.MENU_ID as "menuId", t.MENU_NAME as "menuName", t.PARENT_ID as "parentId", t.ICON as "icon", t.SORT as "sort", t.IS_SHOW as "isShow", '' as "isShowName", t.PERMISSSION as "permisssion", t.STS as "sts", '' as "stsName", t.REMARKS as "remarks", t.UTE_USER_NO as "uteUserNo", t.UTE_DT as "uteDt", t.CTE_USER_NO as "cteUserNo", t.CTE_DT as "cteDt" FROM MENU t limit ?, ? 
2020-02-21 21:10:37,320 DEBUG (BaseJdbcLogger.java:143)- ==> Parameters: 0(Integer), 20(Integer)
2020-02-21 21:10:37,323 DEBUG (BaseJdbcLogger.java:143)- <==      Total: 3
2020-02-21 21:10:37,325 DEBUG (BaseJdbcLogger.java:143)- ==>  Preparing: SELECT COUNT(*) FROM MENU 
2020-02-21 21:10:37,325 DEBUG (BaseJdbcLogger.java:143)- ==> Parameters: 
2020-02-21 21:10:37,327 DEBUG (BaseJdbcLogger.java:143)- <==      Total: 1
2020-02-21 21:10:37,328 INFO (MenuController.java:61)- 菜单-查询
