2020-02-21 21:46:40,270 DEBUG (BaseJdbcLogger.java:143)- ==> Parameters: 
2020-02-21 21:46:40,273 DEBUG (BaseJdbcLogger.java:143)- <==      Total: 1
2020-02-21 21:46:40,273 INFO (MenuController.java:61)- 菜单-查询
2020-02-21 21:46:45,901 INFO (MenuController.java:82)- 菜单-详细
2020-02-21 21:46:45,902 DEBUG (BaseJdbcLogger.java:143)- ==>  Preparing: SELECT MENU_ID, MENU_NAME, PARENT_ID, ICON, SORT, IS_SHOW, PERMISSSION, STS, REMARKS, UTE_USER_NO, UTE_DT, CTE_USER_NO, CTE_DT FROM MENU WHERE MENU_ID=? 
2020-02-21 21:46:45,903 DEBUG (BaseJdbcLogger.java:143)- ==> Parameters: YH0001(String)
2020-02-21 21:46:45,905 DEBUG (BaseJdbcLogger.java:143)- <==      Total: 1
2020-02-21 21:46:45,905 INFO (MenuController.java:84)- 菜单-详细
2020-02-21 21:46:45,911 INFO (DicCodeController.java:55)- 菜单-查询
2020-02-21 21:46:45,911 INFO (DicCodeController.java:55)- 菜单-查询
2020-02-21 21:46:45,912 DEBUG (BaseJdbcLogger.java:143)- ==>  Preparing: SELECT t.UUID as "uuid", t.CODE_KEY as "codeKey", t.CODE_VALUE as "codeValue", t.CODE_NAME as "codeName", t.UTE_USER_NO as "uteUserNo", t.UTE_DT as "uteDt", t.CTE_USER_NO as "cteUserNo", t.CTE_DT as "cteDt" FROM DIC_CODE t WHERE CODE_KEY=? and CODE_VALUE=? limit ?, ? 
2020-02-21 21:46:45,912 DEBUG (BaseJdbcLogger.java:143)- ==>  Preparing: SELECT t.UUID as "uuid", t.CODE_KEY as "codeKey", t.CODE_VALUE as "codeValue", t.CODE_NAME as "codeName", t.UTE_USER_NO as "uteUserNo", t.UTE_DT as "uteDt", t.CTE_USER_NO as "cteUserNo", t.CTE_DT as "cteDt" FROM DIC_CODE t WHERE CODE_KEY=? limit ?, ? 
2020-02-21 21:46:45,912 DEBUG (BaseJdbcLogger.java:143)- ==> Parameters: MENU-STS(String), 1(String), 0(Integer), 1000(Integer)
2020-02-21 21:46:45,912 DEBUG (BaseJdbcLogger.java:143)- ==> Parameters: MENU-IS_SHOW(String), 0(Integer), 1000(Integer)
2020-02-21 21:46:45,913 DEBUG (BaseJdbcLogger.java:143)- <==      Total: 2
2020-02-21 21:46:45,913 DEBUG (BaseJdbcLogger.java:143)- <==      Total: 1
2020-02-21 21:46:45,914 DEBUG (BaseJdbcLogger.java:143)- ==>  Preparing: SELECT COUNT(*) FROM DIC_CODE WHERE CODE_KEY=? and CODE_VALUE=? 
2020-02-21 21:46:45,914 DEBUG (BaseJdbcLogger.java:143)- ==>  Preparing: SELECT COUNT(*) FROM DIC_CODE WHERE CODE_KEY=? 
2020-02-21 21:46:45,915 DEBUG (BaseJdbcLogger.java:143)- ==> Parameters: MENU-STS(String), 1(String)
2020-02-21 21:46:45,915 DEBUG (BaseJdbcLogger.java:143)- ==> Parameters: MENU-IS_SHOW(String)
2020-02-21 21:46:45,916 DEBUG (BaseJdbcLogger.java:143)- <==      Total: 1
2020-02-21 21:46:45,916 DEBUG (BaseJdbcLogger.java:143)- <==      Total: 1
2020-02-21 21:46:45,917 INFO (DicCodeController.java:61)- 菜单-查询
2020-02-21 21:46:45,917 INFO (DicCodeController.java:61)- 菜单-查询
