2020-02-29 21:48:56,991 INFO (RoleController.java:62)- 菜单-查询
2020-02-29 21:49:00,890 INFO (RoleController.java:84)- 菜单-详细
2020-02-29 21:49:00,892 DEBUG (BaseJdbcLogger.java:143)- ==>  Preparing: SELECT ROLE_ID, ROLE_NAME, SCOPE, STS, DEPT_ID, REMARKS, CTE_USER_NO, CTE_DT, UTE_USER_NO, UTE_DT FROM ROLE WHERE ROLE_ID=? 
2020-02-29 21:49:00,893 DEBUG (BaseJdbcLogger.java:143)- ==> Parameters: R001(String)
2020-02-29 21:49:00,894 DEBUG (BaseJdbcLogger.java:143)- <==      Total: 1
2020-02-29 21:49:00,895 INFO (RoleController.java:86)- 菜单-详细
2020-02-29 21:49:00,896 DEBUG (BaseJdbcLogger.java:143)- ==>  Preparing: SELECT t.MENU_ID as "menuId", t.MENU_NAME as "menuName", t.PARENT_ID as "parentId", t.TYPE as "type", t.SORT as "sort", t.ICON as "icon", t.IS_SHOW as "isShow", t.STS as "sts" FROM MENU t WHERE TYPE=? order by t.SORT 
2020-02-29 21:49:00,896 DEBUG (BaseJdbcLogger.java:143)- ==> Parameters: root(String)
2020-02-29 21:49:00,898 DEBUG (BaseJdbcLogger.java:143)- <==      Total: 2
2020-02-29 21:49:00,899 DEBUG (BaseJdbcLogger.java:143)- ==>  Preparing: SELECT t.MENU_ID as "menuId", t.MENU_NAME as "menuName", t.PARENT_ID as "parentId", t.TYPE as "type", t.SORT as "sort", t.ICON as "icon", t.IS_SHOW as "isShow", t.STS as "sts" FROM MENU t WHERE PARENT_ID=? order by t.SORT 
2020-02-29 21:49:00,900 DEBUG (BaseJdbcLogger.java:143)- ==> Parameters: USR1000(String)
2020-02-29 21:49:00,902 DEBUG (BaseJdbcLogger.java:143)- <==      Total: 1
2020-02-29 21:49:00,903 DEBUG (BaseJdbcLogger.java:143)- ==>  Preparing: SELECT t.MENU_ID as "menuId", t.MENU_NAME as "menuName", t.PARENT_ID as "parentId", t.TYPE as "type", t.SORT as "sort", t.ICON as "icon", t.IS_SHOW as "isShow", t.STS as "sts" FROM MENU t WHERE PARENT_ID=? order by t.SORT 
2020-02-29 21:49:00,904 DEBUG (BaseJdbcLogger.java:143)- ==> Parameters: USR1010(String)
2020-02-29 21:49:00,905 DEBUG (BaseJdbcLogger.java:143)- <==      Total: 0
2020-02-29 21:49:00,907 DEBUG (BaseJdbcLogger.java:143)- ==>  Preparing: SELECT t.MENU_ID as "menuId", t.MENU_NAME as "menuName", t.PARENT_ID as "parentId", t.TYPE as "type", t.SORT as "sort", t.ICON as "icon", t.IS_SHOW as "isShow", t.STS as "sts" FROM MENU t WHERE PARENT_ID=? order by t.SORT 
2020-02-29 21:49:00,908 DEBUG (BaseJdbcLogger.java:143)- ==> Parameters: SYS1000(String)
2020-02-29 21:49:00,911 DEBUG (BaseJdbcLogger.java:143)- <==      Total: 4
2020-02-29 21:49:00,912 DEBUG (BaseJdbcLogger.java:143)- ==>  Preparing: SELECT t.MENU_ID as "menuId", t.MENU_NAME as "menuName", t.PARENT_ID as "parentId", t.TYPE as "type", t.SORT as "sort", t.ICON as "icon", t.IS_SHOW as "isShow", t.STS as "sts" FROM MENU t WHERE PARENT_ID=? order by t.SORT 
2020-02-29 21:49:00,912 DEBUG (BaseJdbcLogger.java:143)- ==> Parameters: SYS1010(String)
2020-02-29 21:49:00,914 DEBUG (BaseJdbcLogger.java:143)- <==      Total: 0
2020-02-29 21:49:00,915 DEBUG (BaseJdbcLogger.java:143)- ==>  Preparing: SELECT t.MENU_ID as "menuId", t.MENU_NAME as "menuName", t.PARENT_ID as "parentId", t.TYPE as "type", t.SORT as "sort", t.ICON as "icon", t.IS_SHOW as "isShow", t.STS as "sts" FROM MENU t WHERE PARENT_ID=? order by t.SORT 
2020-02-29 21:49:00,915 DEBUG (BaseJdbcLogger.java:143)- ==> Parameters: SYS1020(String)
2020-02-29 21:49:00,917 DEBUG (BaseJdbcLogger.java:143)- <==      Total: 0
